######## AREA: SIGNALS ########
DIFF rt_sigtimedwait01      docker[passed 19 failed 0 broken 0 ] carrick[TIMEOUT/P0 F1 B0 C0]
DIFF rt_sigqueueinfo01      docker[passed 2 failed 0 broken 0 ] carrick[passed 0 failed 1 broken 0 ]
DIFF sigaltstack01          docker[P1 F0 B0 C0] carrick[P0 F0 B4814 C0]
DIFF tgkill01               docker[passed 1 failed 0 broken 0 ] carrick[TIMEOUT/P1 F0 B10 C0]
DIFF tgkill02               docker[passed 1 failed 0 broken 0 ] carrick[passed 0 failed 0 broken 1 ]
DIFF tgkill03               docker[passed 6 failed 0 broken 0 ] carrick[passed 3 failed 3 broken 0 ]
DIFF tkill02                docker[passed 2 failed 0 broken 0 ] carrick[passed 1 failed 1 broken 0 ]
DIFF kill02                 docker[P2 F0 B0 C0] carrick[P0 F0 B3882 C0]
DIFF kill05                 docker[passed 1 failed 0 broken 0 ] carrick[passed 0 failed 0 broken 1 ]
DIFF kill06                 docker[passed 1 failed 0 broken 0 ] carrick[passed 0 failed 2 broken 0 ]
DIFF kill07                 docker[P1 F0 B0 C0] carrick[P0 F0 B2 C0]
DIFF kill08                 docker[P1 F0 B0 C0] carrick[P0 F1 B0 C0]
DIFF kill10                 docker[P1 F0 B0 C0] carrick[TIMEOUT/P0 F0 B3747 C0]
DIFF kill11                 docker[passed 24 failed 0 broken 0 ] carrick[TIMEOUT/]
DIFF kill12                 docker[P1 F0 B0 C0] carrick[TIMEOUT/]
DIFF kill13                 docker[P0 F0 B0 C1] carrick[P0 F0 B1 C0]
DIFF sigaction01            docker[P4 F0 B0 C0] carrick[P2 F2 B0 C0]
DIFF signal01               docker[passed 6 failed 0 broken 0 ] carrick[passed 3 failed 0 broken 1 ]
DIFF signal05               docker[passed 30 failed 0 broken 0 ] carrick[passed 13 failed 0 broken 0 ]
DIFF sigsuspend01           docker[passed 1 failed 0 broken 0 ] carrick[passed 0 failed 1 broken 0 ]
DIFF sighold02              docker[passed 1 failed 0 broken 0 ] carrick[passed 0 failed 0 broken 1 ]
DIFF sigrelse01             docker[P1 F0 B0 C0] carrick[P0 F0 B2 C0]
DIFF sigwait01              docker[passed 3 failed 0 broken 0 ] carrick[TIMEOUT/P0 F1 B0 C0]
DIFF sigwaitinfo01          docker[passed 9 failed 0 broken 0 ] carrick[TIMEOUT/P0 F1 B0 C0]
DIFF sigtimedwait01         docker[passed 11 failed 0 broken 0 ] carrick[TIMEOUT/P0 F1 B0 C0]
DIFF pause01                docker[passed 1 failed 0 broken 0 ] carrick[passed 0 failed 0 broken 1 ]
DIFF pause02                docker[P1 F0 B0 C0] carrick[P0 F0 B2 C0]
DIFF pause03                docker[P1 F0 B0 C0] carrick[P0 F0 B2 C0]
DIFF abort01                docker[passed 2 failed 0 broken 0 ] carrick[passed 1 failed 1 broken 0 ]
==== SIGNALS: MATCH=18 DIFF=29 N=47 ====

######## AREA: EPOLL ########
DIFF epoll_ctl02            docker[passed 9 failed 0 broken 0 ] carrick[passed 7 failed 2 broken 0 ]
DIFF epoll_ctl05            docker[passed 1 failed 0 broken 0 ] carrick[passed 0 failed 1 broken 0 ]
DIFF epoll_pwait01          docker[passed 4 failed 0 broken 0 ] carrick[TIMEOUT/P0 F0 B1 C0]
DIFF epoll_pwait02          docker[passed 2 failed 0 broken 0 ] carrick[passed 1 failed 0 broken 0 ]
DIFF epoll_pwait03          docker[passed 5 failed 9 broken 0 ] carrick[passed 7 failed 0 broken 0 ]
DIFF epoll_pwait04          docker[passed 2 failed 0 broken 0 ] carrick[passed 0 failed 1 broken 0 ]
DIFF epoll_pwait05          docker[passed 3 failed 0 broken 0 ] carrick[passed 0 failed 0 broken 0 ]
DIFF epoll_wait02           docker[passed 2 failed 5 broken 0 ] carrick[passed 7 failed 0 broken 0 ]
DIFF epoll_wait03           docker[passed 5 failed 0 broken 0 ] carrick[passed 2 failed 3 broken 0 ]
DIFF epoll_wait05           docker[passed 1 failed 0 broken 0 ] carrick[passed 0 failed 0 broken 1 ]
DIFF epoll_wait06           docker[passed 9 failed 0 broken 0 ] carrick[passed 0 failed 0 broken 1 ]
DIFF epoll_wait07           docker[passed 5 failed 0 broken 0 ] carrick[passed 4 failed 1 broken 0 ]
DIFF eventfd01              docker[passed 4 failed 0 broken 0 ] carrick[P0 F0 B1 C0]
DIFF eventfd02              docker[passed 5 failed 0 broken 0 ] carrick[P0 F0 B1 C0]
DIFF eventfd03              docker[passed 3 failed 0 broken 0 ] carrick[P0 F0 B1 C0]
DIFF eventfd04              docker[passed 3 failed 0 broken 0 ] carrick[P0 F0 B1 C0]
DIFF eventfd05              docker[passed 2 failed 0 broken 0 ] carrick[P0 F0 B1 C0]
DIFF eventfd2_03            docker[passed 2 failed 0 broken 0 ] carrick[passed 0 failed 0 broken 2 ]
DIFF pipe02                 docker[passed 1 failed 0 broken 0 ] carrick[passed 0 failed 0 broken 2 ]
DIFF pipe07                 docker[passed 2 failed 0 broken 0 ] carrick[passed 0 failed 0 broken 1 ]
DIFF pipe08                 docker[passed 1 failed 0 broken 0 ] carrick[passed 0 failed 1 broken 0 ]
DIFF pipe12                 docker[passed 6 failed 0 broken 0 ] carrick[passed 4 failed 2 broken 0 ]
DIFF pipe13                 docker[passed 4 failed 0 broken 0 ] carrick[passed 0 failed 0 broken 1 ]
DIFF pipe2_01               docker[passed 7 failed 0 broken 0 ] carrick[passed 4 failed 0 broken 1 ]
DIFF pipe2_02               docker[passed 1 failed 0 broken 0 ] carrick[passed 0 failed 0 broken 1 ]
DIFF pipe2_04               docker[passed 2 failed 0 broken 0 ] carrick[passed 0 failed 0 broken 1 ]
DIFF poll02                 docker[passed 2 failed 5 broken 0 ] carrick[passed 7 failed 0 broken 0 ]
DIFF ppoll01                docker[passed 20 failed 0 broken 0 ] carrick[passed 16 failed 4 broken 0 ]
DIFF pselect01              docker[passed 2 failed 5 broken 0 ] carrick[passed 7 failed 0 broken 0 ]
DIFF pselect02              docker[passed 3 failed 0 broken 0 ] carrick[TIMEOUT/P1 F0 B0 C0]
DIFF select01               docker[passed 16 failed 0 broken 0 ] carrick[passed 0 failed 0 broken 1 ]
DIFF select02               docker[passed 5 failed 9 broken 0 ] carrick[passed 14 failed 0 broken 0 ]
DIFF select03               docker[passed 16 failed 0 broken 0 ] carrick[passed 13 failed 3 broken 3 ]
DIFF fcntl05                docker[passed 6 failed 0 broken 0 ] carrick[passed 5 failed 1 broken 0 ]
==== EPOLL: MATCH=27 DIFF=34 N=61 ====

######## AREA: TIMERS ########
DIFF nanosleep01            docker[passed 2 failed 5 broken 0 ] carrick[passed 7 failed 0 broken 0 ]
DIFF clock_nanosleep01      docker[passed 12 failed 0 broken 0 ] carrick[passed 10 failed 2 broken 0 ]
DIFF clock_nanosleep02      docker[passed 3 failed 4 broken 0 ] carrick[passed 7 failed 0 broken 0 ]
DIFF clock_nanosleep03      docker[passed 0 failed 0 broken 1 ] carrick[P0 F0 B1 C0]
DIFF clock_gettime01        docker[passed 16 failed 0 broken 0 ] carrick[passed 0 failed 0 broken 0 ]
DIFF clock_gettime03        docker[passed 0 failed 0 broken 1 ] carrick[P0 F0 B1 C0]
DIFF clock_getres01         docker[passed 44 failed 0 broken 0 ] carrick[passed 36 failed 0 broken 0 ]
DIFF clock_settime02        docker[passed 0 failed 12 broken 0 passed 0 failed 12 broken 1 ] carrick[passed 11 failed 1 broken 0 passed 11 failed 1 broken 1 ]
DIFF clock_settime03        docker[passed 0 failed 0 broken 1 passed 0 failed 0 broken 2 ] carrick[passed 0 failed 0 broken 0 passed 0 failed 0 broken 1 ]
DIFF clock_adjtime01        docker[passed 1 failed 9 broken 0 passed 1 failed 9 broken 1 ] carrick[passed 0 failed 10 broken 0 passed 0 failed 10 broken 1 ]
DIFF clock_adjtime02        docker[passed 4 failed 3 broken 0 passed 4 failed 3 broken 1 ] carrick[passed 0 failed 7 broken 0 passed 0 failed 7 broken 1 ]
DIFF timer_create01         docker[passed 30 failed 10 broken 0 ] carrick[passed 0 failed 0 broken 0 ]
DIFF timer_create02         docker[passed 5 failed 0 broken 0 ] carrick[passed 0 failed 0 broken 0 ]
DIFF timer_create03         docker[passed 1 failed 0 broken 0 ] carrick[passed 0 failed 0 broken 0 ]
DIFF timer_delete01         docker[passed 6 failed 2 broken 0 ] carrick[passed 0 failed 0 broken 0 ]
DIFF timer_delete02         docker[passed 1 failed 0 broken 0 ] carrick[passed 0 failed 0 broken 0 ]
DIFF timer_gettime01        docker[passed 3 failed 0 broken 0 ] carrick[passed 0 failed 0 broken 0 ]
DIFF timer_settime01        docker[passed 24 failed 8 broken 0 ] carrick[passed 0 failed 0 broken 0 ]
DIFF timer_settime02        docker[passed 36 failed 12 broken 0 ] carrick[passed 0 failed 0 broken 0 ]
DIFF timer_settime03        docker[passed 1 failed 0 broken 0 ] carrick[passed 0 failed 0 broken 1 ]
DIFF timer_getoverrun01     docker[passed 2 failed 0 broken 0 ] carrick[passed 0 failed 0 broken 0 ]
DIFF timerfd_settime02      docker[passed 1 failed 0 broken 0 ] carrick[passed 0 failed 0 broken 1 ]
DIFF timerfd04              docker[passed 0 failed 0 broken 1 ] carrick[P0 F0 B1 C0]
DIFF setitimer01            docker[passed 18 failed 0 broken 0 ] carrick[passed 0 failed 3 broken 3 ]
DIFF getitimer01            docker[passed 30 failed 0 broken 0 ] carrick[passed 26 failed 4 broken 0 ]
DIFF alarm05                docker[passed 3 failed 0 broken 0 ] carrick[passed 2 failed 1 broken 0 ]
DIFF alarm07                docker[passed 2 failed 0 broken 0 ] carrick[passed 1 failed 1 broken 0 ]
DIFF gettimeofday02         docker[passed 1 failed 0 broken 0 ] carrick[passed 0 failed 0 broken 0 ]
DIFF times03                docker[passed 12 failed 0 broken 0 ] carrick[TIMEOUT/P2 F0 B0 C0]
==== TIMERS: MATCH=19 DIFF=29 N=48 ====

######## AREA: SCHED ########
DIFF sched_setaffinity01    docker[passed 4 failed 0 broken 0 ] carrick[passed 0 failed 0 broken 0 ]
DIFF gettid01               docker[passed 2 failed 0 broken 0 ] carrick[passed 1 failed 1 broken 0 ]
DIFF getcpu01               docker[passed 1 failed 0 broken 0 ] carrick[passed 0 failed 0 broken 1 ]
DIFF futex_wait02           docker[passed 1 failed 0 broken 0 ] carrick[TIMEOUT/P0 F0 B1 C0]
DIFF futex_wait03           docker[passed 1 failed 0 broken 0 ] carrick[passed 0 failed 0 broken 1 ]
DIFF futex_wait05           docker[passed 2 failed 5 broken 0 ] carrick[passed 7 failed 0 broken 0 ]
DIFF futex_wake02           docker[passed 11 failed 0 broken 0 ] carrick[passed 0 failed 0 broken 1 ]
DIFF futex_wake03           docker[passed 11 failed 0 broken 0 ] carrick[passed 0 failed 0 broken 1 ]
DIFF futex_wake04           docker[P0 F0 B1 C0] carrick[P0 F0 B0 C1]
DIFF futex_cmp_requeue01    docker[passed 7 failed 0 broken 0 ] carrick[passed 0 failed 0 broken 1 ]
DIFF futex_wait_bitset01    docker[passed 2 failed 0 broken 0 ] carrick[TIMEOUT/]
DIFF clone02                docker[P2 F0 B0 C0] carrick[P0 F0 B3158 C0]
DIFF clone03                docker[passed 1 failed 0 broken 0 ] carrick[passed 0 failed 1 broken 0 ]
DIFF clone05                docker[passed 1 failed 0 broken 0 ] carrick[passed 0 failed 1 broken 0 ]
DIFF clone08                docker[passed 5 failed 0 broken 0 ] carrick[passed 0 failed 5 broken 0 ]
DIFF clone301               docker[passed 0 failed 0 broken 0 ] carrick[passed 0 failed 4 broken 1 ]
DIFF clone302               docker[passed 1 failed 0 broken 0 ] carrick[passed 3 failed 9 broken 0 ]
DIFF clone303               docker[passed 0 failed 0 broken 0 ] carrick[passed 0 failed 0 broken 1 ]
DIFF sched_get_priority_max01 docker[passed 6 failed 0 broken 0 ] carrick[passed 0 failed 0 broken 0 ]
DIFF sched_get_priority_min01 docker[passed 6 failed 0 broken 0 ] carrick[passed 0 failed 0 broken 0 ]
DIFF sched_getparam01       docker[passed 4 failed 0 broken 0 ] carrick[passed 0 failed 0 broken 0 ]
DIFF sched_getscheduler01   docker[passed 2 failed 4 broken 0 ] carrick[passed 0 failed 0 broken 0 ]
DIFF sched_rr_get_interval01 docker[passed 4 failed 4 broken 0 ] carrick[passed 0 failed 0 broken 0 ]
DIFF sched_setparam01       docker[passed 2 failed 0 broken 0 ] carrick[passed 0 failed 0 broken 0 ]
DIFF sched_setscheduler01   docker[passed 8 failed 0 broken 0 ] carrick[passed 0 failed 0 broken 0 ]
==== SCHED: MATCH=13 DIFF=25 N=38 ====

ALL DONE
