MATCH          test_math                    docker(n=78,SUCCESS) carrick(n=78,SUCCESS) ndiff=0 [1s/3s]
DIFF           test_json                    docker(n=174,SUCCESS) carrick(n=107,None) ndiff=68 [13s/3s]
DIFF           test_struct                  docker(n=38,SUCCESS) carrick(n=38,FAILURE) ndiff=1 [0s/3s]
MATCH          test_array                   docker(n=814,SUCCESS) carrick(n=814,SUCCESS) ndiff=0 [1s/3s]
MATCH          test_collections             docker(n=97,SUCCESS) carrick(n=97,SUCCESS) ndiff=0 [1s/3s]
DIFF           test_itertools               docker(n=140,SUCCESS) carrick(n=140,FAILURE) ndiff=1 [1s/4s]
MATCH          test_decimal                 docker(n=647,SUCCESS) carrick(n=647,SUCCESS) ndiff=0 [1s/4s]
MATCH          test_grp                     docker(n=4,SUCCESS) carrick(n=4,SUCCESS) ndiff=0 [0s/3s]
MATCH          test_pwd                     docker(n=3,SUCCESS) carrick(n=3,SUCCESS) ndiff=0 [0s/3s]
MATCH          test_errno                   docker(n=3,SUCCESS) carrick(n=3,SUCCESS) ndiff=0 [0s/3s]
DIFF           test_time                    docker(n=62,SUCCESS) carrick(n=62,FAILURE) ndiff=1 [3s/6s]
DIFF           test_stat                    docker(n=16,SUCCESS) carrick(n=16,FAILURE) ndiff=2 [0s/3s]
DIFF           test_tempfile                docker(n=115,SUCCESS) carrick(n=115,FAILURE) ndiff=32 [1s/5s]
DIFF           test_glob                    docker(n=18,SUCCESS) carrick(n=18,FAILURE) ndiff=15 [0s/3s]
DIFF           test_posixpath               docker(n=87,SUCCESS) carrick(n=87,FAILURE) ndiff=5 [1s/11s]
MATCH          test_contextlib              docker(n=90,SUCCESS) carrick(n=90,SUCCESS) ndiff=0 [0s/3s]
DIFF           test_base64                  docker(n=35,SUCCESS) carrick(n=35,FAILURE) ndiff=5 [0s/3s]
MATCH          test_binascii                docker(n=69,SUCCESS) carrick(n=69,SUCCESS) ndiff=0 [0s/3s]
DIFF           test_hashlib                 docker(n=78,SUCCESS) carrick(n=71,None) ndiff=8 [1s/2s]
MATCH          test_random                  docker(n=101,SUCCESS) carrick(n=101,SUCCESS) ndiff=0 [1s/5s]
MATCH          test_heapq                   docker(n=50,SUCCESS) carrick(n=50,SUCCESS) ndiff=0 [1s/3s]
DIFF           test_fcntl                   docker(n=11,SUCCESS) carrick(n=11,FAILURE) ndiff=4 [0s/3s]
MATCH          test_fileio                  docker(n=93,SUCCESS) carrick(n=93,SUCCESS) ndiff=0 [0s/3s]
DIFF           test_io                      docker(n=642,SUCCESS) carrick(n=630,None) ndiff=26 [10s/14s]
DIFF           test_mmap                    docker(n=41,SUCCESS) carrick(n=1,None) ndiff=41 [1s/3s]
DIFF           test_select                  docker(n=6,SUCCESS) carrick(n=6,FAILURE) ndiff=1 [2s/4s]
MATCH          test_selectors               docker(n=121,SUCCESS) carrick(n=121,SUCCESS) ndiff=0 [15s/17s]
DIFF           test_signal                  docker(n=53,FAILURE) carrick(n=37,None) ndiff=32 [15s/35s]
DOCKER_TIMEOUT test_threading               docker(n=141,None) carrick(n=199,FAILURE) ndiff=75 [200s/14s]
DIFF           test_thread                  docker(n=24,SUCCESS) carrick(n=24,FAILURE) ndiff=1 [1s/3s]
DIFF           test_subprocess              docker(n=320,SUCCESS) carrick(n=1,FAILURE) ndiff=321 [20s/3s]
DIFF           test_posix                   docker(n=166,SUCCESS) carrick(n=166,FAILURE) ndiff=45 [1s/11s]
DIFF           test_resource                docker(n=11,SUCCESS) carrick(n=11,FAILURE) ndiff=1 [0s/3s]
DIFF           test_pty                     docker(n=4,SUCCESS) carrick(n=4,FAILURE) ndiff=1 [0s/3s]
MATCH          test_fork1                   docker(n=2,SUCCESS) carrick(n=2,SUCCESS) ndiff=0 [6s/9s]
DIFF           test_wait3                   docker(n=3,SUCCESS) carrick(n=3,FAILURE) ndiff=1 [5s/9s]
MATCH          test_wait4                   docker(n=2,SUCCESS) carrick(n=2,SUCCESS) ndiff=0 [5s/9s]
BOTH_EMPTY     test_pipe                    docker(n=0,FAILURE) carrick(n=0,FAILURE) ndiff=0 [0s/3s]
CARRICK_TIMEOUT test_os                      docker(n=337,FAILURE) carrick(n=305,None) ndiff=97 [1s/200s]
CARRICK_TIMEOUT test_socket                  docker(n=732,SUCCESS) carrick(n=404,None) ndiff=438 [28s/200s]
MATCH          test_memoryview              docker(n=144,SUCCESS) carrick(n=144,SUCCESS) ndiff=0 [0s/4s]
