baseline: 408 to run (1028 already recorded) in areas ['epoll_poll', 'fs', 'ipc', 'mm', 'net', 'other', 'process', 'sched', 'signals', 'timers', 'xattr']
[1/408] DIFF      epoll_poll/epoll_ctl05 docker(1, 0, 0, 0) carrick(0, 1, 0, 0)
[2/408] MATCH_PARTIAL epoll_poll/epoll_pwait01 docker(4, 0, 0, 0) carrick(2, 0, 0, 0)
[3/408] MATCH_PARTIAL epoll_poll/epoll_pwait02 docker(2, 0, 0, 0) carrick(1, 0, 0, 0)
[4/408] MATCH_PARTIAL epoll_poll/epoll_pwait04 docker(2, 0, 0, 0) carrick(1, 0, 0, 0)
[5/408] DIFF      epoll_poll/epoll_pwait05 docker(3, 0, 0, 0) carrick(0, 0, 0, 0)
[6/408] DIFF      epoll_poll/epoll_wait03 docker(5, 0, 0, 0) carrick(4, 1, 0, 0)
[7/408] TBROK     epoll_poll/epoll_wait06 docker(9, 0, 0, 0) carrick(0, 0, 1, 0)
[8/408] DIFF      epoll_poll/eventfd04 docker(3, 0, 0, 0) carrick(2, 1, 0, 0)
[9/408] TBROK     epoll_poll/eventfd05 docker(2, 0, 0, 0) carrick(1, 0, 1, 0)
[10/408] TBROK     epoll_poll/eventfd2_03 docker(2, 0, 0, 0) carrick(0, 0, 1, 0)
[11/408] TBROK     epoll_poll/pipe02 docker(1, 0, 0, 0) carrick(0, 1, 1, 0)
[12/408] DIFF      epoll_poll/pipe08 docker(1, 0, 0, 0) carrick(0, 1, 0, 0)
[13/408] DIFF      epoll_poll/pipe12 docker(6, 0, 0, 0) carrick(4, 2, 0, 0)
[14/408] MATCH     epoll_poll/pipe13 docker(4, 0, 0, 0) carrick(4, 0, 0, 0)
[15/408] TBROK     epoll_poll/pipe15 docker(1, 0, 0, 0) carrick(0, 0, 1, 0)
[16/408] TBROK     epoll_poll/pipe2_02 docker(1, 0, 0, 0) carrick(0, 0, 1, 0)
[17/408] TBROK     epoll_poll/pipe2_04 docker(2, 0, 0, 0) carrick(0, 0, 1, 0)
[18/408] TBROK     epoll_poll/ppoll01 docker(20, 0, 0, 0) carrick(9, 3, 1, 0)
[19/408] TBROK     epoll_poll/pselect02 docker(3, 0, 0, 0) carrick(1, 0, 1, 0)
[20/408] TBROK     epoll_poll/pselect02_64 docker(3, 0, 0, 0) carrick(1, 0, 1, 0)
[21/408] TBROK     epoll_poll/select01 docker(16, 0, 0, 0) carrick(0, 0, 1, 0)
[22/408] TBROK     epoll_poll/select03 docker(16, 0, 0, 0) carrick(8, 0, 1, 0)
[23/408] TBROK     fs/access02 docker(16, 0, 0, 0) carrick(6, 0, 1, 0)
[24/408] DIFF      fs/chroot01 docker(1, 0, 0, 0) carrick(0, 1, 0, 0)
[25/408] DIFF      fs/chroot02 docker(2, 0, 0, 0) carrick(0, 1, 0, 0)
[26/408] DIFF      fs/chroot03 docker(5, 0, 0, 0) carrick(0, 5, 0, 0)
[27/408] DIFF      fs/chroot04 docker(1, 0, 0, 0) carrick(0, 1, 0, 0)
[28/408] DIFF      fs/creat01 docker(6, 0, 0, 0) carrick(4, 2, 0, 0)
[29/408] TBROK     fs/creat08 docker(9, 0, 0, 0) carrick(6, 3, 1, 0)
[30/408] TBROK     fs/dup05 docker(1, 0, 0, 0) carrick(0, 0, 1, 0)
[31/408] DIFF      fs/fallocate02 docker(8, 0, 0, 0) carrick(6, 2, 0, 0)
[32/408] DIFF      fs/fchmod04 docker(1, 0, 0, 0) carrick(0, 1, 0, 0)
[33/408] DIFF      fs/fchmod05 docker(1, 0, 0, 0) carrick(0, 1, 0, 0)
[34/408] DIFF      fs/fchownat02 docker(1, 0, 0, 0) carrick(0, 1, 0, 0)
[35/408] DIFF      fs/fcntl05 docker(6, 0, 0, 0) carrick(5, 1, 0, 0)
[36/408] DIFF      fs/fcntl05_64 docker(6, 0, 0, 0) carrick(5, 1, 0, 0)
[37/408] TBROK     fs/fcntl07 docker(4, 0, 0, 0) carrick(0, 0, 2, 0)
[38/408] TBROK     fs/fcntl07_64 docker(4, 0, 0, 0) carrick(0, 0, 2, 0)
[39/408] DIFF      fs/fcntl13 docker(4, 0, 0, 0) carrick(2, 2, 0, 0)
[40/408] DIFF      fs/fcntl13_64 docker(4, 0, 0, 0) carrick(2, 2, 0, 0)
[41/408] TBROK     fs/fcntl14 docker(2, 0, 0, 0) carrick(0, 1, 1, 0)
[42/408] TBROK     fs/fcntl14_64 docker(2, 0, 0, 0) carrick(0, 1, 1, 0)
[43/408] DIFF      fs/fcntl15 docker(12, 0, 0, 0) carrick(10, 2, 0, 0)
[44/408] TBROK     fs/fcntl15_64 docker(12, 0, 0, 0) carrick(2, 2, 2, 0)
[45/408] DIFF      fs/fcntl17 docker(1, 0, 0, 0) carrick(0, 2, 0, 0)
[46/408] DIFF      fs/fcntl17_64 docker(1, 0, 0, 0) carrick(0, 2, 0, 0)
[47/408] MATCH     fs/fcntl23 docker(1, 0, 0, 0) carrick(1, 0, 0, 0)
[48/408] MATCH     fs/fcntl23_64 docker(1, 0, 0, 0) carrick(1, 0, 0, 0)
[49/408] MATCH     fs/fcntl24 docker(1, 0, 0, 0) carrick(1, 0, 0, 0)
[50/408] MATCH     fs/fcntl24_64 docker(1, 0, 0, 0) carrick(1, 0, 0, 0)
[51/408] MATCH     fs/fcntl25 docker(1, 0, 0, 0) carrick(1, 0, 0, 0)
[52/408] MATCH     fs/fcntl25_64 docker(1, 0, 0, 0) carrick(1, 0, 0, 0)
[53/408] MATCH     fs/fcntl26 docker(1, 0, 0, 0) carrick(1, 0, 0, 0)
[54/408] MATCH     fs/fcntl26_64 docker(1, 0, 0, 0) carrick(1, 0, 0, 0)
[55/408] MATCH     fs/fcntl27 docker(2, 0, 0, 0) carrick(2, 0, 0, 0)
[56/408] MATCH     fs/fcntl27_64 docker(2, 0, 0, 0) carrick(2, 0, 0, 0)
[57/408] TBROK     fs/fcntl30 docker(4, 0, 0, 0) carrick(0, 0, 1, 0)
[58/408] TBROK     fs/fcntl30_64 docker(4, 0, 0, 0) carrick(0, 0, 1, 0)
[59/408] DIFF      fs/fcntl31 docker(5, 0, 0, 0) carrick(0, 1, 0, 0)
[60/408] DIFF      fs/fcntl31_64 docker(5, 0, 0, 0) carrick(0, 1, 0, 0)
[61/408] DIFF      fs/fcntl32 docker(9, 0, 0, 0) carrick(0, 9, 0, 0)
[62/408] DIFF      fs/fcntl32_64 docker(9, 0, 0, 0) carrick(0, 9, 0, 0)
[63/408] TBROK     fs/fcntl34 docker(1, 0, 0, 0) carrick(0, 0, 1, 0)
[64/408] TBROK     fs/fcntl34_64 docker(1, 0, 0, 0) carrick(0, 0, 1, 0)
[65/408] TBROK     fs/fcntl37 docker(3, 0, 0, 0) carrick(0, 0, 1, 0)
[66/408] TBROK     fs/fcntl37_64 docker(3, 0, 0, 0) carrick(0, 0, 1, 0)
[67/408] DIFF      fs/fcntl38 docker(2, 0, 0, 0) carrick(0, 0, 0, 1)
[68/408] DIFF      fs/fcntl38_64 docker(2, 0, 0, 0) carrick(0, 0, 0, 1)
[69/408] DIFF      fs/fcntl39 docker(4, 0, 0, 0) carrick(0, 0, 0, 1)
[70/408] DIFF      fs/fcntl39_64 docker(4, 0, 0, 0) carrick(0, 0, 0, 1)
[71/408] DIFF      fs/fstatat01 docker(6, 0, 0, 0) carrick(5, 1, 0, 0)
[72/408] TBROK     fs/fsync03 docker(5, 0, 0, 0) carrick(0, 0, 1, 0)
[73/408] TBROK     fs/getcwd04 docker(1, 0, 0, 0) carrick(0, 0, 1, 0)
[74/408] DIFF      fs/link04 docker(14, 0, 0, 0) carrick(10, 4, 0, 0)
[75/408] TBROK     fs/linkat01 docker(22, 0, 0, 0) carrick(0, 0, 2, 0)
[76/408] TBROK     fs/lseek02 docker(15, 0, 0, 0) carrick(0, 0, 1, 0)
[77/408] DIFF      fs/lseek11 docker(15, 0, 0, 0) carrick(0, 0, 0, 0)
[78/408] DIFF      fs/lstat02 docker(6, 0, 0, 0) carrick(3, 3, 0, 0)
[79/408] DIFF      fs/lstat02_64 docker(6, 0, 0, 0) carrick(3, 3, 0, 0)
[80/408] DIFF      fs/mkdir02 docker(1, 0, 0, 0) carrick(0, 2, 0, 0)
[81/408] DIFF      fs/mkdir04 docker(1, 0, 0, 0) carrick(0, 1, 0, 0)
[82/408] TBROK     fs/mknod01 docker(7, 0, 0, 0) carrick(1, 1, 1, 0)
[83/408] TBROK     fs/mknod02 docker(2, 0, 0, 0) carrick(0, 1, 1, 0)
[84/408] DIFF      fs/mknod03 docker(1, 0, 0, 0) carrick(0, 1, 0, 0)
[85/408] DIFF      fs/mknod04 docker(1, 0, 0, 0) carrick(0, 1, 0, 0)
[86/408] DIFF      fs/mknod05 docker(1, 0, 0, 0) carrick(0, 1, 0, 0)
[87/408] TBROK     fs/mknod06 docker(6, 0, 0, 0) carrick(0, 0, 2, 0)
[88/408] DIFF      fs/mknod08 docker(1, 0, 0, 0) carrick(0, 1, 0, 0)
[89/408] DIFF      fs/mknod09 docker(1, 0, 0, 0) carrick(0, 1, 0, 0)
[90/408] DIFF      fs/open02 docker(2, 0, 0, 0) carrick(1, 1, 0, 0)
[91/408] TBROK     fs/open06 docker(1, 0, 0, 0) carrick(0, 0, 1, 0)
[92/408] TBROK     fs/open07 docker(5, 0, 0, 0) carrick(0, 0, 1, 0)
[93/408] DIFF      fs/open08 docker(6, 0, 0, 0) carrick(5, 1, 0, 0)
[94/408] DIFF      fs/open09 docker(2, 0, 0, 0) carrick(1, 1, 0, 0)
[95/408] TBROK     fs/open10 docker(9, 0, 0, 0) carrick(6, 3, 1, 0)
[96/408] TBROK     fs/open11 docker(28, 0, 0, 0) carrick(0, 0, 1, 0)
[97/408] DIFF      fs/open13 docker(5, 0, 0, 0) carrick(0, 5, 0, 0)
[98/408] TBROK     fs/open14 docker(3, 0, 0, 0) carrick(0, 0, 2, 0)
[99/408] DIFF      fs/openat02 docker(5, 0, 0, 1) carrick(4, 1, 0, 1)
[100/408] TBROK     fs/openat03 docker(3, 0, 0, 0) carrick(0, 0, 2, 0)
[101/408] MATCH     fs/openat201 docker(16, 0, 0, 0) carrick(16, 0, 0, 0)
[102/408] DIFF      fs/openat202 docker(9, 0, 0, 0) carrick(3, 6, 0, 0)
[103/408] MATCH     fs/openat203 docker(9, 0, 0, 0) carrick(9, 0, 0, 0)
[104/408] MATCH     fs/pread02 docker(3, 0, 0, 0) carrick(3, 0, 0, 0)
[105/408] MATCH     fs/pread02_64 docker(3, 0, 0, 0) carrick(3, 0, 0, 0)
[106/408] DIFF      fs/preadv02 docker(8, 0, 0, 0) carrick(7, 1, 0, 0)
[107/408] DIFF      fs/preadv02_64 docker(8, 0, 0, 0) carrick(7, 1, 0, 0)
[108/408] DIFF      fs/preadv202 docker(8, 0, 0, 0) carrick(7, 1, 0, 0)
[109/408] DIFF      fs/preadv202_64 docker(8, 0, 0, 0) carrick(7, 1, 0, 0)
[110/408] DIFF      fs/pwrite03 docker(1, 0, 0, 0) carrick(0, 1, 0, 0)
[111/408] DIFF      fs/pwrite03_64 docker(1, 0, 0, 0) carrick(0, 1, 0, 0)
[112/408] DIFF      fs/pwrite04 docker(1, 0, 0, 0) carrick(1, 1, 0, 0)
[113/408] DIFF      fs/pwrite04_64 docker(1, 0, 0, 0) carrick(1, 1, 0, 0)
[114/408] DIFF      fs/pwritev01 docker(3, 0, 0, 0) carrick(2, 1, 0, 0)
[115/408] DIFF      fs/pwritev01_64 docker(3, 0, 0, 0) carrick(2, 1, 0, 0)
[116/408] DIFF      fs/pwritev201 docker(6, 0, 0, 0) carrick(5, 1, 0, 0)
[117/408] DIFF      fs/pwritev201_64 docker(6, 0, 0, 0) carrick(5, 1, 0, 0)
[118/408] TBROK     fs/read03 docker(1, 0, 0, 0) carrick(0, 0, 1, 0)
[119/408] DIFF      fs/readahead01 docker(14, 0, 0, 0) carrick(0, 0, 0, 0)
[120/408] DIFF      fs/readlink03 docker(8, 0, 0, 0) carrick(5, 3, 0, 0)
[121/408] DIFF      fs/readlinkat01 docker(12, 0, 0, 0) carrick(10, 2, 0, 0)
[122/408] MATCH     fs/readv02 docker(5, 0, 0, 0) carrick(5, 0, 0, 0)
[123/408] TBROK     fs/rename09 docker(1, 0, 0, 0) carrick(0, 1, 1, 0)
[124/408] DIFF      fs/renameat201 docker(6, 0, 0, 0) carrick(4, 2, 0, 0)
[125/408] DIFF      fs/renameat202 docker(1, 0, 0, 0) carrick(0, 1, 0, 0)
[126/408] DIFF      fs/rmdir03 docker(2, 0, 0, 0) carrick(0, 2, 0, 0)
[127/408] DIFF      fs/sendfile03 docker(4, 0, 0, 0) carrick(3, 1, 0, 0)
[128/408] DIFF      fs/sendfile03_64 docker(4, 0, 0, 0) carrick(3, 1, 0, 0)
[129/408] DIFF      fs/sendfile04 docker(5, 0, 0, 0) carrick(1, 4, 0, 0)
[130/408] DIFF      fs/sendfile04_64 docker(5, 0, 0, 0) carrick(1, 4, 0, 0)
[131/408] DIFF      fs/sendfile06 docker(1, 0, 0, 0) carrick(0, 1, 0, 0)
[132/408] DIFF      fs/sendfile06_64 docker(1, 0, 0, 0) carrick(0, 1, 0, 0)
[133/408] TBROK     fs/sendfile07 docker(1, 0, 0, 0) carrick(0, 0, 1, 0)
[134/408] TBROK     fs/sendfile07_64 docker(1, 0, 0, 0) carrick(0, 0, 1, 0)
[135/408] DIFF      fs/sendfile09 docker(2, 0, 0, 0) carrick(0, 0, 0, 0)
[136/408] DIFF      fs/sendfile09_64 docker(2, 0, 0, 0) carrick(0, 0, 0, 0)
[137/408] DIFF      fs/splice03 docker(7, 0, 0, 0) carrick(3, 4, 0, 0)
[138/408] TBROK     fs/splice05 docker(1, 0, 0, 0) carrick(0, 0, 1, 0)
[139/408] DIFF      fs/splice07 docker(279, 0, 0, 0) carrick(236, 12, 0, 0)
[140/408] DIFF      fs/splice08 docker(36, 0, 0, 0) carrick(28, 8, 0, 0)
[141/408] DIFF      fs/stat03 docker(6, 0, 0, 0) carrick(4, 2, 0, 0)
[142/408] DIFF      fs/stat03_64 docker(6, 0, 0, 0) carrick(4, 2, 0, 0)
[143/408] DIFF      fs/statfs02 docker(6, 0, 0, 0) carrick(5, 1, 0, 0)
[144/408] DIFF      fs/statfs02_64 docker(6, 0, 0, 0) carrick(5, 1, 0, 0)
[145/408] DIFF      fs/statfs03 docker(1, 0, 0, 0) carrick(0, 1, 0, 0)
[146/408] DIFF      fs/statfs03_64 docker(1, 0, 0, 0) carrick(0, 1, 0, 0)
[147/408] DIFF      fs/statvfs02 docker(5, 0, 0, 0) carrick(4, 1, 0, 0)
[148/408] TBROK     fs/statx01 docker(12, 0, 0, 0) carrick(0, 0, 1, 0)
[149/408] DIFF      fs/statx03 docker(7, 0, 0, 0) carrick(6, 1, 0, 0)
[150/408] DIFF      fs/symlink03 docker(6, 0, 0, 0) carrick(5, 1, 0, 0)
[151/408] DIFF      fs/symlinkat01 docker(10, 0, 0, 0) carrick(8, 2, 0, 0)
[152/408] DIFF      fs/sync_file_range01 docker(5, 0, 0, 0) carrick(0, 0, 0, 0)
[153/408] TBROK     fs/tee01 docker(1, 0, 0, 0) carrick(0, 0, 1, 0)
[154/408] DIFF      fs/tee02 docker(3, 0, 0, 0) carrick(0, 3, 0, 0)
[155/408] DIFF      fs/truncate03 docker(8, 0, 0, 0) carrick(5, 3, 0, 0)
[156/408] DIFF      fs/truncate03_64 docker(8, 0, 0, 0) carrick(5, 3, 0, 0)
[157/408] TBROK     fs/unlink05 docker(2, 0, 0, 0) carrick(1, 0, 1, 0)
[158/408] DIFF      fs/unlink08 docker(4, 0, 0, 0) carrick(2, 2, 0, 0)
[159/408] DIFF      fs/utime07 docker(5, 0, 0, 0) carrick(1, 4, 0, 0)
[160/408] TBROK     fs/vmsplice01 docker(1, 0, 0, 0) carrick(0, 0, 1, 0)
[161/408] DIFF      fs/vmsplice02 docker(3, 0, 0, 0) carrick(0, 3, 0, 0)
[162/408] TBROK     fs/vmsplice03 docker(1, 0, 0, 0) carrick(0, 0, 1, 0)
[163/408] TBROK     fs/vmsplice04 docker(2, 0, 0, 0) carrick(0, 0, 1, 0)
[164/408] DIFF      fs/write02 docker(2, 0, 0, 0) carrick(0, 2, 0, 0)
[165/408] TBROK     fs/write04 docker(1, 0, 0, 0) carrick(0, 0, 1, 0)
[166/408] DIFF      fs/write05 docker(3, 0, 0, 0) carrick(3, 1, 0, 0)
[167/408] DIFF      fs/writev07 docker(8, 0, 0, 0) carrick(2, 6, 0, 0)
[168/408] TBROK     ipc/mq_notify01 docker(7, 0, 0, 0) carrick(0, 0, 1, 0)
[169/408] DIFF      ipc/mq_notify02 docker(2, 0, 0, 0) carrick(0, 2, 0, 0)
[170/408] TBROK     ipc/mq_notify03 docker(7, 0, 0, 0) carrick(0, 0, 1, 0)
[171/408] TBROK     ipc/mq_timedreceive01 docker(30, 0, 0, 0) carrick(0, 0, 1, 0)
[172/408] TBROK     ipc/mq_timedsend01 docker(34, 0, 0, 0) carrick(0, 0, 1, 0)
[173/408] TBROK     ipc/mq_unlink01 docker(4, 0, 0, 0) carrick(0, 0, 1, 0)
[174/408] DIFF      ipc/msgctl01 docker(14, 0, 0, 0) carrick(12, 2, 0, 0)
[175/408] DIFF      ipc/msgctl02 docker(2, 0, 0, 0) carrick(1, 1, 0, 0)
[176/408] DIFF      ipc/msgctl04 docker(12, 0, 0, 0) carrick(7, 5, 0, 0)
[177/408] DIFF      ipc/msgctl06 docker(10, 0, 0, 0) carrick(0, 0, 0, 0)
[178/408] TBROK     ipc/msgctl12 docker(3, 0, 0, 0) carrick(0, 0, 1, 0)
[179/408] TBROK     ipc/msgrcv02 docker(8, 0, 0, 0) carrick(3, 1, 1, 0)
[180/408] DIFF      ipc/msgrcv03 docker(3, 0, 0, 0) carrick(0, 0, 0, 1)
[181/408] DIFF      ipc/msgrcv07 docker(15, 0, 0, 0) carrick(11, 2, 0, 0)
[182/408] DIFF      ipc/msgsnd02 docker(6, 0, 0, 0) carrick(5, 1, 0, 0)
[183/408] TBROK     ipc/semctl01 docker(13, 0, 0, 0) carrick(2, 2, 1, 0)
[184/408] DIFF      ipc/semctl03 docker(6, 0, 0, 0) carrick(5, 1, 0, 0)
[185/408] DIFF      ipc/semctl04 docker(2, 0, 0, 0) carrick(0, 2, 0, 0)
[186/408] DIFF      ipc/semctl05 docker(3, 0, 0, 0) carrick(2, 1, 0, 0)
[187/408] TBROK     ipc/semctl07 docker(16, 0, 0, 0) carrick(16, 0, 1, 0)
[188/408] DIFF      ipc/semctl09 docker(16, 0, 0, 0) carrick(0, 0, 0, 0)
[189/408] TBROK     ipc/semget01 docker(3, 0, 0, 0) carrick(3, 0, 1, 0)
[190/408] DIFF      ipc/semget02 docker(6, 0, 0, 0) carrick(4, 2, 0, 0)
[191/408] DIFF      ipc/semget05 docker(1, 0, 0, 0) carrick(0, 0, 0, 0)
[192/408] TBROK     ipc/semop02 docker(23, 0, 0, 0) carrick(0, 0, 1, 0)
[193/408] TBROK     ipc/semop03 docker(8, 0, 0, 0) carrick(4, 0, 1, 0)
[194/408] TBROK     mm/madvise02 docker(10, 0, 0, 0) carrick(0, 0, 1, 0)
[195/408] TBROK     mm/madvise05 docker(1, 0, 0, 0) carrick(0, 0, 1, 0)
[196/408] MATCH_PARTIAL mm/madvise10 docker(12, 0, 0, 0) carrick(3, 0, 0, 0)
[197/408] DIFF      mm/memfd_create01 docker(157, 0, 0, 0) carrick(0, 0, 0, 0)
[198/408] DIFF      mm/memfd_create02 docker(14, 0, 0, 0) carrick(0, 0, 0, 0)
[199/408] DIFF      mm/memfd_create04 docker(9, 0, 0, 0) carrick(0, 0, 0, 0)
[200/408] TBROK     mm/mincore01 docker(4, 0, 0, 0) carrick(1, 1, 2, 0)
[201/408] TBROK     mm/mincore02 docker(2, 0, 0, 0) carrick(0, 0, 1, 0)
[202/408] DIFF      mm/mincore03 docker(2, 0, 0, 0) carrick(1, 1, 0, 0)
[203/408] TBROK     mm/mlock04 docker(1, 0, 0, 0) carrick(1, 0, 1, 0)
[204/408] TBROK     mm/mlock05 docker(2, 0, 0, 0) carrick(0, 0, 1, 0)
[205/408] DIFF      mm/mlock201 docker(8, 0, 0, 0) carrick(0, 0, 0, 0)
[206/408] DIFF      mm/mlock203 docker(1, 0, 0, 0) carrick(0, 0, 0, 0)
[207/408] DIFF      mm/mmap01 docker(1, 0, 0, 0) carrick(1, 1, 0, 0)
[208/408] TBROK     mm/mmap02 docker(1, 0, 0, 0) carrick(1, 0, 1, 0)
[209/408] TBROK     mm/mmap04 docker(14, 0, 0, 0) carrick(0, 0, 1, 0)
[210/408] TBROK     mm/mmap05 docker(1, 0, 0, 0) carrick(0, 1, 1, 0)
[211/408] TBROK     mm/mmap06 docker(8, 0, 0, 0) carrick(0, 2, 1, 0)
[212/408] DIFF      mm/mmap08 docker(1, 0, 0, 0) carrick(0, 1, 0, 0)
[213/408] DIFF      mm/mmap12 docker(1, 0, 0, 0) carrick(0, 1, 0, 0)
[214/408] TBROK     mm/mmap13 docker(1, 0, 0, 0) carrick(0, 1, 1, 0)
[215/408] DIFF      mm/mmap14 docker(1, 0, 0, 0) carrick(0, 1, 0, 0)
[216/408] DIFF      mm/mmap17 docker(1, 0, 0, 0) carrick(0, 1, 0, 0)
[217/408] TBROK     mm/mmap18 docker(4, 0, 0, 0) carrick(0, 0, 1, 0)
[218/408] DIFF      mm/mmap20 docker(1, 0, 0, 0) carrick(0, 1, 0, 0)
[219/408] TBROK     mm/mprotect01 docker(3, 0, 0, 0) carrick(1, 1, 2, 0)
[220/408] DIFF      mm/mprotect02 docker(2, 0, 0, 0) carrick(0, 0, 0, 0)
[221/408] TBROK     mm/mprotect03 docker(1, 0, 0, 0) carrick(0, 1, 2, 0)
[222/408] DIFF      mm/mprotect04 docker(2, 0, 0, 0) carrick(0, 0, 0, 0)
[223/408] TBROK     mm/mprotect05 docker(1, 0, 0, 0) carrick(0, 0, 1, 0)
[224/408] TIMEOUT   mm/mremap01 docker(1, 0, 0, 0) carrick(0, 0, 0, 0)
[225/408] DIFF      mm/mremap04 docker(1, 0, 0, 0) carrick(0, 1, 0, 0)
[226/408] DIFF      mm/mremap05 docker(7, 0, 0, 0) carrick(2, 4, 0, 0)
[227/408] TBROK     mm/mremap06 docker(3, 0, 0, 0) carrick(0, 0, 1, 0)
[228/408] TBROK     mm/msync01 docker(1, 0, 0, 0) carrick(1, 0, 1, 0)
[229/408] TBROK     mm/msync02 docker(1, 0, 0, 0) carrick(1, 0, 1, 0)
[230/408] DIFF      mm/msync03 docker(6, 0, 0, 0) carrick(2, 4, 0, 0)
[231/408] DIFF      mm/munlock02 docker(1, 0, 0, 0) carrick(0, 1, 0, 0)
[232/408] TBROK     mm/munlockall01 docker(2, 0, 0, 0) carrick(0, 0, 1, 0)
[233/408] DIFF      mm/munmap01 docker(1, 0, 0, 0) carrick(0, 1, 0, 0)
[234/408] DIFF      mm/munmap02 docker(1, 0, 0, 0) carrick(0, 1, 0, 0)
[235/408] DIFF      mm/munmap03 docker(3, 0, 0, 0) carrick(2, 1, 0, 0)
[236/408] TBROK     mm/remap_file_pages01 docker(2, 0, 0, 0) carrick(1, 58, 2, 0)
[237/408] DIFF      mm/remap_file_pages02 docker(4, 0, 0, 0) carrick(0, 0, 0, 0)
[238/408] DIFF      mm/shmat01 docker(4, 0, 0, 0) carrick(1, 3, 0, 0)
[239/408] DIFF      mm/shmat02 docker(3, 0, 0, 0) carrick(1, 2, 0, 0)
[240/408] DIFF      mm/shmctl01 docker(12, 0, 0, 0) carrick(10, 2, 0, 0)
[241/408] DIFF      mm/shmctl02 docker(20, 0, 0, 0) carrick(7, 13, 0, 0)
[242/408] TBROK     mm/shmctl03 docker(4, 0, 0, 0) carrick(0, 1, 1, 0)
[243/408] DIFF      mm/shmctl04 docker(12, 0, 0, 0) carrick(0, 0, 0, 0)
[244/408] DIFF      mm/shmctl05 docker(1, 0, 0, 0) carrick(0, 0, 0, 0)
[245/408] DIFF      mm/shmctl07 docker(4, 0, 0, 0) carrick(1, 3, 0, 0)
[246/408] DIFF      mm/shmctl08 docker(6, 0, 0, 0) carrick(2, 4, 0, 0)
[247/408] DIFF      mm/shmdt01 docker(2, 0, 0, 0) carrick(1, 1, 0, 0)
[248/408] TBROK     mm/shmget03 docker(1, 0, 0, 0) carrick(0, 0, 1, 0)
[249/408] DIFF      mm/shmget04 docker(3, 0, 0, 0) carrick(0, 3, 0, 0)
[250/408] TBROK     net/accept02 docker(1, 0, 0, 0) carrick(0, 0, 1, 0)
[251/408] DIFF      net/accept03 docker(15, 0, 0, 0) carrick(13, 1, 0, 0)
[252/408] DIFF      net/bind01 docker(7, 0, 0, 0) carrick(6, 1, 0, 0)
[253/408] DIFF      net/bind03 docker(3, 0, 0, 0) carrick(2, 1, 0, 0)
[254/408] TBROK     net/bind04 docker(16, 0, 0, 0) carrick(1, 0, 1, 0)
[255/408] TBROK     net/bind05 docker(14, 0, 0, 0) carrick(1, 0, 1, 0)
[256/408] DIFF      net/connect01 docker(7, 0, 0, 0) carrick(6, 1, 0, 0)
[257/408] TBROK     net/connect02 docker(1, 0, 0, 0) carrick(0, 0, 1, 0)
[258/408] DIFF      net/getpeername01 docker(7, 0, 0, 0) carrick(6, 1, 0, 0)
[259/408] DIFF      net/getsockname01 docker(6, 0, 0, 0) carrick(4, 2, 0, 0)
[260/408] DIFF      net/getsockopt01 docker(9, 0, 0, 0) carrick(5, 4, 0, 0)
[261/408] DIFF      net/recv01 docker(5, 0, 0, 0) carrick(4, 1, 0, 0)
[262/408] DIFF      net/recvfrom01 docker(7, 0, 0, 0) carrick(5, 2, 0, 0)
[263/408] TBROK     net/recvmmsg01 docker(10, 0, 0, 0) carrick(2, 1, 1, 0)
[264/408] TBROK     net/recvmsg01 docker(10, 0, 0, 0) carrick(1, 0, 1, 0)
[265/408] DIFF      net/send02 docker(4, 0, 0, 0) carrick(0, 4, 0, 0)
[266/408] DIFF      net/sendto01 docker(10, 0, 0, 0) carrick(7, 3, 0, 0)
[267/408] DIFF      net/sendto02 docker(1, 0, 0, 0) carrick(0, 0, 0, 0)
[268/408] DIFF      net/setsockopt01 docker(8, 0, 0, 0) carrick(6, 2, 0, 0)
[269/408] TBROK     net/setsockopt02 docker(2, 0, 0, 0) carrick(0, 0, 1, 0)
[270/408] TBROK     net/shutdown01 docker(6, 0, 0, 0) carrick(6, 0, 3, 0)
[271/408] DIFF      net/socket01 docker(9, 0, 0, 0) carrick(4, 5, 0, 0)
[272/408] DIFF      net/socketpair01 docker(10, 0, 0, 0) carrick(6, 4, 0, 0)
[273/408] TBROK     net/sockioctl01 docker(8, 0, 0, 0) carrick(1, 0, 2, 0)
[274/408] DIFF      other/cachestat02 docker(20, 0, 0, 0) carrick(0, 0, 0, 0)
[275/408] DIFF      other/fchdir03 docker(1, 0, 0, 0) carrick(0, 1, 0, 0)
[276/408] DIFF      other/fmtmsg01 docker(5, 0, 0, 0) carrick(3, 2, 0, 0)
[277/408] DIFF      other/get_robust_list01 docker(5, 0, 0, 0) carrick(0, 0, 0, 2)
[278/408] MATCH_PARTIAL other/ioprio_set01 docker(1, 0, 0, 0) carrick(2, 0, 0, 0)
[279/408] DIFF      other/lchown01 docker(6, 0, 0, 0) carrick(0, 6, 0, 0)
[280/408] DIFF      other/lchown02 docker(6, 0, 0, 0) carrick(4, 2, 0, 0)
[281/408] DIFF      other/llseek01 docker(5, 0, 0, 0) carrick(1, 1, 0, 0)
[282/408] TBROK     other/msgstress01 docker(1, 0, 0, 0) carrick(0, 0, 1, 0)
[283/408] DIFF      other/nftw01 docker(31, 0, 0, 0) carrick(14, 1, 0, 0)
[284/408] DIFF      other/nftw6401 docker(31, 0, 0, 0) carrick(14, 1, 0, 0)
[285/408] DIFF      other/pathconf02 docker(6, 0, 0, 0) carrick(3, 3, 0, 0)
[286/408] TBROK     other/realpath01 docker(1, 0, 0, 0) carrick(0, 0, 1, 0)
[287/408] DIFF      other/rt_tgsigqueueinfo01 docker(3, 0, 0, 0) carrick(0, 0, 0, 0)
[288/408] DIFF      other/set_robust_list01 docker(2, 0, 0, 0) carrick(1, 1, 0, 0)
[289/408] DIFF      other/setfsgid01 docker(2, 0, 0, 0) carrick(1, 2, 0, 0)
[290/408] DIFF      other/setfsgid02 docker(4, 0, 0, 0) carrick(3, 1, 0, 0)
[291/408] DIFF      other/setfsuid01 docker(2, 0, 0, 0) carrick(1, 1, 0, 0)
[292/408] DIFF      other/setfsuid03 docker(1, 0, 0, 0) carrick(0, 1, 0, 0)
[293/408] DIFF      other/setfsuid04 docker(1, 0, 0, 0) carrick(0, 1, 0, 0)
[294/408] MATCH_PARTIAL other/sysconf01 docker(45, 0, 0, 11) carrick(46, 0, 0, 10)
[295/408] TBROK     process/capset02 docker(6, 0, 0, 0) carrick(0, 0, 1, 0)
[296/408] TBROK     process/capset03 docker(1, 0, 0, 0) carrick(0, 0, 1, 0)
[297/408] TBROK     process/capset04 docker(1, 0, 0, 0) carrick(0, 1, 1, 0)
[298/408] TBROK     process/execl01 docker(1, 0, 0, 0) carrick(0, 0, 1, 0)
[299/408] TBROK     process/execle01 docker(1, 0, 0, 0) carrick(0, 0, 1, 0)
[300/408] TBROK     process/execlp01 docker(1, 0, 0, 0) carrick(0, 0, 1, 0)
[301/408] TBROK     process/execv01 docker(1, 0, 0, 0) carrick(0, 0, 1, 0)
[302/408] TBROK     process/execve01 docker(1, 0, 0, 0) carrick(0, 0, 1, 0)
[303/408] TBROK     process/execve02 docker(1, 0, 0, 0) carrick(0, 0, 1, 0)
[304/408] DIFF      process/execve03 docker(6, 0, 0, 0) carrick(2, 4, 0, 0)
[305/408] TBROK     process/execve05 docker(8, 0, 0, 0) carrick(0, 0, 1, 0)
[306/408] TBROK     process/execve06 docker(1, 0, 0, 0) carrick(0, 0, 1, 0)
[307/408] TBROK     process/execveat01 docker(4, 0, 0, 0) carrick(0, 0, 1, 0)
[308/408] TBROK     process/execveat02 docker(4, 0, 0, 0) carrick(0, 0, 1, 0)
[309/408] TBROK     process/execvp01 docker(1, 0, 0, 0) carrick(0, 0, 1, 0)
[310/408] TBROK     process/fork14 docker(1, 0, 0, 0) carrick(0, 0, 1, 0)
[311/408] MATCH_PARTIAL process/getgroups01 docker(4, 0, 0, 0) carrick(3, 0, 0, 1)
[312/408] TBROK     process/getpgid01 docker(8, 0, 0, 0) carrick(7, 0, 1, 0)
[313/408] DIFF      process/getrlimit02 docker(2, 0, 0, 0) carrick(1, 1, 0, 0)
[314/408] DIFF      process/getrlimit03 docker(16, 0, 0, 0) carrick(0, 16, 0, 0)
[315/408] DIFF      process/inotify01 docker(7, 0, 0, 0) carrick(0, 7, 0, 0)
[316/408] TBROK     process/inotify02 docker(9, 0, 0, 0) carrick(0, 0, 1, 0)
[317/408] TBROK     process/inotify04 docker(5, 0, 0, 0) carrick(0, 0, 1, 0)
[318/408] TBROK     process/inotify05 docker(1, 0, 0, 0) carrick(0, 0, 1, 0)
[319/408] TBROK     process/inotify06 docker(1, 0, 0, 0) carrick(0, 0, 1, 0)
[320/408] TIMEOUT   process/inotify09 docker(1, 0, 0, 0) carrick(0, 0, 0, 0)
[321/408] TBROK     process/inotify10 docker(10, 0, 0, 0) carrick(0, 0, 1, 0)
[322/408] TBROK     process/inotify11 docker(1, 0, 0, 0) carrick(0, 0, 1, 0)
[323/408] TBROK     process/inotify12 docker(9, 0, 0, 0) carrick(0, 0, 1, 0)
[324/408] DIFF      process/io_cancel01 docker(1, 0, 0, 0) carrick(0, 0, 0, 0)
[325/408] DIFF      process/io_destroy02 docker(1, 0, 0, 0) carrick(0, 0, 0, 0)
[326/408] DIFF      process/io_getevents01 docker(1, 0, 0, 0) carrick(0, 0, 0, 0)
[327/408] DIFF      process/io_setup02 docker(5, 0, 0, 0) carrick(0, 0, 0, 0)
[328/408] DIFF      process/io_submit02 docker(2, 0, 0, 0) carrick(0, 0, 0, 0)
[329/408] DIFF      process/io_submit03 docker(7, 0, 0, 0) carrick(0, 0, 0, 0)
[330/408] DIFF      process/ioctl01 docker(9, 0, 0, 0) carrick(7, 2, 0, 0)
[331/408] TBROK     process/ioctl07 docker(1, 0, 0, 0) carrick(0, 0, 1, 0)
[332/408] TBROK     process/ioctl_ns02 docker(1, 0, 0, 0) carrick(0, 0, 1, 0)
[333/408] TBROK     process/ioctl_ns03 docker(1, 0, 0, 0) carrick(0, 0, 1, 0)
[334/408] TBROK     process/ioctl_ns04 docker(1, 0, 0, 0) carrick(0, 0, 1, 0)
[335/408] DIFF      process/keyctl08 docker(1, 0, 0, 0) carrick(0, 0, 0, 0)
[336/408] DIFF      process/membarrier01 docker(12, 0, 0, 0) carrick(10, 2, 0, 0)
[337/408] TBROK     process/pidfd_open04 docker(3, 0, 0, 0) carrick(1, 1, 2, 0)
[338/408] TBROK     process/pidfd_send_signal01 docker(2, 0, 0, 0) carrick(0, 0, 1, 0)
[339/408] TBROK     process/pidfd_send_signal02 docker(4, 0, 0, 0) carrick(0, 0, 1, 0)
[340/408] DIFF      process/prctl02 docker(18, 0, 0, 0) carrick(5, 2, 0, 0)
[341/408] DIFF      process/prctl03 docker(6, 0, 0, 0) carrick(0, 0, 0, 0)
[342/408] TBROK     process/prctl05 docker(8, 0, 0, 0) carrick(2, 0, 1, 0)
[343/408] DIFF      process/prctl08 docker(14, 0, 0, 0) carrick(0, 5, 0, 0)
[344/408] DIFF      process/process_vm_readv02 docker(1, 0, 0, 0) carrick(0, 0, 0, 0)
[345/408] DIFF      process/process_vm_readv03 docker(32, 0, 0, 0) carrick(0, 0, 0, 0)
[346/408] DIFF      process/process_vm_writev02 docker(2, 0, 0, 0) carrick(0, 0, 0, 0)
[347/408] TBROK     process/ptrace01 docker(4, 0, 0, 0) carrick(0, 1, 1, 0)
[348/408] DIFF      process/ptrace02 docker(1, 0, 0, 0) carrick(0, 1, 0, 0)
[349/408] TBROK     process/ptrace03 docker(2, 0, 0, 0) carrick(0, 1, 1, 0)
[350/408] DIFF      process/ptrace05 docker(63, 0, 0, 0) carrick(33, 1086, 0, 0)
[351/408] TBROK     process/ptrace06 docker(48, 0, 0, 0) carrick(0, 1, 2, 0)
[352/408] TBROK     process/ptrace11 docker(1, 0, 0, 0) carrick(0, 1, 1, 0)
[353/408] DIFF      process/request_key05 docker(1, 0, 0, 0) carrick(0, 0, 0, 0)
[354/408] DIFF      process/setgroups02 docker(3, 0, 0, 0) carrick(2, 1, 0, 0)
[355/408] DIFF      process/setgroups03 docker(3, 0, 0, 0) carrick(0, 3, 0, 0)
[356/408] TBROK     process/setpgid03 docker(3, 0, 0, 0) carrick(2, 0, 1, 0)
[357/408] DIFF      process/setrlimit02 docker(2, 0, 0, 0) carrick(0, 2, 0, 0)
[358/408] DIFF      process/setrlimit03 docker(2, 0, 0, 0) carrick(1, 1, 0, 0)
[359/408] DIFF      process/setrlimit06 docker(1, 0, 0, 0) carrick(0, 1, 0, 0)
[360/408] TBROK     process/wait403 docker(1, 0, 0, 0) carrick(0, 0, 1, 0)
[361/408] TBROK     process/waitid07 docker(5, 0, 0, 0) carrick(0, 0, 1, 0)
[362/408] TBROK     process/waitid08 docker(10, 0, 0, 0) carrick(0, 0, 1, 0)
[363/408] TBROK     process/waitid10 docker(5, 0, 0, 0) carrick(0, 0, 1, 0)
[364/408] TBROK     process/waitpid01 docker(146, 0, 0, 0) carrick(71, 1, 1, 0)
[365/408] DIFF      process/waitpid04 docker(4, 0, 0, 0) carrick(3, 1, 0, 0)
[366/408] DIFF      process/waitpid08 docker(1, 0, 0, 0) carrick(0, 1, 0, 0)
[367/408] DIFF      process/waitpid13 docker(1, 0, 0, 0) carrick(0, 1, 0, 0)
[368/408] DIFF      sched/clone05 docker(1, 0, 0, 0) carrick(0, 1, 0, 0)
[369/408] TBROK     sched/clone08 docker(5, 0, 0, 0) carrick(0, 1, 1, 0)
[370/408] DIFF      sched/clone302 docker(1, 0, 0, 0) carrick(6, 6, 0, 0)
[371/408] TBROK     sched/futex_cmp_requeue01 docker(7, 0, 0, 0) carrick(0, 5, 1, 0)
[372/408] DIFF      sched/futex_wait_bitset01 docker(2, 0, 0, 0) carrick(1, 1, 0, 0)
[373/408] DIFF      sched/futex_waitv01 docker(9, 0, 0, 0) carrick(0, 0, 0, 0)
[374/408] DIFF      sched/futex_waitv02 docker(1, 0, 0, 0) carrick(0, 0, 0, 0)
[375/408] DIFF      sched/futex_waitv03 docker(1, 0, 0, 0) carrick(0, 0, 0, 0)
[376/408] DIFF      sched/gettid01 docker(2, 0, 0, 0) carrick(1, 1, 0, 0)
[377/408] DIFF      sched/nice02 docker(1, 0, 0, 0) carrick(0, 1, 0, 0)
[378/408] DIFF      sched/nice03 docker(1, 0, 0, 0) carrick(0, 1, 0, 0)
[379/408] DIFF      sched/nice04 docker(1, 0, 0, 0) carrick(0, 1, 0, 0)
[380/408] DIFF      sched/sched_getattr02 docker(4, 0, 0, 0) carrick(0, 4, 0, 0)
[381/408] TBROK     sched/sched_getparam01 docker(4, 0, 0, 0) carrick(2, 0, 1, 0)
[382/408] TBROK     sched/sched_setparam05 docker(2, 0, 0, 0) carrick(0, 1, 1, 0)
[383/408] TBROK     sched/sched_setscheduler02 docker(2, 0, 0, 0) carrick(1, 0, 1, 0)
[384/408] DIFF      sched/setpriority02 docker(7, 0, 0, 0) carrick(4, 3, 0, 0)
[385/408] DIFF      signals/kill02 docker(2, 0, 0, 0) carrick(1, 1, 0, 0)
[386/408] TIMEOUT   signals/kill08 docker(1, 0, 0, 0) carrick(0, 0, 0, 0)
[387/408] TIMEOUT   signals/kill10 docker(1, 0, 0, 0) carrick(0, 0, 0, 0)
[388/408] TBROK     signals/kill11 docker(24, 0, 0, 0) carrick(1, 0, 1, 0)
[389/408] TIMEOUT   signals/kill12 docker(1, 0, 0, 0) carrick(0, 0, 0, 0)
[390/408] TBROK     signals/rt_sigtimedwait01 docker(19, 0, 0, 0) carrick(0, 0, 1, 0)
[391/408] TBROK     signals/sighold02 docker(1, 0, 0, 0) carrick(0, 0, 1, 0)
[392/408] TBROK     signals/signalfd01 docker(7, 0, 0, 0) carrick(1, 0, 1, 0)
[393/408] TBROK     signals/sigrelse01 docker(1, 0, 0, 0) carrick(0, 0, 2, 0)
[394/408] TBROK     signals/sigtimedwait01 docker(11, 0, 0, 0) carrick(0, 0, 1, 0)
[395/408] TBROK     signals/sigwaitinfo01 docker(9, 0, 0, 0) carrick(0, 0, 1, 0)
[396/408] DIFF      signals/tgkill02 docker(1, 0, 0, 0) carrick(0, 1, 0, 0)
[397/408] DIFF      signals/tgkill03 docker(6, 0, 0, 0) carrick(5, 1, 0, 0)
[398/408] TBROK     timers/adjtimex03 docker(1, 0, 0, 0) carrick(0, 0, 1, 0)
[399/408] DIFF      timers/alarm07 docker(2, 0, 0, 0) carrick(1, 1, 0, 0)
[400/408] TBROK     timers/clock_gettime01 docker(16, 0, 0, 0) carrick(0, 0, 1, 0)
[401/408] DIFF      timers/clock_gettime04 docker(6, 0, 0, 0) carrick(4, 2, 0, 0)
[402/408] TBROK     timers/clock_nanosleep01 docker(12, 0, 0, 0) carrick(7, 1, 1, 0)
[403/408] TBROK     timers/setitimer01 docker(18, 0, 0, 0) carrick(5, 0, 1, 0)
[404/408] TBROK     timers/timer_settime03 docker(1, 0, 0, 0) carrick(0, 0, 1, 0)
[405/408] TBROK     timers/timerfd_settime02 docker(1, 0, 0, 0) carrick(0, 0, 1, 0)
[406/408] TBROK     timers/times03 docker(12, 0, 0, 0) carrick(2, 0, 1, 0)
[407/408] DIFF      xattr/fgetxattr03 docker(1, 0, 0, 0) carrick(0, 0, 0, 0)
[408/408] TBROK     xattr/setxattr02 docker(7, 0, 0, 0) carrick(0, 0, 1, 0)
