baseline: 896 to run (540 already recorded) in areas ['epoll_poll', 'fs', 'ipc', 'mm', 'net', 'other', 'process', 'sched', 'signals', 'timers', 'xattr']
docker-oracle cache: 896/896 hits (0 Docker runs needed)
[1/896] MATCH     epoll_poll/epoll_create01 docker(2, 0, 0, 0) carrick(2, 0, 0, 0)
[2/896] MATCH     epoll_poll/epoll_create02 docker(2, 0, 0, 0) carrick(2, 0, 0, 0)
[3/896] MATCH     epoll_poll/epoll_create1_01 docker(2, 0, 0, 0) carrick(2, 0, 0, 0)
[4/896] MATCH     epoll_poll/epoll_create1_02 docker(2, 0, 0, 0) carrick(2, 0, 0, 0)
[5/896] MATCH     epoll_poll/epoll_ctl01 docker(3, 0, 0, 0) carrick(3, 0, 0, 0)
[6/896] MATCH     epoll_poll/epoll_ctl02 docker(9, 0, 0, 0) carrick(9, 0, 0, 0)
[7/896] MATCH     epoll_poll/epoll_ctl03 docker(256, 0, 0, 0) carrick(256, 0, 0, 0)
[8/896] DIFF      epoll_poll/epoll_ctl05 docker(1, 0, 0, 0) carrick(0, 1, 0, 0)
[9/896] TIMEOUT   epoll_poll/epoll_pwait01 docker(4, 0, 0, 0) carrick(0, 0, 0, 0)
[10/896] MATCH_PARTIAL epoll_poll/epoll_pwait02 docker(2, 0, 0, 0) carrick(1, 0, 0, 0)
[11/896] MATCH_PARTIAL epoll_poll/epoll_pwait04 docker(2, 0, 0, 0) carrick(1, 0, 0, 0)
[12/896] DIFF      epoll_poll/epoll_pwait05 docker(3, 0, 0, 0) carrick(0, 0, 0, 0)
[13/896] MATCH     epoll_poll/epoll_wait01 docker(3, 0, 0, 0) carrick(3, 0, 0, 0)
[14/896] DIFF      epoll_poll/epoll_wait03 docker(5, 0, 0, 0) carrick(4, 1, 0, 0)
[15/896] MATCH     epoll_poll/epoll_wait04 docker(1, 0, 0, 0) carrick(1, 0, 0, 0)
[16/896] MATCH     epoll_poll/epoll_wait05 docker(1, 0, 0, 0) carrick(1, 0, 0, 0)
[17/896] TBROK     epoll_poll/epoll_wait06 docker(9, 0, 0, 0) carrick(0, 0, 1, 0)
[18/896] MATCH     epoll_poll/epoll_wait07 docker(5, 0, 0, 0) carrick(5, 0, 0, 0)
[19/896] MATCH     epoll_poll/eventfd01 docker(4, 0, 0, 0) carrick(4, 0, 0, 0)
[20/896] MATCH     epoll_poll/eventfd02 docker(5, 0, 0, 0) carrick(5, 0, 0, 0)
[21/896] MATCH     epoll_poll/eventfd03 docker(3, 0, 0, 0) carrick(3, 0, 0, 0)
[22/896] DIFF      epoll_poll/eventfd04 docker(3, 0, 0, 0) carrick(2, 1, 0, 0)
[23/896] TIMEOUT   epoll_poll/eventfd05 docker(2, 0, 0, 0) carrick(0, 0, 0, 0)
[24/896] MATCH     epoll_poll/eventfd2_01 docker(2, 0, 0, 0) carrick(2, 0, 0, 0)
[25/896] MATCH     epoll_poll/eventfd2_02 docker(2, 0, 0, 0) carrick(2, 0, 0, 0)
[26/896] TIMEOUT   epoll_poll/eventfd2_03 docker(2, 0, 0, 0) carrick(0, 0, 0, 0)
[27/896] MATCH     epoll_poll/pipe01 docker(1, 0, 0, 0) carrick(1, 0, 0, 0)
[28/896] MATCH     epoll_poll/pipe02 docker(1, 0, 0, 0) carrick(1, 0, 0, 0)
[29/896] MATCH     epoll_poll/pipe03 docker(2, 0, 0, 0) carrick(2, 0, 0, 0)
[30/896] MATCH     epoll_poll/pipe04 docker(2, 0, 0, 0) carrick(2, 0, 0, 0)
[31/896] MATCH     epoll_poll/pipe05 docker(1, 0, 0, 0) carrick(1, 0, 0, 0)
[32/896] MATCH     epoll_poll/pipe06 docker(1, 0, 0, 0) carrick(1, 0, 0, 0)
[33/896] MATCH     epoll_poll/pipe08 docker(1, 0, 0, 0) carrick(1, 0, 0, 0)
[34/896] MATCH     epoll_poll/pipe09 docker(1, 0, 0, 0) carrick(1, 0, 0, 0)
[35/896] MATCH     epoll_poll/pipe10 docker(1, 0, 0, 0) carrick(1, 0, 0, 0)
[36/896] MATCH     epoll_poll/pipe11 docker(70, 0, 0, 0) carrick(70, 0, 0, 0)
[37/896] DIFF      epoll_poll/pipe12 docker(6, 0, 0, 0) carrick(4, 2, 0, 0)
[38/896] DIFF      epoll_poll/pipe13 docker(4, 0, 0, 0) carrick(2, 2, 0, 0)
[39/896] MATCH     epoll_poll/pipe14 docker(1, 0, 0, 0) carrick(1, 0, 0, 0)
[40/896] TBROK     epoll_poll/pipe15 docker(1, 0, 0, 0) carrick(0, 0, 1, 0)
[41/896] MATCH     epoll_poll/pipe2_01 docker(7, 0, 0, 0) carrick(7, 0, 0, 0)
[42/896] TIMEOUT   epoll_poll/pipe2_02 docker(1, 0, 0, 0) carrick(0, 0, 0, 0)
[43/896] TBROK     epoll_poll/pipe2_04 docker(2, 0, 0, 0) carrick(0, 0, 1, 0)
[44/896] MATCH     epoll_poll/poll01 docker(2, 0, 0, 0) carrick(2, 0, 0, 0)
[45/896] TIMEOUT   epoll_poll/ppoll01 docker(20, 0, 0, 0) carrick(0, 0, 0, 0)
[46/896] MATCH     epoll_poll/pselect02 docker(3, 0, 0, 0) carrick(3, 0, 0, 0)
[47/896] MATCH     epoll_poll/pselect02_64 docker(3, 0, 0, 0) carrick(3, 0, 0, 0)
[48/896] MATCH     epoll_poll/pselect03 docker(1, 0, 0, 0) carrick(1, 0, 0, 0)
[49/896] MATCH     epoll_poll/pselect03_64 docker(1, 0, 0, 0) carrick(1, 0, 0, 0)
[50/896] MATCH     epoll_poll/select01 docker(16, 0, 0, 0) carrick(16, 0, 0, 0)
[51/896] TIMEOUT   epoll_poll/select03 docker(16, 0, 0, 0) carrick(0, 0, 0, 0)
[52/896] MATCH     epoll_poll/select04 docker(4, 0, 0, 0) carrick(4, 0, 0, 0)
[53/896] MATCH     fs/access01 docker(199, 0, 0, 0) carrick(199, 0, 0, 0)
[54/896] TIMEOUT   fs/access02 docker(16, 0, 0, 0) carrick(0, 0, 0, 0)
[55/896] MATCH     fs/access03 docker(8, 0, 0, 0) carrick(8, 0, 0, 0)
[56/896] MATCH     fs/chdir04 docker(3, 0, 0, 0) carrick(3, 0, 0, 0)
[57/896] MATCH     fs/chmod01 docker(32, 0, 0, 0) carrick(32, 0, 0, 0)
[58/896] MATCH     fs/chmod03 docker(4, 0, 0, 0) carrick(4, 0, 0, 0)
[59/896] MATCH     fs/chmod05 docker(1, 0, 0, 0) carrick(1, 0, 0, 0)
[60/896] MATCH     fs/chmod07 docker(1, 0, 0, 0) carrick(1, 0, 0, 0)
[61/896] MATCH     fs/chmod08 docker(3, 0, 0, 0) carrick(3, 0, 0, 0)
[62/896] MATCH     fs/chown01 docker(1, 0, 0, 0) carrick(1, 0, 0, 0)
[63/896] MATCH     fs/chown02 docker(2, 0, 0, 0) carrick(2, 0, 0, 0)
[64/896] MATCH     fs/chown03 docker(1, 0, 0, 0) carrick(1, 0, 0, 0)
[65/896] MATCH     fs/chown05 docker(6, 0, 0, 0) carrick(6, 0, 0, 0)
[66/896] DIFF      fs/chroot01 docker(1, 0, 0, 0) carrick(0, 1, 0, 0)
[67/896] DIFF      fs/chroot02 docker(2, 0, 0, 0) carrick(0, 1, 0, 0)
[68/896] DIFF      fs/chroot03 docker(5, 0, 0, 0) carrick(0, 5, 0, 0)
[69/896] DIFF      fs/chroot04 docker(1, 0, 0, 0) carrick(0, 1, 0, 0)
[70/896] MATCH     fs/close01 docker(3, 0, 0, 0) carrick(3, 0, 0, 0)
[71/896] MATCH     fs/close02 docker(1, 0, 0, 0) carrick(1, 0, 0, 0)
[72/896] MATCH     fs/close_range02 docker(11, 0, 0, 0) carrick(11, 0, 0, 0)
[73/896] MATCH     fs/copy_file_range03 docker(2, 0, 0, 0) carrick(2, 0, 0, 0)
[74/896] MATCH     fs/creat01 docker(6, 0, 0, 0) carrick(6, 0, 0, 0)
[75/896] MATCH     fs/creat03 docker(1, 0, 0, 0) carrick(1, 0, 0, 0)
[76/896] MATCH     fs/creat04 docker(2, 0, 0, 0) carrick(2, 0, 0, 0)
[77/896] MATCH     fs/creat05 docker(1, 0, 0, 0) carrick(1, 0, 0, 0)
[78/896] DIFF      fs/creat08 docker(9, 0, 0, 0) carrick(6, 3, 0, 0)
[79/896] MATCH     fs/dup01 docker(2, 0, 0, 0) carrick(2, 0, 0, 0)
[80/896] MATCH     fs/dup02 docker(2, 0, 0, 0) carrick(2, 0, 0, 0)
[81/896] MATCH     fs/dup03 docker(1, 0, 0, 0) carrick(1, 0, 0, 0)
[82/896] MATCH     fs/dup04 docker(2, 0, 0, 0) carrick(2, 0, 0, 0)
[83/896] MATCH     fs/dup05 docker(1, 0, 0, 0) carrick(1, 0, 0, 0)
[84/896] MATCH     fs/dup06 docker(1, 0, 0, 0) carrick(1, 0, 0, 0)
[85/896] MATCH     fs/dup07 docker(3, 0, 0, 0) carrick(3, 0, 0, 0)
[86/896] MATCH     fs/dup201 docker(4, 0, 0, 0) carrick(4, 0, 0, 0)
[87/896] MATCH     fs/dup202 docker(6, 0, 0, 0) carrick(6, 0, 0, 0)
[88/896] MATCH     fs/dup203 docker(4, 0, 0, 0) carrick(4, 0, 0, 0)
[89/896] MATCH     fs/dup204 docker(4, 0, 0, 0) carrick(4, 0, 0, 0)
[90/896] MATCH     fs/dup205 docker(1, 0, 0, 0) carrick(1, 0, 0, 0)
[91/896] MATCH     fs/dup206 docker(1, 0, 0, 0) carrick(1, 0, 0, 0)
[92/896] MATCH     fs/dup207 docker(2, 0, 0, 0) carrick(2, 0, 0, 0)
[93/896] MATCH     fs/dup3_01 docker(2, 0, 0, 0) carrick(2, 0, 0, 0)
[94/896] MATCH     fs/dup3_02 docker(3, 0, 0, 0) carrick(3, 0, 0, 0)
[95/896] MATCH     fs/faccessat01 docker(3, 0, 0, 0) carrick(3, 0, 0, 0)
[96/896] MATCH     fs/faccessat02 docker(2, 0, 0, 0) carrick(2, 0, 0, 0)
[97/896] MATCH     fs/faccessat201 docker(7, 0, 0, 0) carrick(7, 0, 0, 0)
[98/896] MATCH     fs/faccessat202 docker(6, 0, 0, 0) carrick(6, 0, 0, 0)
[99/896] MATCH     fs/fallocate01 docker(4, 0, 0, 0) carrick(4, 0, 0, 0)
[100/896] DIFF      fs/fallocate02 docker(8, 0, 0, 0) carrick(6, 2, 0, 0)
[101/896] MATCH     fs/fallocate03 docker(8, 0, 0, 0) carrick(8, 0, 0, 0)
[102/896] MATCH     fs/fchmod01 docker(8, 0, 0, 0) carrick(8, 0, 0, 0)
[103/896] MATCH     fs/fchmod02 docker(1, 0, 0, 0) carrick(1, 0, 0, 0)
[104/896] MATCH     fs/fchmod03 docker(1, 0, 0, 0) carrick(1, 0, 0, 0)
[105/896] MATCH     fs/fchmod04 docker(1, 0, 0, 0) carrick(1, 0, 0, 0)
[106/896] MATCH     fs/fchmod05 docker(1, 0, 0, 0) carrick(1, 0, 0, 0)
[107/896] MATCH     fs/fchmodat01 docker(6, 0, 0, 0) carrick(6, 0, 0, 0)
[108/896] MATCH     fs/fchmodat02 docker(6, 0, 0, 0) carrick(6, 0, 0, 0)
[109/896] MATCH     fs/fchmodat2_02 docker(3, 0, 0, 0) carrick(3, 0, 0, 0)
[110/896] MATCH     fs/fchown01 docker(1, 0, 0, 0) carrick(1, 0, 0, 0)
[111/896] MATCH     fs/fchown02 docker(2, 0, 0, 0) carrick(2, 0, 0, 0)
[112/896] MATCH     fs/fchown03 docker(1, 0, 0, 0) carrick(1, 0, 0, 0)
[113/896] MATCH     fs/fchown05 docker(6, 0, 0, 0) carrick(6, 0, 0, 0)
[114/896] MATCH     fs/fchownat01 docker(5, 0, 0, 0) carrick(5, 0, 0, 0)
[115/896] DIFF      fs/fchownat02 docker(1, 0, 0, 0) carrick(0, 1, 0, 0)
[116/896] MATCH     fs/fcntl02 docker(6, 0, 0, 0) carrick(6, 0, 0, 0)
[117/896] MATCH     fs/fcntl02_64 docker(6, 0, 0, 0) carrick(6, 0, 0, 0)
[118/896] MATCH     fs/fcntl03 docker(1, 0, 0, 0) carrick(1, 0, 0, 0)
[119/896] MATCH     fs/fcntl03_64 docker(1, 0, 0, 0) carrick(1, 0, 0, 0)
[120/896] MATCH     fs/fcntl04 docker(1, 0, 0, 0) carrick(1, 0, 0, 0)
[121/896] MATCH     fs/fcntl04_64 docker(1, 0, 0, 0) carrick(1, 0, 0, 0)
[122/896] MATCH     fs/fcntl05 docker(6, 0, 0, 0) carrick(6, 0, 0, 0)
[123/896] MATCH     fs/fcntl05_64 docker(6, 0, 0, 0) carrick(6, 0, 0, 0)
[124/896] MATCH     fs/fcntl07 docker(4, 0, 0, 0) carrick(4, 0, 0, 0)
[125/896] MATCH     fs/fcntl07_64 docker(4, 0, 0, 0) carrick(4, 0, 0, 0)
[126/896] MATCH     fs/fcntl08 docker(1, 0, 0, 0) carrick(1, 0, 0, 0)
[127/896] MATCH     fs/fcntl08_64 docker(1, 0, 0, 0) carrick(1, 0, 0, 0)
[128/896] MATCH     fs/fcntl09 docker(4, 0, 0, 0) carrick(4, 0, 0, 0)
[129/896] MATCH     fs/fcntl09_64 docker(4, 0, 0, 0) carrick(4, 0, 0, 0)
[130/896] MATCH     fs/fcntl10 docker(4, 0, 0, 0) carrick(4, 0, 0, 0)
[131/896] MATCH     fs/fcntl10_64 docker(4, 0, 0, 0) carrick(4, 0, 0, 0)
[132/896] MATCH     fs/fcntl12 docker(1, 0, 0, 0) carrick(1, 0, 0, 0)
[133/896] MATCH     fs/fcntl12_64 docker(1, 0, 0, 0) carrick(1, 0, 0, 0)
[134/896] MATCH     fs/fcntl13 docker(4, 0, 0, 0) carrick(4, 0, 0, 0)
[135/896] MATCH     fs/fcntl13_64 docker(4, 0, 0, 0) carrick(4, 0, 0, 0)
[136/896] TIMEOUT   fs/fcntl14 docker(2, 0, 0, 0) carrick(0, 0, 0, 0)
[137/896] TIMEOUT   fs/fcntl14_64 docker(2, 0, 0, 0) carrick(0, 0, 0, 0)
[138/896] DIFF      fs/fcntl15 docker(12, 0, 0, 0) carrick(10, 2, 0, 0)
[139/896] DIFF      fs/fcntl15_64 docker(12, 0, 0, 0) carrick(10, 2, 0, 0)
[140/896] DIFF      fs/fcntl17 docker(1, 0, 0, 0) carrick(0, 2, 0, 0)
[141/896] DIFF      fs/fcntl17_64 docker(1, 0, 0, 0) carrick(0, 2, 0, 0)
[142/896] MATCH     fs/fcntl18 docker(3, 0, 0, 0) carrick(3, 0, 0, 0)
[143/896] MATCH     fs/fcntl18_64 docker(3, 0, 0, 0) carrick(3, 0, 0, 0)
[144/896] MATCH     fs/fcntl22 docker(2, 0, 0, 0) carrick(2, 0, 0, 0)
[145/896] MATCH     fs/fcntl22_64 docker(2, 0, 0, 0) carrick(2, 0, 0, 0)
[146/896] MATCH     fs/fcntl23 docker(1, 0, 0, 0) carrick(1, 0, 0, 0)
[147/896] MATCH     fs/fcntl23_64 docker(1, 0, 0, 0) carrick(1, 0, 0, 0)
[148/896] MATCH     fs/fcntl24 docker(1, 0, 0, 0) carrick(1, 0, 0, 0)
[149/896] MATCH     fs/fcntl24_64 docker(1, 0, 0, 0) carrick(1, 0, 0, 0)
[150/896] MATCH     fs/fcntl25 docker(1, 0, 0, 0) carrick(1, 0, 0, 0)
[151/896] MATCH     fs/fcntl25_64 docker(1, 0, 0, 0) carrick(1, 0, 0, 0)
[152/896] MATCH     fs/fcntl26 docker(1, 0, 0, 0) carrick(1, 0, 0, 0)
[153/896] MATCH     fs/fcntl26_64 docker(1, 0, 0, 0) carrick(1, 0, 0, 0)
[154/896] MATCH     fs/fcntl27 docker(2, 0, 0, 0) carrick(2, 0, 0, 0)
[155/896] MATCH     fs/fcntl27_64 docker(2, 0, 0, 0) carrick(2, 0, 0, 0)
[156/896] MATCH     fs/fcntl29 docker(3, 0, 0, 0) carrick(3, 0, 0, 0)
[157/896] MATCH     fs/fcntl29_64 docker(3, 0, 0, 0) carrick(3, 0, 0, 0)
[158/896] TBROK     fs/fcntl30 docker(4, 0, 0, 0) carrick(0, 0, 1, 0)
[159/896] TBROK     fs/fcntl30_64 docker(4, 0, 0, 0) carrick(0, 0, 1, 0)
[160/896] DIFF      fs/fcntl31 docker(5, 0, 0, 0) carrick(0, 1, 0, 0)
[161/896] DIFF      fs/fcntl31_64 docker(5, 0, 0, 0) carrick(0, 1, 0, 0)
[162/896] DIFF      fs/fcntl32 docker(9, 0, 0, 0) carrick(0, 9, 0, 0)
[163/896] DIFF      fs/fcntl32_64 docker(9, 0, 0, 0) carrick(0, 9, 0, 0)
[164/896] TBROK     fs/fcntl34 docker(1, 0, 0, 0) carrick(0, 0, 1, 0)
[165/896] TBROK     fs/fcntl34_64 docker(1, 0, 0, 0) carrick(0, 0, 1, 0)
[166/896] MATCH     fs/fcntl36 docker(7, 0, 0, 0) carrick(7, 0, 0, 0)
[167/896] MATCH     fs/fcntl36_64 docker(7, 0, 0, 0) carrick(7, 0, 0, 0)
[168/896] TBROK     fs/fcntl37 docker(3, 0, 0, 0) carrick(0, 0, 1, 0)
[169/896] TBROK     fs/fcntl37_64 docker(3, 0, 0, 0) carrick(0, 0, 1, 0)
[170/896] DIFF      fs/fcntl38 docker(2, 0, 0, 0) carrick(0, 0, 0, 1)
[171/896] DIFF      fs/fcntl38_64 docker(2, 0, 0, 0) carrick(0, 0, 0, 1)
[172/896] DIFF      fs/fcntl39 docker(4, 0, 0, 0) carrick(0, 0, 0, 1)
[173/896] DIFF      fs/fcntl39_64 docker(4, 0, 0, 0) carrick(0, 0, 0, 1)
[174/896] MATCH     fs/fdatasync01 docker(1, 0, 0, 0) carrick(1, 0, 0, 0)
[175/896] MATCH     fs/fdatasync02 docker(2, 0, 0, 0) carrick(2, 0, 0, 0)
[176/896] MATCH     fs/flock01 docker(3, 0, 0, 0) carrick(3, 0, 0, 0)
[177/896] MATCH     fs/flock02 docker(3, 0, 0, 0) carrick(3, 0, 0, 0)
[178/896] MATCH     fs/flock03 docker(3, 0, 0, 0) carrick(3, 0, 0, 0)
[179/896] MATCH     fs/flock04 docker(6, 0, 0, 0) carrick(6, 0, 0, 0)
[180/896] MATCH     fs/flock06 docker(4, 0, 0, 0) carrick(4, 0, 0, 0)
[181/896] MATCH     fs/fstat02 docker(6, 0, 0, 0) carrick(6, 0, 0, 0)
[182/896] MATCH     fs/fstat02_64 docker(6, 0, 0, 0) carrick(6, 0, 0, 0)
[183/896] MATCH     fs/fstat03 docker(2, 0, 0, 0) carrick(2, 0, 0, 0)
[184/896] MATCH     fs/fstat03_64 docker(2, 0, 0, 0) carrick(2, 0, 0, 0)
[185/896] DIFF      fs/fstatat01 docker(6, 0, 0, 0) carrick(5, 1, 0, 0)
[186/896] MATCH     fs/fstatfs02 docker(2, 0, 0, 0) carrick(2, 0, 0, 0)
[187/896] MATCH     fs/fstatfs02_64 docker(2, 0, 0, 0) carrick(2, 0, 0, 0)
[188/896] MATCH     fs/fsync02 docker(1, 0, 0, 0) carrick(1, 0, 0, 0)
[189/896] MATCH     fs/fsync03 docker(5, 0, 0, 0) carrick(5, 0, 0, 0)
[190/896] MATCH     fs/getcwd01 docker(5, 0, 0, 0) carrick(5, 0, 0, 0)
[191/896] MATCH     fs/getcwd02 docker(3, 0, 0, 0) carrick(3, 0, 0, 0)
[192/896] MATCH     fs/getcwd03 docker(1, 0, 0, 0) carrick(1, 0, 0, 0)
[193/896] TIMEOUT   fs/getcwd04 docker(1, 0, 0, 0) carrick(0, 0, 0, 0)
[194/896] MATCH     fs/link02 docker(2, 0, 0, 0) carrick(2, 0, 0, 0)
[195/896] DIFF      fs/link04 docker(14, 0, 0, 0) carrick(10, 4, 0, 0)
[196/896] MATCH     fs/link05 docker(1, 0, 0, 0) carrick(1, 0, 0, 0)
[197/896] DIFF      fs/linkat01 docker(22, 0, 0, 0) carrick(19, 3, 0, 0)
[198/896] MATCH     fs/lseek01 docker(4, 0, 0, 0) carrick(4, 0, 0, 0)
[199/896] MATCH     fs/lseek02 docker(15, 0, 0, 0) carrick(15, 0, 0, 0)
[200/896] MATCH     fs/lseek07 docker(2, 0, 0, 0) carrick(2, 0, 0, 0)
[201/896] DIFF      fs/lseek11 docker(15, 0, 0, 0) carrick(0, 0, 0, 0)
[202/896] MATCH     fs/lstat01 docker(1, 0, 0, 0) carrick(1, 0, 0, 0)
[203/896] MATCH     fs/lstat01_64 docker(1, 0, 0, 0) carrick(1, 0, 0, 0)
[204/896] DIFF      fs/lstat02 docker(6, 0, 0, 0) carrick(3, 3, 0, 0)
[205/896] DIFF      fs/lstat02_64 docker(6, 0, 0, 0) carrick(3, 3, 0, 0)
[206/896] MATCH     fs/mkdir02 docker(1, 0, 0, 0) carrick(1, 0, 0, 0)
[207/896] MATCH     fs/mkdir04 docker(1, 0, 0, 0) carrick(1, 0, 0, 0)
[208/896] MATCH     fs/mkdir05 docker(1, 0, 0, 0) carrick(1, 0, 0, 0)
[209/896] MATCH     fs/mkdirat01 docker(5, 0, 0, 0) carrick(5, 0, 0, 0)
[210/896] TBROK     fs/mknod01 docker(7, 0, 0, 0) carrick(2, 1, 1, 0)
[211/896] MATCH     fs/mknod02 docker(2, 0, 0, 0) carrick(2, 0, 0, 0)
[212/896] MATCH     fs/mknod03 docker(1, 0, 0, 0) carrick(1, 0, 0, 0)
[213/896] MATCH     fs/mknod04 docker(1, 0, 0, 0) carrick(1, 0, 0, 0)
[214/896] MATCH     fs/mknod05 docker(1, 0, 0, 0) carrick(1, 0, 0, 0)
[215/896] MATCH     fs/mknod06 docker(6, 0, 0, 0) carrick(6, 0, 0, 0)
[216/896] DIFF      fs/mknod08 docker(1, 0, 0, 0) carrick(0, 1, 0, 0)
[217/896] MATCH     fs/mknod09 docker(1, 0, 0, 0) carrick(1, 0, 0, 0)
[218/896] MATCH     fs/mknodat01 docker(5, 0, 0, 0) carrick(5, 0, 0, 0)
[219/896] MATCH     fs/open01 docker(2, 0, 0, 0) carrick(2, 0, 0, 0)
[220/896] DIFF      fs/open02 docker(2, 0, 0, 0) carrick(1, 1, 0, 0)
[221/896] MATCH     fs/open03 docker(1, 0, 0, 0) carrick(1, 0, 0, 0)
[222/896] MATCH     fs/open04 docker(1, 0, 0, 0) carrick(1, 0, 0, 0)
[223/896] MATCH     fs/open06 docker(1, 0, 0, 0) carrick(1, 0, 0, 0)
[224/896] TBROK     fs/open07 docker(5, 0, 0, 0) carrick(0, 0, 1, 0)
[225/896] MATCH     fs/open08 docker(6, 0, 0, 0) carrick(6, 0, 0, 0)
[226/896] MATCH     fs/open09 docker(2, 0, 0, 0) carrick(2, 0, 0, 0)
[227/896] DIFF      fs/open10 docker(9, 0, 0, 0) carrick(6, 3, 0, 0)
[228/896] TBROK     fs/open11 docker(28, 0, 0, 0) carrick(0, 0, 1, 0)
[229/896] DIFF      fs/open13 docker(5, 0, 0, 0) carrick(0, 5, 0, 0)
[230/896] TBROK     fs/open14 docker(3, 0, 0, 0) carrick(0, 0, 2, 0)
[231/896] MATCH     fs/open15 docker(2, 0, 0, 0) carrick(2, 0, 0, 0)
[232/896] MATCH     fs/openat01 docker(5, 0, 0, 0) carrick(5, 0, 0, 0)
[233/896] DIFF      fs/openat02 docker(5, 0, 0, 1) carrick(4, 1, 0, 1)
[234/896] TBROK     fs/openat03 docker(3, 0, 0, 0) carrick(0, 0, 2, 0)
[235/896] MATCH     fs/openat201 docker(16, 0, 0, 0) carrick(16, 0, 0, 0)
[236/896] DIFF      fs/openat202 docker(9, 0, 0, 0) carrick(3, 6, 0, 0)
[237/896] MATCH     fs/openat203 docker(9, 0, 0, 0) carrick(9, 0, 0, 0)
[238/896] MATCH     fs/pread01 docker(1, 0, 0, 0) carrick(1, 0, 0, 0)
[239/896] MATCH     fs/pread01_64 docker(1, 0, 0, 0) carrick(1, 0, 0, 0)
[240/896] MATCH     fs/pread02 docker(3, 0, 0, 0) carrick(3, 0, 0, 0)
[241/896] MATCH     fs/pread02_64 docker(3, 0, 0, 0) carrick(3, 0, 0, 0)
[242/896] MATCH     fs/preadv01 docker(3, 0, 0, 0) carrick(3, 0, 0, 0)
[243/896] MATCH     fs/preadv01_64 docker(3, 0, 0, 0) carrick(3, 0, 0, 0)
[244/896] MATCH     fs/preadv02 docker(8, 0, 0, 0) carrick(8, 0, 0, 0)
[245/896] MATCH     fs/preadv02_64 docker(8, 0, 0, 0) carrick(8, 0, 0, 0)
[246/896] MATCH     fs/preadv201 docker(6, 0, 0, 0) carrick(6, 0, 0, 0)
[247/896] MATCH     fs/preadv201_64 docker(6, 0, 0, 0) carrick(6, 0, 0, 0)
[248/896] MATCH     fs/preadv202 docker(8, 0, 0, 0) carrick(8, 0, 0, 0)
[249/896] MATCH     fs/preadv202_64 docker(8, 0, 0, 0) carrick(8, 0, 0, 0)
[250/896] MATCH     fs/pwrite01 docker(1, 0, 0, 0) carrick(1, 0, 0, 0)
[251/896] MATCH     fs/pwrite01_64 docker(1, 0, 0, 0) carrick(1, 0, 0, 0)
[252/896] MATCH     fs/pwrite02 docker(5, 0, 0, 0) carrick(5, 0, 0, 0)
[253/896] MATCH     fs/pwrite02_64 docker(5, 0, 0, 0) carrick(5, 0, 0, 0)
[254/896] MATCH     fs/pwrite03 docker(1, 0, 0, 0) carrick(1, 0, 0, 0)
[255/896] MATCH     fs/pwrite03_64 docker(1, 0, 0, 0) carrick(1, 0, 0, 0)
[256/896] DIFF      fs/pwrite04 docker(1, 0, 0, 0) carrick(1, 1, 0, 0)
[257/896] DIFF      fs/pwrite04_64 docker(1, 0, 0, 0) carrick(1, 1, 0, 0)
[258/896] MATCH     fs/pwritev01 docker(3, 0, 0, 0) carrick(3, 0, 0, 0)
[259/896] MATCH     fs/pwritev01_64 docker(3, 0, 0, 0) carrick(3, 0, 0, 0)
[260/896] MATCH     fs/pwritev02 docker(7, 0, 0, 0) carrick(7, 0, 0, 0)
[261/896] MATCH     fs/pwritev02_64 docker(7, 0, 0, 0) carrick(7, 0, 0, 0)
[262/896] MATCH     fs/pwritev201 docker(6, 0, 0, 0) carrick(6, 0, 0, 0)
[263/896] MATCH     fs/pwritev201_64 docker(6, 0, 0, 0) carrick(6, 0, 0, 0)
[264/896] MATCH     fs/pwritev202 docker(7, 0, 0, 0) carrick(7, 0, 0, 0)
[265/896] MATCH     fs/pwritev202_64 docker(7, 0, 0, 0) carrick(7, 0, 0, 0)
[266/896] MATCH     fs/read01 docker(1, 0, 0, 0) carrick(1, 0, 0, 0)
[267/896] MATCH     fs/read02 docker(5, 0, 0, 0) carrick(5, 0, 0, 0)
[268/896] MATCH     fs/read03 docker(1, 0, 0, 0) carrick(1, 0, 0, 0)
[269/896] MATCH     fs/read04 docker(1, 0, 0, 0) carrick(1, 0, 0, 0)
[270/896] DIFF      fs/readahead01 docker(14, 0, 0, 0) carrick(0, 0, 0, 0)
[271/896] MATCH     fs/readlink01 docker(2, 0, 0, 0) carrick(2, 0, 0, 0)
[272/896] DIFF      fs/readlink03 docker(8, 0, 0, 0) carrick(5, 3, 0, 0)
[273/896] DIFF      fs/readlinkat01 docker(12, 0, 0, 0) carrick(10, 2, 0, 0)
[274/896] MATCH     fs/readlinkat02 docker(6, 0, 0, 0) carrick(6, 0, 0, 0)
[275/896] MATCH     fs/readv01 docker(10, 0, 0, 0) carrick(10, 0, 0, 0)
[276/896] MATCH     fs/readv02 docker(5, 0, 0, 0) carrick(5, 0, 0, 0)
[277/896] DIFF      fs/rename09 docker(1, 0, 0, 0) carrick(0, 1, 0, 0)
[278/896] MATCH     fs/rename14 docker(1, 0, 0, 0) carrick(1, 0, 0, 0)
[279/896] DIFF      fs/renameat201 docker(6, 0, 0, 0) carrick(4, 2, 0, 0)
[280/896] DIFF      fs/renameat202 docker(1, 0, 0, 0) carrick(0, 1, 0, 0)
[281/896] MATCH     fs/rmdir01 docker(1, 0, 0, 0) carrick(1, 0, 0, 0)
[282/896] MATCH     fs/rmdir03 docker(2, 0, 0, 0) carrick(2, 0, 0, 0)
[283/896] MATCH     fs/sendfile02 docker(2, 0, 0, 0) carrick(2, 0, 0, 0)
[284/896] MATCH     fs/sendfile02_64 docker(2, 0, 0, 0) carrick(2, 0, 0, 0)
[285/896] MATCH     fs/sendfile03 docker(4, 0, 0, 0) carrick(4, 0, 0, 0)
[286/896] MATCH     fs/sendfile03_64 docker(4, 0, 0, 0) carrick(4, 0, 0, 0)
[287/896] DIFF      fs/sendfile04 docker(5, 0, 0, 0) carrick(1, 4, 0, 0)
[288/896] DIFF      fs/sendfile04_64 docker(5, 0, 0, 0) carrick(1, 4, 0, 0)
[289/896] MATCH     fs/sendfile05 docker(1, 0, 0, 0) carrick(1, 0, 0, 0)
[290/896] MATCH     fs/sendfile05_64 docker(1, 0, 0, 0) carrick(1, 0, 0, 0)
[291/896] DIFF      fs/sendfile06 docker(1, 0, 0, 0) carrick(0, 1, 0, 0)
[292/896] DIFF      fs/sendfile06_64 docker(1, 0, 0, 0) carrick(0, 1, 0, 0)
[293/896] TBROK     fs/sendfile07 docker(1, 0, 0, 0) carrick(0, 0, 1, 0)
[294/896] TBROK     fs/sendfile07_64 docker(1, 0, 0, 0) carrick(0, 0, 1, 0)
[295/896] MATCH     fs/sendfile08 docker(1, 0, 0, 0) carrick(1, 0, 0, 0)
[296/896] MATCH     fs/sendfile08_64 docker(1, 0, 0, 0) carrick(1, 0, 0, 0)
[297/896] DIFF      fs/sendfile09 docker(2, 0, 0, 0) carrick(0, 0, 0, 0)
[298/896] DIFF      fs/sendfile09_64 docker(2, 0, 0, 0) carrick(0, 0, 0, 0)
[299/896] MATCH     fs/splice01 docker(1, 0, 0, 0) carrick(1, 0, 0, 0)
[300/896] MATCH     fs/splice02 docker(1, 0, 0, 0) carrick(1, 0, 0, 0)
[301/896] DIFF      fs/splice03 docker(7, 0, 0, 0) carrick(3, 4, 0, 0)
[302/896] MATCH     fs/splice04 docker(1, 0, 0, 0) carrick(1, 0, 0, 0)
[303/896] TIMEOUT   fs/splice05 docker(1, 0, 0, 0) carrick(0, 0, 0, 0)
[304/896] DIFF      fs/splice07 docker(279, 0, 0, 0) carrick(264, 15, 0, 0)
[305/896] DIFF      fs/splice08 docker(36, 0, 0, 0) carrick(28, 8, 0, 0)
[306/896] MATCH     fs/splice09 docker(2, 0, 0, 0) carrick(2, 0, 0, 0)
[307/896] MATCH     fs/stat01 docker(12, 0, 0, 0) carrick(12, 0, 0, 0)
[308/896] MATCH     fs/stat01_64 docker(12, 0, 0, 0) carrick(12, 0, 0, 0)
[309/896] MATCH     fs/stat02 docker(2, 0, 0, 0) carrick(2, 0, 0, 0)
[310/896] MATCH     fs/stat02_64 docker(2, 0, 0, 0) carrick(2, 0, 0, 0)
[311/896] DIFF      fs/stat03 docker(6, 0, 0, 0) carrick(4, 2, 0, 0)
[312/896] DIFF      fs/stat03_64 docker(6, 0, 0, 0) carrick(4, 2, 0, 0)
[313/896] DIFF      fs/statfs02 docker(6, 0, 0, 0) carrick(5, 1, 0, 0)
[314/896] DIFF      fs/statfs02_64 docker(6, 0, 0, 0) carrick(5, 1, 0, 0)
[315/896] DIFF      fs/statfs03 docker(1, 0, 0, 0) carrick(0, 1, 0, 0)
[316/896] DIFF      fs/statfs03_64 docker(1, 0, 0, 0) carrick(0, 1, 0, 0)
[317/896] DIFF      fs/statvfs02 docker(5, 0, 0, 0) carrick(4, 1, 0, 0)
[318/896] TBROK     fs/statx01 docker(12, 0, 0, 0) carrick(0, 0, 1, 0)
[319/896] MATCH     fs/statx02 docker(5, 0, 0, 0) carrick(5, 0, 0, 0)
[320/896] MATCH     fs/statx03 docker(7, 0, 0, 0) carrick(7, 0, 0, 0)
[321/896] MATCH     fs/symlink01 docker(5, 0, 0, 0) carrick(5, 0, 0, 0)
[322/896] MATCH     fs/symlink02 docker(1, 0, 0, 0) carrick(1, 0, 0, 0)
[323/896] MATCH     fs/symlink03 docker(6, 0, 0, 0) carrick(6, 0, 0, 0)
[324/896] MATCH     fs/symlink04 docker(2, 0, 0, 0) carrick(2, 0, 0, 0)
[325/896] DIFF      fs/symlinkat01 docker(10, 0, 0, 0) carrick(9, 1, 0, 0)
[326/896] MATCH     fs/sync_file_range01 docker(5, 0, 0, 0) carrick(5, 0, 0, 0)
[327/896] TBROK     fs/tee01 docker(1, 0, 0, 0) carrick(0, 0, 1, 0)
[328/896] DIFF      fs/tee02 docker(3, 0, 0, 0) carrick(0, 3, 0, 0)
[329/896] MATCH     fs/truncate02 docker(2, 0, 0, 0) carrick(2, 0, 0, 0)
[330/896] MATCH     fs/truncate02_64 docker(2, 0, 0, 0) carrick(2, 0, 0, 0)
[331/896] DIFF      fs/truncate03 docker(8, 0, 0, 0) carrick(5, 3, 0, 0)
[332/896] DIFF      fs/truncate03_64 docker(8, 0, 0, 0) carrick(5, 3, 0, 0)
[333/896] MATCH     fs/umask01 docker(1, 0, 0, 0) carrick(1, 0, 0, 0)
[334/896] MATCH     fs/unlink05 docker(2, 0, 0, 0) carrick(2, 0, 0, 0)
[335/896] MATCH     fs/unlink07 docker(6, 0, 0, 0) carrick(6, 0, 0, 0)
[336/896] MATCH     fs/unlink08 docker(4, 0, 0, 0) carrick(4, 0, 0, 0)
[337/896] MATCH     fs/unlinkat01 docker(7, 0, 0, 0) carrick(7, 0, 0, 0)
[338/896] DIFF      fs/utime07 docker(5, 0, 0, 0) carrick(1, 4, 0, 0)
[339/896] TBROK     fs/vmsplice01 docker(1, 0, 0, 0) carrick(0, 0, 1, 0)
[340/896] DIFF      fs/vmsplice02 docker(3, 0, 0, 0) carrick(0, 3, 0, 0)
[341/896] TBROK     fs/vmsplice03 docker(1, 0, 0, 0) carrick(0, 0, 1, 0)
[342/896] TBROK     fs/vmsplice04 docker(2, 0, 0, 0) carrick(0, 0, 1, 0)
[343/896] MATCH     fs/write01 docker(1, 0, 0, 0) carrick(1, 0, 0, 0)
[344/896] MATCH     fs/write02 docker(2, 0, 0, 0) carrick(2, 0, 0, 0)
[345/896] MATCH     fs/write03 docker(1, 0, 0, 0) carrick(1, 0, 0, 0)
[346/896] MATCH     fs/write04 docker(1, 0, 0, 0) carrick(1, 0, 0, 0)
[347/896] MATCH     fs/write05 docker(3, 0, 0, 0) carrick(3, 0, 0, 0)
[348/896] MATCH     fs/write06 docker(2, 0, 0, 0) carrick(2, 0, 0, 0)
[349/896] MATCH     fs/writev01 docker(6, 0, 0, 0) carrick(6, 0, 0, 0)
[350/896] MATCH     fs/writev02 docker(1, 0, 0, 0) carrick(1, 0, 0, 0)
[351/896] MATCH     fs/writev05 docker(1, 0, 0, 0) carrick(1, 0, 0, 0)
[352/896] MATCH     fs/writev06 docker(1, 0, 0, 0) carrick(1, 0, 0, 0)
[353/896] DIFF      fs/writev07 docker(8, 0, 0, 0) carrick(2, 6, 0, 0)
[354/896] TBROK     ipc/mq_notify01 docker(7, 0, 0, 0) carrick(0, 0, 1, 0)
[355/896] DIFF      ipc/mq_notify02 docker(2, 0, 0, 0) carrick(0, 2, 0, 0)
[356/896] TBROK     ipc/mq_notify03 docker(7, 0, 0, 0) carrick(0, 0, 1, 0)
[357/896] TBROK     ipc/mq_timedreceive01 docker(30, 0, 0, 0) carrick(0, 0, 1, 0)
[358/896] TBROK     ipc/mq_timedsend01 docker(34, 0, 0, 0) carrick(0, 0, 1, 0)
[359/896] TBROK     ipc/mq_unlink01 docker(4, 0, 0, 0) carrick(0, 0, 1, 0)
[360/896] MATCH     ipc/msgctl01 docker(14, 0, 0, 0) carrick(14, 0, 0, 0)
[361/896] DIFF      ipc/msgctl02 docker(2, 0, 0, 0) carrick(1, 1, 0, 0)
[362/896] MATCH     ipc/msgctl03 docker(2, 0, 0, 0) carrick(2, 0, 0, 0)
[363/896] DIFF      ipc/msgctl04 docker(12, 0, 0, 0) carrick(7, 5, 0, 0)
[364/896] DIFF      ipc/msgctl06 docker(10, 0, 0, 0) carrick(0, 0, 0, 0)
[365/896] TBROK     ipc/msgctl12 docker(3, 0, 0, 0) carrick(0, 0, 1, 0)
[366/896] MATCH     ipc/msgget01 docker(1, 0, 0, 0) carrick(1, 0, 0, 0)
[367/896] MATCH     ipc/msgget02 docker(6, 0, 0, 0) carrick(6, 0, 0, 0)
[368/896] MATCH     ipc/msgrcv01 docker(4, 0, 0, 0) carrick(4, 0, 0, 0)
[369/896] TBROK     ipc/msgrcv02 docker(8, 0, 0, 0) carrick(3, 1, 1, 0)
[370/896] DIFF      ipc/msgrcv03 docker(3, 0, 0, 0) carrick(0, 0, 0, 1)
[371/896] MATCH     ipc/msgrcv05 docker(1, 0, 0, 0) carrick(1, 0, 0, 0)
[372/896] MATCH     ipc/msgrcv06 docker(1, 0, 0, 0) carrick(1, 0, 0, 0)
[373/896] DIFF      ipc/msgrcv07 docker(15, 0, 0, 0) carrick(11, 2, 0, 0)
[374/896] MATCH     ipc/msgrcv08 docker(1, 0, 0, 0) carrick(1, 0, 0, 0)
[375/896] MATCH     ipc/msgsnd01 docker(3, 0, 0, 0) carrick(3, 0, 0, 0)
[376/896] DIFF      ipc/msgsnd02 docker(6, 0, 0, 0) carrick(5, 1, 0, 0)
[377/896] MATCH     ipc/msgsnd05 docker(2, 0, 0, 0) carrick(2, 0, 0, 0)
[378/896] MATCH     ipc/msgsnd06 docker(1, 0, 0, 0) carrick(1, 0, 0, 0)
[379/896] TBROK     ipc/semctl01 docker(13, 0, 0, 0) carrick(2, 2, 1, 0)
[380/896] MATCH     ipc/semctl02 docker(1, 0, 0, 0) carrick(1, 0, 0, 0)
[381/896] DIFF      ipc/semctl03 docker(6, 0, 0, 0) carrick(5, 1, 0, 0)
[382/896] DIFF      ipc/semctl04 docker(2, 0, 0, 0) carrick(0, 2, 0, 0)
[383/896] MATCH     ipc/semctl05 docker(3, 0, 0, 0) carrick(3, 0, 0, 0)
[384/896] TBROK     ipc/semctl07 docker(16, 0, 0, 0) carrick(16, 0, 1, 0)
[385/896] DIFF      ipc/semctl09 docker(16, 0, 0, 0) carrick(0, 0, 0, 0)
[386/896] TBROK     ipc/semget01 docker(3, 0, 0, 0) carrick(3, 0, 1, 0)
[387/896] DIFF      ipc/semget02 docker(6, 0, 0, 0) carrick(5, 1, 0, 0)
[388/896] DIFF      ipc/semget05 docker(1, 0, 0, 0) carrick(0, 0, 0, 0)
[389/896] MATCH     ipc/semop01 docker(4, 0, 0, 0) carrick(4, 0, 0, 0)
[390/896] TBROK     ipc/semop02 docker(23, 0, 0, 0) carrick(0, 0, 1, 0)
[391/896] TIMEOUT   ipc/semop03 docker(8, 0, 0, 0) carrick(0, 0, 0, 0)
[392/896] MATCH     ipc/semop04 docker(1, 0, 0, 0) carrick(1, 0, 0, 0)
[393/896] MATCH     ipc/semop05 docker(1, 0, 0, 0) carrick(1, 0, 0, 0)
[394/896] MATCH     mm/brk01 docker(2, 0, 0, 0) carrick(2, 0, 0, 0)
[395/896] MATCH     mm/brk02 docker(2, 0, 0, 0) carrick(2, 0, 0, 0)
[396/896] TBROK     mm/madvise02 docker(10, 0, 0, 0) carrick(3, 0, 1, 0)
[397/896] MATCH     mm/madvise03 docker(1, 0, 0, 0) carrick(1, 0, 0, 0)
[398/896] TBROK     mm/madvise05 docker(1, 0, 0, 0) carrick(0, 0, 1, 0)
[399/896] MATCH_PARTIAL mm/madvise10 docker(12, 0, 0, 0) carrick(3, 0, 0, 0)
[400/896] TBROK     mm/memfd_create01 docker(157, 0, 0, 0) carrick(2, 0, 1, 0)
[401/896] MATCH     mm/memfd_create02 docker(14, 0, 0, 0) carrick(14, 0, 0, 0)
[402/896] DIFF      mm/memfd_create04 docker(9, 0, 0, 0) carrick(0, 0, 0, 0)
[403/896] DIFF      mm/mincore01 docker(4, 0, 0, 0) carrick(0, 0, 0, 0)
[404/896] TIMEOUT   mm/mincore02 docker(2, 0, 0, 0) carrick(0, 0, 0, 0)
[405/896] DIFF      mm/mincore03 docker(2, 0, 0, 0) carrick(1, 1, 0, 0)
[406/896] MATCH     mm/mincore04 docker(1, 0, 0, 0) carrick(1, 0, 0, 0)
[407/896] MATCH     mm/mlock01 docker(4, 0, 0, 0) carrick(4, 0, 0, 0)
[408/896] MATCH     mm/mlock03 docker(1, 0, 0, 0) carrick(1, 0, 0, 0)
[409/896] MATCH     mm/mlock04 docker(1, 0, 0, 0) carrick(1, 0, 0, 0)
[410/896] TBROK     mm/mlock05 docker(2, 0, 0, 0) carrick(0, 0, 1, 0)
[411/896] DIFF      mm/mlock201 docker(8, 0, 0, 0) carrick(0, 0, 0, 0)
[412/896] DIFF      mm/mlock203 docker(1, 0, 0, 0) carrick(0, 0, 0, 0)
[413/896] MATCH     mm/mlockall01 docker(3, 0, 0, 0) carrick(3, 0, 0, 0)
[414/896] MATCH     mm/mmap01 docker(1, 0, 0, 0) carrick(1, 0, 0, 0)
[415/896] MATCH     mm/mmap02 docker(1, 0, 0, 0) carrick(1, 0, 0, 0)
[416/896] TBROK     mm/mmap04 docker(14, 0, 0, 0) carrick(0, 0, 1, 0)
[417/896] DIFF      mm/mmap05 docker(1, 0, 0, 0) carrick(0, 1, 0, 0)
[418/896] DIFF      mm/mmap06 docker(8, 0, 0, 0) carrick(2, 6, 0, 0)
[419/896] MATCH     mm/mmap08 docker(1, 0, 0, 0) carrick(1, 0, 0, 0)
[420/896] MATCH     mm/mmap09 docker(3, 0, 0, 0) carrick(3, 0, 0, 0)
[421/896] DIFF      mm/mmap12 docker(1, 0, 0, 0) carrick(0, 1, 0, 0)
[422/896] DIFF      mm/mmap13 docker(1, 0, 0, 0) carrick(0, 1, 0, 0)
[423/896] DIFF      mm/mmap14 docker(1, 0, 0, 0) carrick(0, 1, 0, 0)
[424/896] MATCH     mm/mmap15 docker(1, 0, 0, 0) carrick(1, 0, 0, 0)
[425/896] DIFF      mm/mmap17 docker(1, 0, 0, 0) carrick(0, 1, 0, 0)
[426/896] TIMEOUT   mm/mmap18 docker(4, 0, 0, 0) carrick(0, 0, 0, 0)
[427/896] MATCH     mm/mmap19 docker(1, 0, 0, 0) carrick(1, 0, 0, 0)
[428/896] DIFF      mm/mmap20 docker(1, 0, 0, 0) carrick(0, 1, 0, 0)
[429/896] TBROK     mm/mprotect01 docker(3, 0, 0, 0) carrick(1, 1, 2, 0)
[430/896] TBROK     mm/mprotect02 docker(2, 0, 0, 0) carrick(0, 0, 2, 0)
[431/896] DIFF      mm/mprotect03 docker(1, 0, 0, 0) carrick(0, 1, 0, 0)
[432/896] DIFF      mm/mprotect04 docker(2, 0, 0, 0) carrick(0, 0, 0, 0)
[433/896] MATCH     mm/mprotect05 docker(1, 0, 0, 0) carrick(1, 0, 0, 0)
[434/896] TIMEOUT   mm/mremap01 docker(1, 0, 0, 0) carrick(0, 0, 0, 0)
[435/896] MATCH     mm/mremap02 docker(1, 0, 0, 0) carrick(1, 0, 0, 0)
[436/896] MATCH     mm/mremap03 docker(1, 0, 0, 0) carrick(1, 0, 0, 0)
[437/896] DIFF      mm/mremap04 docker(1, 0, 0, 0) carrick(0, 1, 0, 0)
[438/896] DIFF      mm/mremap05 docker(7, 0, 0, 0) carrick(2, 4, 0, 0)
[439/896] TBROK     mm/mremap06 docker(3, 0, 0, 0) carrick(0, 0, 1, 0)
[440/896] MATCH     mm/msync01 docker(1, 0, 0, 0) carrick(1, 0, 0, 0)
[441/896] MATCH     mm/msync02 docker(1, 0, 0, 0) carrick(1, 0, 0, 0)
[442/896] DIFF      mm/msync03 docker(6, 0, 0, 0) carrick(2, 4, 0, 0)
[443/896] MATCH     mm/munlock01 docker(4, 0, 0, 0) carrick(4, 0, 0, 0)
[444/896] DIFF      mm/munlock02 docker(1, 0, 0, 0) carrick(0, 1, 0, 0)
[445/896] TBROK     mm/munlockall01 docker(2, 0, 0, 0) carrick(0, 0, 1, 0)
[446/896] MATCH     mm/munmap01 docker(1, 0, 0, 0) carrick(1, 0, 0, 0)
[447/896] MATCH     mm/munmap02 docker(1, 0, 0, 0) carrick(1, 0, 0, 0)
[448/896] MATCH     mm/munmap03 docker(3, 0, 0, 0) carrick(3, 0, 0, 0)
[449/896] TBROK     mm/remap_file_pages01 docker(2, 0, 0, 0) carrick(0, 8, 2, 0)
[450/896] DIFF      mm/remap_file_pages02 docker(4, 0, 0, 0) carrick(0, 0, 0, 0)
[451/896] MATCH     mm/sbrk01 docker(3, 0, 0, 0) carrick(3, 0, 0, 0)
[452/896] MATCH     mm/sbrk02 docker(1, 0, 0, 0) carrick(1, 0, 0, 0)
[453/896] DIFF      mm/shmat01 docker(4, 0, 0, 0) carrick(1, 3, 0, 0)
[454/896] DIFF      mm/shmat02 docker(3, 0, 0, 0) carrick(1, 2, 0, 0)
[455/896] MATCH     mm/shmat03 docker(1, 0, 0, 0) carrick(1, 0, 0, 0)
[456/896] MATCH     mm/shmat04 docker(1, 0, 0, 0) carrick(1, 0, 0, 0)
[457/896] DIFF      mm/shmctl01 docker(12, 0, 0, 0) carrick(10, 2, 0, 0)
[458/896] DIFF      mm/shmctl02 docker(20, 0, 0, 0) carrick(7, 13, 0, 0)
[459/896] TBROK     mm/shmctl03 docker(4, 0, 0, 0) carrick(0, 1, 1, 0)
[460/896] DIFF      mm/shmctl04 docker(12, 0, 0, 0) carrick(0, 0, 0, 0)
[461/896] DIFF      mm/shmctl05 docker(1, 0, 0, 0) carrick(0, 0, 0, 0)
[462/896] DIFF      mm/shmctl07 docker(4, 0, 0, 0) carrick(1, 3, 0, 0)
[463/896] DIFF      mm/shmctl08 docker(6, 0, 0, 0) carrick(2, 4, 0, 0)
[464/896] DIFF      mm/shmdt01 docker(2, 0, 0, 0) carrick(1, 1, 0, 0)
[465/896] MATCH     mm/shmdt02 docker(2, 0, 0, 0) carrick(2, 0, 0, 0)
[466/896] TBROK     mm/shmget03 docker(1, 0, 0, 0) carrick(0, 0, 1, 0)
[467/896] DIFF      mm/shmget04 docker(3, 0, 0, 0) carrick(0, 3, 0, 0)
[468/896] MATCH     net/accept01 docker(5, 0, 0, 0) carrick(5, 0, 0, 0)
[469/896] TBROK     net/accept02 docker(1, 0, 0, 0) carrick(0, 0, 1, 0)
[470/896] DIFF      net/accept03 docker(15, 0, 0, 0) carrick(14, 1, 0, 0)
[471/896] MATCH     net/accept4_01 docker(8, 0, 0, 0) carrick(8, 0, 0, 0)
[472/896] DIFF      net/bind01 docker(7, 0, 0, 0) carrick(6, 1, 0, 0)
[473/896] DIFF      net/bind03 docker(3, 0, 0, 0) carrick(2, 1, 0, 0)
[474/896] TBROK     net/bind04 docker(16, 0, 0, 0) carrick(1, 0, 1, 0)
[475/896] TBROK     net/bind05 docker(14, 0, 0, 0) carrick(1, 0, 1, 0)
[476/896] DIFF      net/connect01 docker(7, 0, 0, 0) carrick(6, 1, 0, 0)
[477/896] TBROK     net/connect02 docker(1, 0, 0, 0) carrick(0, 0, 1, 0)
[478/896] MATCH     net/getpeername01 docker(7, 0, 0, 0) carrick(7, 0, 0, 0)
[479/896] MATCH     net/getsockname01 docker(6, 0, 0, 0) carrick(6, 0, 0, 0)
[480/896] DIFF      net/getsockopt01 docker(9, 0, 0, 0) carrick(5, 4, 0, 0)
[481/896] MATCH     net/getsockopt02 docker(1, 0, 0, 0) carrick(1, 0, 0, 0)
[482/896] MATCH     net/listen01 docker(3, 0, 0, 0) carrick(3, 0, 0, 0)
[483/896] MATCH     net/recv01 docker(5, 0, 0, 0) carrick(5, 0, 0, 0)
[484/896] DIFF      net/recvfrom01 docker(7, 0, 0, 0) carrick(6, 1, 0, 0)
[485/896] TIMEOUT   net/recvmmsg01 docker(10, 0, 0, 0) carrick(0, 0, 0, 0)
[486/896] TBROK     net/recvmsg01 docker(10, 0, 0, 0) carrick(1, 0, 1, 0)
[487/896] MATCH     net/recvmsg02 docker(1, 0, 0, 0) carrick(1, 0, 0, 0)
[488/896] MATCH     net/send01 docker(6, 0, 0, 0) carrick(6, 0, 0, 0)
[489/896] DIFF      net/send02 docker(4, 0, 0, 0) carrick(0, 4, 0, 0)
[490/896] MATCH     net/sendmmsg01 docker(4, 0, 0, 0) carrick(4, 0, 0, 0)
[491/896] MATCH     net/sendmmsg02 docker(4, 0, 0, 0) carrick(4, 0, 0, 0)
[492/896] MATCH     net/sendmsg02 docker(1, 0, 0, 0) carrick(1, 0, 0, 0)
[493/896] DIFF      net/sendto01 docker(10, 0, 0, 0) carrick(7, 3, 0, 0)
[494/896] DIFF      net/sendto02 docker(1, 0, 0, 0) carrick(0, 0, 0, 0)
[495/896] DIFF      net/setsockopt01 docker(8, 0, 0, 0) carrick(6, 2, 0, 0)
[496/896] TBROK     net/setsockopt02 docker(2, 0, 0, 0) carrick(0, 0, 1, 0)
[497/896] MATCH     net/setsockopt03 docker(1, 0, 0, 0) carrick(1, 0, 0, 0)
[498/896] TBROK     net/shutdown01 docker(6, 0, 0, 0) carrick(6, 0, 3, 0)
[499/896] MATCH     net/shutdown02 docker(4, 0, 0, 0) carrick(4, 0, 0, 0)
[500/896] DIFF      net/socket01 docker(9, 0, 0, 0) carrick(4, 5, 0, 0)
[501/896] MATCH     net/socket02 docker(4, 0, 0, 0) carrick(4, 0, 0, 0)
[502/896] DIFF      net/socketpair01 docker(10, 0, 0, 0) carrick(6, 4, 0, 0)
[503/896] MATCH     net/socketpair02 docker(4, 0, 0, 0) carrick(4, 0, 0, 0)
[504/896] TBROK     net/sockioctl01 docker(8, 0, 0, 0) carrick(3, 2, 2, 0)
[505/896] MATCH     other/cachestat02 docker(20, 0, 0, 0) carrick(20, 0, 0, 0)
[506/896] MATCH     other/confstr01 docker(34, 0, 0, 0) carrick(34, 0, 0, 0)
[507/896] MATCH     other/fchdir01 docker(1, 0, 0, 0) carrick(1, 0, 0, 0)
[508/896] MATCH     other/fchdir02 docker(1, 0, 0, 0) carrick(1, 0, 0, 0)
[509/896] DIFF      other/fchdir03 docker(1, 0, 0, 0) carrick(0, 1, 0, 0)
[510/896] DIFF      other/fmtmsg01 docker(5, 0, 0, 0) carrick(3, 2, 0, 0)
[511/896] MATCH     other/fpathconf01 docker(9, 0, 0, 0) carrick(9, 0, 0, 0)
[512/896] MATCH     other/ftruncate01 docker(2, 0, 0, 0) carrick(2, 0, 0, 0)
[513/896] MATCH     other/ftruncate01_64 docker(2, 0, 0, 0) carrick(2, 0, 0, 0)
[514/896] MATCH     other/ftruncate03 docker(4, 0, 0, 0) carrick(4, 0, 0, 0)
[515/896] MATCH     other/ftruncate03_64 docker(4, 0, 0, 0) carrick(4, 0, 0, 0)
[516/896] MATCH     other/get_robust_list01 docker(5, 0, 0, 0) carrick(5, 0, 0, 0)
[517/896] MATCH     other/getcontext01 docker(2, 0, 0, 0) carrick(2, 0, 0, 0)
[518/896] MATCH     other/getdomainname01 docker(1, 0, 0, 0) carrick(1, 0, 0, 0)
[519/896] MATCH     other/gethostbyname_r01 docker(1, 0, 0, 0) carrick(1, 0, 0, 0)
[520/896] MATCH     other/gethostid01 docker(5, 0, 0, 0) carrick(5, 0, 0, 0)
[521/896] MATCH     other/gethostname01 docker(1, 0, 0, 0) carrick(1, 0, 0, 0)
[522/896] MATCH     other/gethostname02 docker(1, 0, 0, 0) carrick(1, 0, 0, 0)
[523/896] MATCH     other/getpagesize01 docker(1, 0, 0, 0) carrick(1, 0, 0, 0)
[524/896] MATCH     other/ioprio_get01 docker(1, 0, 0, 0) carrick(1, 0, 0, 0)
[525/896] MATCH_PARTIAL other/ioprio_set01 docker(1, 0, 0, 0) carrick(2, 0, 0, 0)
[526/896] MATCH     other/ioprio_set02 docker(3, 0, 0, 0) carrick(3, 0, 0, 0)
[527/896] MATCH     other/ioprio_set03 docker(3, 0, 0, 0) carrick(3, 0, 0, 0)
[528/896] DIFF      other/lchown01 docker(6, 0, 0, 0) carrick(0, 6, 0, 0)
[529/896] DIFF      other/lchown02 docker(6, 0, 0, 0) carrick(4, 2, 0, 0)
[530/896] DIFF      other/llseek01 docker(5, 0, 0, 0) carrick(1, 1, 0, 0)
[531/896] MATCH     other/llseek02 docker(2, 0, 0, 0) carrick(2, 0, 0, 0)
[532/896] MATCH     other/llseek03 docker(18, 0, 0, 0) carrick(18, 0, 0, 0)
[533/896] MATCH     other/mallinfo02 docker(2, 0, 0, 0) carrick(2, 0, 0, 0)
[534/896] MATCH     other/mallinfo2_01 docker(1, 0, 0, 0) carrick(1, 0, 0, 0)
[535/896] MATCH     other/mallopt01 docker(5, 0, 0, 0) carrick(5, 0, 0, 0)
[536/896] MATCH     other/memcmp01 docker(2, 0, 0, 0) carrick(2, 0, 0, 0)
[537/896] MATCH     other/memcpy01 docker(2, 0, 0, 0) carrick(2, 0, 0, 0)
[538/896] MATCH     other/memset01 docker(1, 0, 0, 0) carrick(1, 0, 0, 0)
[539/896] TBROK     other/msgstress01 docker(1, 0, 0, 0) carrick(0, 0, 1, 0)
[540/896] MATCH     other/newuname01 docker(1, 0, 0, 0) carrick(1, 0, 0, 0)
[541/896] DIFF      other/nftw01 docker(31, 0, 0, 0) carrick(14, 1, 0, 0)
[542/896] DIFF      other/nftw6401 docker(31, 0, 0, 0) carrick(14, 1, 0, 0)
[543/896] MATCH     other/pathconf01 docker(17, 0, 0, 0) carrick(17, 0, 0, 0)
[544/896] DIFF      other/pathconf02 docker(6, 0, 0, 0) carrick(3, 3, 0, 0)
[545/896] MATCH     other/posix_fadvise01 docker(6, 0, 0, 0) carrick(6, 0, 0, 0)
[546/896] MATCH     other/posix_fadvise01_64 docker(6, 0, 0, 0) carrick(6, 0, 0, 0)
[547/896] MATCH     other/posix_fadvise02 docker(6, 0, 0, 0) carrick(6, 0, 0, 0)
[548/896] MATCH     other/posix_fadvise02_64 docker(6, 0, 0, 0) carrick(6, 0, 0, 0)
[549/896] MATCH     other/posix_fadvise03 docker(32, 0, 0, 0) carrick(32, 0, 0, 0)
[550/896] MATCH     other/posix_fadvise03_64 docker(32, 0, 0, 0) carrick(32, 0, 0, 0)
[551/896] MATCH     other/posix_fadvise04 docker(6, 0, 0, 0) carrick(6, 0, 0, 0)
[552/896] MATCH     other/posix_fadvise04_64 docker(6, 0, 0, 0) carrick(6, 0, 0, 0)
[553/896] MATCH     other/profil01 docker(1, 0, 0, 0) carrick(1, 0, 0, 0)
[554/896] TBROK     other/realpath01 docker(1, 0, 0, 0) carrick(0, 0, 1, 0)
[555/896] MATCH     other/rt_tgsigqueueinfo01 docker(3, 0, 0, 0) carrick(3, 0, 0, 0)
[556/896] MATCH     other/set_robust_list01 docker(2, 0, 0, 0) carrick(2, 0, 0, 0)
[557/896] MATCH     other/setegid01 docker(4, 0, 0, 0) carrick(4, 0, 0, 0)
[558/896] MATCH     other/setegid02 docker(1, 0, 0, 0) carrick(1, 0, 0, 0)
[559/896] MATCH     other/setfsgid01 docker(2, 0, 0, 0) carrick(2, 0, 0, 0)
[560/896] MATCH     other/setfsgid02 docker(4, 0, 0, 0) carrick(4, 0, 0, 0)
[561/896] MATCH     other/setfsgid03 docker(1, 0, 0, 0) carrick(1, 0, 0, 0)
[562/896] MATCH     other/setfsuid01 docker(2, 0, 0, 0) carrick(2, 0, 0, 0)
[563/896] MATCH     other/setfsuid02 docker(1, 0, 0, 0) carrick(1, 0, 0, 0)
[564/896] MATCH     other/setfsuid03 docker(1, 0, 0, 0) carrick(1, 0, 0, 0)
[565/896] DIFF      other/setfsuid04 docker(1, 0, 0, 0) carrick(0, 1, 0, 0)
[566/896] MATCH     other/setpgrp01 docker(1, 0, 0, 0) carrick(1, 0, 0, 0)
[567/896] MATCH     other/setpgrp02 docker(2, 0, 0, 0) carrick(2, 0, 0, 0)
[568/896] MATCH     other/string01 docker(1, 0, 0, 0) carrick(1, 0, 0, 0)
[569/896] MATCH     other/syscall01 docker(3, 0, 0, 0) carrick(3, 0, 0, 0)
[570/896] MATCH_PARTIAL other/sysconf01 docker(45, 0, 0, 11) carrick(46, 0, 0, 10)
[571/896] MATCH     other/ulimit01 docker(3, 0, 0, 0) carrick(3, 0, 0, 0)
[572/896] MATCH     other/vhangup01 docker(1, 0, 0, 0) carrick(1, 0, 0, 0)
[573/896] MATCH     process/capget01 docker(6, 0, 0, 0) carrick(6, 0, 0, 0)
[574/896] MATCH     process/capget02 docker(5, 0, 0, 0) carrick(5, 0, 0, 0)
[575/896] MATCH     process/capset01 docker(3, 0, 0, 0) carrick(3, 0, 0, 0)
[576/896] TBROK     process/capset02 docker(6, 0, 0, 0) carrick(0, 0, 1, 0)
[577/896] TBROK     process/capset03 docker(1, 0, 0, 0) carrick(0, 0, 1, 0)
[578/896] TIMEOUT   process/capset04 docker(1, 0, 0, 0) carrick(0, 0, 0, 0)
[579/896] TBROK     process/execl01 docker(1, 0, 0, 0) carrick(0, 0, 1, 0)
[580/896] TBROK     process/execle01 docker(1, 0, 0, 0) carrick(0, 0, 1, 0)
[581/896] TBROK     process/execlp01 docker(1, 0, 0, 0) carrick(0, 0, 1, 0)
[582/896] TBROK     process/execv01 docker(1, 0, 0, 0) carrick(0, 0, 1, 0)
[583/896] TBROK     process/execve01 docker(1, 0, 0, 0) carrick(0, 0, 1, 0)
[584/896] TIMEOUT   process/execve02 docker(1, 0, 0, 0) carrick(0, 0, 0, 0)
[585/896] DIFF      process/execve03 docker(6, 0, 0, 0) carrick(2, 4, 0, 0)
[586/896] TIMEOUT   process/execve05 docker(8, 0, 0, 0) carrick(0, 0, 0, 0)
[587/896] TBROK     process/execve06 docker(1, 0, 0, 0) carrick(0, 0, 1, 0)
[588/896] TIMEOUT   process/execveat01 docker(4, 0, 0, 0) carrick(0, 0, 0, 0)
[589/896] TIMEOUT   process/execveat02 docker(4, 0, 0, 0) carrick(0, 0, 0, 0)
[590/896] TBROK     process/execvp01 docker(1, 0, 0, 0) carrick(0, 0, 1, 0)
[591/896] MATCH     process/exit01 docker(1, 0, 0, 0) carrick(1, 0, 0, 0)
[592/896] MATCH     process/exit02 docker(1, 0, 0, 0) carrick(1, 0, 0, 0)
[593/896] MATCH     process/exit_group01 docker(1, 0, 0, 0) carrick(1, 0, 0, 0)
[594/896] MATCH     process/fork01 docker(2, 0, 0, 0) carrick(2, 0, 0, 0)
[595/896] MATCH     process/fork03 docker(1, 0, 0, 0) carrick(1, 0, 0, 0)
[596/896] TBROK     process/fork04 docker(3, 0, 0, 0) carrick(2, 0, 2, 0)
[597/896] MATCH     process/fork07 docker(1, 0, 0, 0) carrick(1, 0, 0, 0)
[598/896] MATCH     process/fork08 docker(1, 0, 0, 0) carrick(1, 0, 0, 0)
[599/896] MATCH     process/fork10 docker(2, 0, 0, 0) carrick(2, 0, 0, 0)
[600/896] TIMEOUT   process/fork14 docker(1, 0, 0, 0) carrick(0, 0, 0, 0)
[601/896] MATCH     process/getegid01 docker(1, 0, 0, 0) carrick(1, 0, 0, 0)
[602/896] MATCH     process/getegid01_16 docker(1, 0, 0, 0) carrick(1, 0, 0, 0)
[603/896] MATCH     process/getegid02 docker(1, 0, 0, 0) carrick(1, 0, 0, 0)
[604/896] MATCH     process/getegid02_16 docker(1, 0, 0, 0) carrick(1, 0, 0, 0)
[605/896] MATCH     process/geteuid01 docker(1, 0, 0, 0) carrick(1, 0, 0, 0)
[606/896] MATCH     process/geteuid02 docker(2, 0, 0, 0) carrick(2, 0, 0, 0)
[607/896] MATCH     process/getgid01 docker(1, 0, 0, 0) carrick(1, 0, 0, 0)
[608/896] MATCH     process/getgid03 docker(1, 0, 0, 0) carrick(1, 0, 0, 0)
[609/896] MATCH_PARTIAL process/getgroups01 docker(4, 0, 0, 0) carrick(3, 0, 0, 1)
[610/896] MATCH     process/getgroups03 docker(1, 0, 0, 0) carrick(1, 0, 0, 0)
[611/896] TBROK     process/getpgid01 docker(8, 0, 0, 0) carrick(7, 0, 1, 0)
[612/896] MATCH     process/getpgid02 docker(2, 0, 0, 0) carrick(2, 0, 0, 0)
[613/896] MATCH     process/getpgrp01 docker(2, 0, 0, 0) carrick(2, 0, 0, 0)
[614/896] MATCH     process/getpid01 docker(100, 0, 0, 0) carrick(100, 0, 0, 0)
[615/896] MATCH     process/getpid02 docker(2, 0, 0, 0) carrick(2, 0, 0, 0)
[616/896] MATCH     process/getppid01 docker(1, 0, 0, 0) carrick(1, 0, 0, 0)
[617/896] MATCH     process/getppid02 docker(1, 0, 0, 0) carrick(1, 0, 0, 0)
[618/896] MATCH     process/getrandom01 docker(4, 0, 0, 0) carrick(4, 0, 0, 0)
[619/896] MATCH     process/getrandom02 docker(4, 0, 0, 0) carrick(4, 0, 0, 0)
[620/896] MATCH     process/getrandom03 docker(9, 0, 0, 0) carrick(9, 0, 0, 0)
[621/896] MATCH     process/getrandom04 docker(1, 0, 0, 0) carrick(1, 0, 0, 0)
[622/896] MATCH     process/getrandom05 docker(2, 0, 0, 0) carrick(2, 0, 0, 0)
[623/896] MATCH     process/getresgid01 docker(1, 0, 0, 0) carrick(1, 0, 0, 0)
[624/896] MATCH     process/getresgid02 docker(1, 0, 0, 0) carrick(1, 0, 0, 0)
[625/896] MATCH     process/getresgid03 docker(1, 0, 0, 0) carrick(1, 0, 0, 0)
[626/896] MATCH     process/getresuid01 docker(1, 0, 0, 0) carrick(1, 0, 0, 0)
[627/896] MATCH     process/getresuid02 docker(1, 0, 0, 0) carrick(1, 0, 0, 0)
[628/896] MATCH     process/getresuid03 docker(1, 0, 0, 0) carrick(1, 0, 0, 0)
[629/896] MATCH     process/getrlimit01 docker(16, 0, 0, 0) carrick(16, 0, 0, 0)
[630/896] MATCH     process/getrlimit02 docker(2, 0, 0, 0) carrick(2, 0, 0, 0)
[631/896] DIFF      process/getrlimit03 docker(16, 0, 0, 0) carrick(0, 16, 0, 0)
[632/896] MATCH     process/getrusage01 docker(2, 0, 0, 0) carrick(2, 0, 0, 0)
[633/896] MATCH     process/getrusage02 docker(3, 0, 0, 0) carrick(3, 0, 0, 0)
[634/896] MATCH     process/getrusage04 docker(1, 0, 0, 0) carrick(1, 0, 0, 0)
[635/896] MATCH     process/getsid01 docker(1, 0, 0, 0) carrick(1, 0, 0, 0)
[636/896] MATCH     process/getsid02 docker(1, 0, 0, 0) carrick(1, 0, 0, 0)
[637/896] MATCH     process/getuid01 docker(1, 0, 0, 0) carrick(1, 0, 0, 0)
[638/896] MATCH     process/getuid03 docker(2, 0, 0, 0) carrick(2, 0, 0, 0)
[639/896] DIFF      process/inotify01 docker(7, 0, 0, 0) carrick(0, 7, 0, 0)
[640/896] TBROK     process/inotify02 docker(9, 0, 0, 0) carrick(0, 0, 1, 0)
[641/896] TBROK     process/inotify04 docker(5, 0, 0, 0) carrick(0, 0, 1, 0)
[642/896] TBROK     process/inotify05 docker(1, 0, 0, 0) carrick(0, 0, 1, 0)
[643/896] TBROK     process/inotify06 docker(1, 0, 0, 0) carrick(0, 0, 1, 0)
[644/896] TIMEOUT   process/inotify09 docker(1, 0, 0, 0) carrick(0, 0, 0, 0)
[645/896] TBROK     process/inotify10 docker(10, 0, 0, 0) carrick(0, 0, 1, 0)
[646/896] TBROK     process/inotify11 docker(1, 0, 0, 0) carrick(0, 0, 1, 0)
[647/896] TBROK     process/inotify12 docker(9, 0, 0, 0) carrick(0, 0, 1, 0)
[648/896] MATCH     process/inotify_init1_01 docker(4, 0, 0, 0) carrick(4, 0, 0, 0)
[649/896] MATCH     process/inotify_init1_02 docker(4, 0, 0, 0) carrick(4, 0, 0, 0)
[650/896] DIFF      process/io_cancel01 docker(1, 0, 0, 0) carrick(0, 0, 0, 0)
[651/896] DIFF      process/io_destroy02 docker(1, 0, 0, 0) carrick(0, 0, 0, 0)
[652/896] DIFF      process/io_getevents01 docker(1, 0, 0, 0) carrick(0, 0, 0, 0)
[653/896] DIFF      process/io_setup02 docker(5, 0, 0, 0) carrick(0, 0, 0, 0)
[654/896] DIFF      process/io_submit02 docker(2, 0, 0, 0) carrick(0, 0, 0, 0)
[655/896] DIFF      process/io_submit03 docker(7, 0, 0, 0) carrick(0, 0, 0, 0)
[656/896] DIFF      process/ioctl01 docker(9, 0, 0, 0) carrick(7, 2, 0, 0)
[657/896] TBROK     process/ioctl07 docker(1, 0, 0, 0) carrick(0, 0, 1, 0)
[658/896] TBROK     process/ioctl_ns02 docker(1, 0, 0, 0) carrick(0, 0, 1, 0)
[659/896] TBROK     process/ioctl_ns03 docker(1, 0, 0, 0) carrick(0, 0, 1, 0)
[660/896] TBROK     process/ioctl_ns04 docker(1, 0, 0, 0) carrick(0, 0, 1, 0)
[661/896] MATCH     process/ioctl_ns07 docker(4, 0, 0, 0) carrick(4, 0, 0, 0)
[662/896] DIFF      process/keyctl08 docker(1, 0, 0, 0) carrick(0, 0, 0, 0)
[663/896] DIFF      process/membarrier01 docker(12, 0, 0, 0) carrick(10, 2, 0, 0)
[664/896] MATCH     process/pidfd_open01 docker(1, 0, 0, 0) carrick(1, 0, 0, 0)
[665/896] MATCH     process/pidfd_open02 docker(3, 0, 0, 0) carrick(3, 0, 0, 0)
[666/896] MATCH     process/pidfd_open03 docker(1, 0, 0, 0) carrick(1, 0, 0, 0)
[667/896] TBROK     process/pidfd_open04 docker(3, 0, 0, 0) carrick(1, 1, 2, 0)
[668/896] TBROK     process/pidfd_send_signal01 docker(2, 0, 0, 0) carrick(0, 0, 1, 0)
[669/896] TBROK     process/pidfd_send_signal02 docker(4, 0, 0, 0) carrick(0, 0, 1, 0)
[670/896] MATCH     process/prctl01 docker(2, 0, 0, 0) carrick(2, 0, 0, 0)
[671/896] DIFF      process/prctl02 docker(18, 0, 0, 0) carrick(5, 2, 0, 0)
[672/896] DIFF      process/prctl03 docker(6, 0, 0, 0) carrick(0, 0, 0, 0)
[673/896] TBROK     process/prctl05 docker(8, 0, 0, 0) carrick(2, 0, 1, 0)
[674/896] DIFF      process/prctl08 docker(14, 0, 0, 0) carrick(0, 5, 0, 0)
[675/896] DIFF      process/process_vm_readv02 docker(1, 0, 0, 0) carrick(0, 0, 0, 0)
[676/896] DIFF      process/process_vm_readv03 docker(32, 0, 0, 0) carrick(0, 0, 0, 0)
[677/896] DIFF      process/process_vm_writev02 docker(2, 0, 0, 0) carrick(0, 0, 0, 0)
[678/896] TBROK     process/ptrace01 docker(4, 0, 0, 0) carrick(0, 1, 1, 0)
[679/896] DIFF      process/ptrace02 docker(1, 0, 0, 0) carrick(0, 1, 0, 0)
[680/896] TBROK     process/ptrace03 docker(2, 0, 0, 0) carrick(0, 1, 1, 0)
[681/896] DIFF      process/ptrace05 docker(63, 0, 0, 0) carrick(33, 1086, 0, 0)
[682/896] TBROK     process/ptrace06 docker(48, 0, 0, 0) carrick(0, 1, 2, 0)
[683/896] TBROK     process/ptrace11 docker(1, 0, 0, 0) carrick(0, 1, 1, 0)
[684/896] DIFF      process/request_key05 docker(1, 0, 0, 0) carrick(0, 0, 0, 0)
[685/896] MATCH     process/setdomainname03 docker(2, 0, 0, 0) carrick(2, 0, 0, 0)
[686/896] MATCH     process/setgid01 docker(1, 0, 0, 0) carrick(1, 0, 0, 0)
[687/896] MATCH     process/setgid02 docker(1, 0, 0, 0) carrick(1, 0, 0, 0)
[688/896] MATCH     process/setgid03 docker(2, 0, 0, 0) carrick(2, 0, 0, 0)
[689/896] MATCH     process/setgroups01 docker(1, 0, 0, 0) carrick(1, 0, 0, 0)
[690/896] DIFF      process/setgroups02 docker(3, 0, 0, 0) carrick(2, 1, 0, 0)
[691/896] DIFF      process/setgroups03 docker(3, 0, 0, 0) carrick(0, 3, 0, 0)
[692/896] MATCH     process/sethostname03 docker(2, 0, 0, 0) carrick(2, 0, 0, 0)
[693/896] MATCH     process/setpgid01 docker(2, 0, 0, 0) carrick(2, 0, 0, 0)
[694/896] MATCH     process/setpgid02 docker(3, 0, 0, 0) carrick(3, 0, 0, 0)
[695/896] TBROK     process/setpgid03 docker(3, 0, 0, 0) carrick(2, 0, 1, 0)
[696/896] MATCH     process/setregid01 docker(5, 0, 0, 0) carrick(5, 0, 0, 0)
[697/896] MATCH     process/setregid02 docker(12, 0, 0, 0) carrick(12, 0, 0, 0)
[698/896] MATCH     process/setregid03 docker(22, 0, 0, 0) carrick(22, 0, 0, 0)
[699/896] MATCH     process/setregid04 docker(9, 0, 0, 0) carrick(9, 0, 0, 0)
[700/896] MATCH     process/setresgid01 docker(5, 0, 0, 0) carrick(5, 0, 0, 0)
[701/896] MATCH     process/setresgid02 docker(6, 0, 0, 0) carrick(6, 0, 0, 0)
[702/896] MATCH     process/setresgid03 docker(4, 0, 0, 0) carrick(4, 0, 0, 0)
[703/896] MATCH     process/setresgid04 docker(1, 0, 0, 0) carrick(1, 0, 0, 0)
[704/896] MATCH     process/setresuid01 docker(9, 0, 0, 0) carrick(9, 0, 0, 0)
[705/896] MATCH     process/setresuid02 docker(4, 0, 0, 0) carrick(4, 0, 0, 0)
[706/896] MATCH     process/setresuid03 docker(3, 0, 0, 0) carrick(3, 0, 0, 0)
[707/896] MATCH     process/setresuid04 docker(3, 0, 0, 0) carrick(3, 0, 0, 0)
[708/896] MATCH     process/setresuid05 docker(2, 0, 0, 0) carrick(2, 0, 0, 0)
[709/896] MATCH     process/setreuid01 docker(7, 0, 0, 0) carrick(7, 0, 0, 0)
[710/896] MATCH     process/setreuid02 docker(7, 0, 0, 0) carrick(7, 0, 0, 0)
[711/896] MATCH     process/setreuid03 docker(14, 0, 0, 0) carrick(14, 0, 0, 0)
[712/896] MATCH     process/setreuid04 docker(3, 0, 0, 0) carrick(3, 0, 0, 0)
[713/896] MATCH     process/setreuid05 docker(14, 0, 0, 0) carrick(14, 0, 0, 0)
[714/896] MATCH     process/setreuid06 docker(3, 0, 0, 0) carrick(3, 0, 0, 0)
[715/896] MATCH     process/setreuid07 docker(3, 0, 0, 0) carrick(3, 0, 0, 0)
[716/896] DIFF      process/setrlimit02 docker(2, 0, 0, 0) carrick(1, 1, 0, 0)
[717/896] DIFF      process/setrlimit03 docker(2, 0, 0, 0) carrick(1, 1, 0, 0)
[718/896] MATCH     process/setrlimit04 docker(1, 0, 0, 0) carrick(1, 0, 0, 0)
[719/896] MATCH     process/setrlimit05 docker(1, 0, 0, 0) carrick(1, 0, 0, 0)
[720/896] DIFF      process/setrlimit06 docker(1, 0, 0, 0) carrick(0, 1, 0, 0)
[721/896] MATCH     process/setsid01 docker(2, 0, 0, 0) carrick(2, 0, 0, 0)
[722/896] MATCH     process/setuid01 docker(1, 0, 0, 0) carrick(1, 0, 0, 0)
[723/896] MATCH     process/setuid03 docker(1, 0, 0, 0) carrick(1, 0, 0, 0)
[724/896] MATCH     process/setuid04 docker(2, 0, 0, 0) carrick(2, 0, 0, 0)
[725/896] MATCH     process/sysinfo01 docker(1, 0, 0, 0) carrick(1, 0, 0, 0)
[726/896] MATCH     process/sysinfo02 docker(1, 0, 0, 0) carrick(1, 0, 0, 0)
[727/896] MATCH     process/uname01 docker(2, 0, 0, 0) carrick(2, 0, 0, 0)
[728/896] MATCH     process/uname02 docker(1, 0, 0, 0) carrick(1, 0, 0, 0)
[729/896] MATCH     process/uname04 docker(2, 0, 0, 0) carrick(2, 0, 0, 0)
[730/896] MATCH     process/vfork01 docker(1, 0, 0, 0) carrick(1, 0, 0, 0)
[731/896] MATCH     process/vfork02 docker(1, 0, 0, 0) carrick(1, 0, 0, 0)
[732/896] MATCH     process/wait01 docker(1, 0, 0, 0) carrick(1, 0, 0, 0)
[733/896] MATCH     process/wait02 docker(1, 0, 0, 0) carrick(1, 0, 0, 0)
[734/896] MATCH     process/wait401 docker(3, 0, 0, 0) carrick(3, 0, 0, 0)
[735/896] MATCH     process/wait402 docker(1, 0, 0, 0) carrick(1, 0, 0, 0)
[736/896] TBROK     process/wait403 docker(1, 0, 0, 0) carrick(0, 0, 1, 0)
[737/896] MATCH     process/waitid01 docker(5, 0, 0, 0) carrick(5, 0, 0, 0)
[738/896] MATCH     process/waitid02 docker(1, 0, 0, 0) carrick(1, 0, 0, 0)
[739/896] MATCH     process/waitid03 docker(1, 0, 0, 0) carrick(1, 0, 0, 0)
[740/896] MATCH     process/waitid04 docker(2, 0, 0, 0) carrick(2, 0, 0, 0)
[741/896] MATCH     process/waitid05 docker(6, 0, 0, 0) carrick(6, 0, 0, 0)
[742/896] MATCH     process/waitid06 docker(6, 0, 0, 0) carrick(6, 0, 0, 0)
[743/896] TIMEOUT   process/waitid07 docker(5, 0, 0, 0) carrick(0, 0, 0, 0)
[744/896] TIMEOUT   process/waitid08 docker(10, 0, 0, 0) carrick(0, 0, 0, 0)
[745/896] MATCH     process/waitid09 docker(1, 0, 0, 0) carrick(1, 0, 0, 0)
[746/896] TBROK     process/waitid10 docker(5, 0, 0, 0) carrick(0, 0, 1, 0)
[747/896] MATCH     process/waitid11 docker(5, 0, 0, 0) carrick(5, 0, 0, 0)
[748/896] TIMEOUT   process/waitpid01 docker(146, 0, 0, 0) carrick(0, 0, 0, 0)
[749/896] MATCH     process/waitpid03 docker(2, 0, 0, 0) carrick(2, 0, 0, 0)
[750/896] MATCH     process/waitpid04 docker(4, 0, 0, 0) carrick(4, 0, 0, 0)
[751/896] TBROK     process/waitpid06 docker(1, 0, 0, 0) carrick(0, 0, 1, 0)
[752/896] TBROK     process/waitpid07 docker(1, 0, 0, 0) carrick(0, 0, 1, 0)
[753/896] TBROK     process/waitpid08 docker(1, 0, 0, 0) carrick(0, 0, 1, 0)
[754/896] MATCH     process/waitpid09 docker(4, 0, 0, 0) carrick(4, 0, 0, 0)
[755/896] MATCH     process/waitpid10 docker(1, 0, 0, 0) carrick(1, 0, 0, 0)
[756/896] MATCH     process/waitpid11 docker(1, 0, 0, 0) carrick(1, 0, 0, 0)
[757/896] MATCH     process/waitpid12 docker(1, 0, 0, 0) carrick(1, 0, 0, 0)
[758/896] TBROK     process/waitpid13 docker(1, 0, 0, 0) carrick(0, 0, 1, 0)
[759/896] MATCH     sched/clone01 docker(2, 0, 0, 0) carrick(2, 0, 0, 0)
[760/896] MATCH     sched/clone02 docker(2, 0, 0, 0) carrick(2, 0, 0, 0)
[761/896] MATCH     sched/clone03 docker(1, 0, 0, 0) carrick(1, 0, 0, 0)
[762/896] MATCH     sched/clone04 docker(1, 0, 0, 0) carrick(1, 0, 0, 0)
[763/896] DIFF      sched/clone05 docker(1, 0, 0, 0) carrick(0, 1, 0, 0)
[764/896] MATCH     sched/clone06 docker(1, 0, 0, 0) carrick(1, 0, 0, 0)
[765/896] MATCH     sched/clone07 docker(1, 0, 0, 0) carrick(1, 0, 0, 0)
[766/896] TIMEOUT   sched/clone08 docker(5, 0, 0, 0) carrick(0, 0, 0, 0)
[767/896] DIFF      sched/clone302 docker(1, 0, 0, 0) carrick(6, 6, 0, 0)
[768/896] TIMEOUT   sched/futex_cmp_requeue01 docker(7, 0, 0, 0) carrick(0, 0, 0, 0)
[769/896] MATCH     sched/futex_cmp_requeue02 docker(3, 0, 0, 0) carrick(3, 0, 0, 0)
[770/896] MATCH     sched/futex_wait01 docker(4, 0, 0, 0) carrick(4, 0, 0, 0)
[771/896] MATCH     sched/futex_wait02 docker(1, 0, 0, 0) carrick(1, 0, 0, 0)
[772/896] MATCH     sched/futex_wait03 docker(1, 0, 0, 0) carrick(1, 0, 0, 0)
[773/896] MATCH     sched/futex_wait04 docker(1, 0, 0, 0) carrick(1, 0, 0, 0)
[774/896] DIFF      sched/futex_wait_bitset01 docker(2, 0, 0, 0) carrick(1, 1, 0, 0)
[775/896] DIFF      sched/futex_waitv01 docker(9, 0, 0, 0) carrick(0, 0, 0, 0)
[776/896] DIFF      sched/futex_waitv02 docker(1, 0, 0, 0) carrick(0, 0, 0, 0)
[777/896] DIFF      sched/futex_waitv03 docker(1, 0, 0, 0) carrick(0, 0, 0, 0)
[778/896] MATCH     sched/futex_wake01 docker(6, 0, 0, 0) carrick(6, 0, 0, 0)
[779/896] MATCH     sched/futex_wake02 docker(11, 0, 0, 0) carrick(11, 0, 0, 0)
[780/896] MATCH     sched/futex_wake03 docker(11, 0, 0, 0) carrick(11, 0, 0, 0)
[781/896] MATCH     sched/getcpu01 docker(1, 0, 0, 0) carrick(1, 0, 0, 0)
[782/896] MATCH     sched/getcpu02 docker(2, 0, 0, 0) carrick(2, 0, 0, 0)
[783/896] MATCH     sched/getpriority01 docker(3, 0, 0, 0) carrick(3, 0, 0, 0)
[784/896] MATCH     sched/getpriority02 docker(4, 0, 0, 0) carrick(4, 0, 0, 0)
[785/896] MATCH     sched/gettid01 docker(2, 0, 0, 0) carrick(2, 0, 0, 0)
[786/896] MATCH     sched/gettid02 docker(11, 0, 0, 0) carrick(11, 0, 0, 0)
[787/896] MATCH     sched/nice02 docker(1, 0, 0, 0) carrick(1, 0, 0, 0)
[788/896] MATCH     sched/nice03 docker(1, 0, 0, 0) carrick(1, 0, 0, 0)
[789/896] MATCH     sched/nice04 docker(1, 0, 0, 0) carrick(1, 0, 0, 0)
[790/896] MATCH     sched/sched_get_priority_max01 docker(6, 0, 0, 0) carrick(6, 0, 0, 0)
[791/896] MATCH     sched/sched_get_priority_max02 docker(1, 0, 0, 0) carrick(1, 0, 0, 0)
[792/896] MATCH     sched/sched_get_priority_min01 docker(6, 0, 0, 0) carrick(6, 0, 0, 0)
[793/896] MATCH     sched/sched_get_priority_min02 docker(1, 0, 0, 0) carrick(1, 0, 0, 0)
[794/896] MATCH     sched/sched_getaffinity01 docker(4, 0, 0, 0) carrick(4, 0, 0, 0)
[795/896] MATCH     sched/sched_getattr02 docker(4, 0, 0, 0) carrick(4, 0, 0, 0)
[796/896] TIMEOUT   sched/sched_getparam01 docker(4, 0, 0, 0) carrick(0, 0, 0, 0)
[797/896] MATCH     sched/sched_getparam03 docker(6, 0, 0, 0) carrick(6, 0, 0, 0)
[798/896] MATCH     sched/sched_getscheduler02 docker(2, 0, 0, 0) carrick(2, 0, 0, 0)
[799/896] MATCH     sched/sched_setaffinity01 docker(4, 0, 0, 0) carrick(4, 0, 0, 0)
[800/896] MATCH     sched/sched_setparam01 docker(2, 0, 0, 0) carrick(2, 0, 0, 0)
[801/896] MATCH     sched/sched_setparam04 docker(8, 0, 0, 0) carrick(8, 0, 0, 0)
[802/896] TIMEOUT   sched/sched_setparam05 docker(2, 0, 0, 0) carrick(0, 0, 0, 0)
[803/896] MATCH     sched/sched_setscheduler01 docker(8, 0, 0, 0) carrick(8, 0, 0, 0)
[804/896] TIMEOUT   sched/sched_setscheduler02 docker(2, 0, 0, 0) carrick(0, 0, 0, 0)
[805/896] MATCH     sched/sched_yield01 docker(1, 0, 0, 0) carrick(1, 0, 0, 0)
[806/896] MATCH     sched/set_tid_address01 docker(1, 0, 0, 0) carrick(1, 0, 0, 0)
[807/896] DIFF      sched/setpriority02 docker(7, 0, 0, 0) carrick(5, 2, 0, 0)
[808/896] MATCH     signals/abort01 docker(2, 0, 0, 0) carrick(2, 0, 0, 0)
[809/896] DIFF      signals/kill02 docker(2, 0, 0, 0) carrick(1, 1, 0, 0)
[810/896] MATCH     signals/kill03 docker(3, 0, 0, 0) carrick(3, 0, 0, 0)
[811/896] MATCH     signals/kill05 docker(1, 0, 0, 0) carrick(1, 0, 0, 0)
[812/896] MATCH     signals/kill06 docker(1, 0, 0, 0) carrick(1, 0, 0, 0)
[813/896] MATCH     signals/kill07 docker(1, 0, 0, 0) carrick(1, 0, 0, 0)
[814/896] TIMEOUT   signals/kill08 docker(1, 0, 0, 0) carrick(0, 0, 0, 0)
[815/896] MATCH     signals/kill09 docker(1, 0, 0, 0) carrick(1, 0, 0, 0)
[816/896] TIMEOUT   signals/kill10 docker(1, 0, 0, 0) carrick(0, 0, 0, 0)
[817/896] TIMEOUT   signals/kill11 docker(24, 0, 0, 0) carrick(0, 0, 0, 0)
[818/896] TIMEOUT   signals/kill12 docker(1, 0, 0, 0) carrick(0, 0, 0, 0)
[819/896] MATCH     signals/pause01 docker(1, 0, 0, 0) carrick(1, 0, 0, 0)
[820/896] MATCH     signals/pause02 docker(1, 0, 0, 0) carrick(1, 0, 0, 0)
[821/896] MATCH     signals/pause03 docker(1, 0, 0, 0) carrick(1, 0, 0, 0)
[822/896] MATCH     signals/rt_sigaction01 docker(155, 0, 0, 0) carrick(155, 0, 0, 0)
[823/896] MATCH     signals/rt_sigaction02 docker(155, 0, 0, 0) carrick(155, 0, 0, 0)
[824/896] MATCH     signals/rt_sigaction03 docker(155, 0, 0, 0) carrick(155, 0, 0, 0)
[825/896] MATCH     signals/rt_sigprocmask01 docker(1, 0, 0, 0) carrick(1, 0, 0, 0)
[826/896] MATCH     signals/rt_sigprocmask02 docker(2, 0, 0, 0) carrick(2, 0, 0, 0)
[827/896] MATCH     signals/rt_sigqueueinfo01 docker(2, 0, 0, 0) carrick(2, 0, 0, 0)
[828/896] MATCH     signals/rt_sigsuspend01 docker(2, 0, 0, 0) carrick(2, 0, 0, 0)
[829/896] TIMEOUT   signals/rt_sigtimedwait01 docker(19, 0, 0, 0) carrick(0, 0, 0, 0)
[830/896] MATCH     signals/sigaction01 docker(4, 0, 0, 0) carrick(4, 0, 0, 0)
[831/896] MATCH     signals/sigaction02 docker(3, 0, 0, 0) carrick(3, 0, 0, 0)
[832/896] MATCH     signals/sigaltstack01 docker(1, 0, 0, 0) carrick(1, 0, 0, 0)
[833/896] MATCH     signals/sigaltstack02 docker(2, 0, 0, 0) carrick(2, 0, 0, 0)
[834/896] TBROK     signals/sighold02 docker(1, 0, 0, 0) carrick(0, 0, 1, 0)
[835/896] MATCH     signals/signal01 docker(6, 0, 0, 0) carrick(6, 0, 0, 0)
[836/896] MATCH     signals/signal02 docker(3, 0, 0, 0) carrick(3, 0, 0, 0)
[837/896] MATCH     signals/signal03 docker(30, 0, 0, 0) carrick(30, 0, 0, 0)
[838/896] MATCH     signals/signal04 docker(28, 0, 0, 0) carrick(28, 0, 0, 0)
[839/896] MATCH     signals/signal05 docker(30, 0, 0, 0) carrick(30, 0, 0, 0)
[840/896] TBROK     signals/signalfd01 docker(7, 0, 0, 0) carrick(1, 0, 1, 0)
[841/896] MATCH     signals/signalfd02 docker(3, 0, 0, 0) carrick(3, 0, 0, 0)
[842/896] MATCH     signals/signalfd4_01 docker(1, 0, 0, 0) carrick(1, 0, 0, 0)
[843/896] MATCH     signals/signalfd4_02 docker(1, 0, 0, 0) carrick(1, 0, 0, 0)
[844/896] MATCH     signals/sigpending02 docker(4, 0, 0, 0) carrick(4, 0, 0, 0)
[845/896] MATCH     signals/sigprocmask01 docker(1, 0, 0, 0) carrick(1, 0, 0, 0)
[846/896] TBROK     signals/sigrelse01 docker(1, 0, 0, 0) carrick(0, 0, 2, 0)
[847/896] MATCH     signals/sigsuspend01 docker(1, 0, 0, 0) carrick(1, 0, 0, 0)
[848/896] MATCH     signals/sigsuspend02 docker(1, 0, 0, 0) carrick(1, 0, 0, 0)
[849/896] TIMEOUT   signals/sigtimedwait01 docker(11, 0, 0, 0) carrick(0, 0, 0, 0)
[850/896] MATCH     signals/sigwait01 docker(3, 0, 0, 0) carrick(3, 0, 0, 0)
[851/896] TIMEOUT   signals/sigwaitinfo01 docker(9, 0, 0, 0) carrick(0, 0, 0, 0)
[852/896] MATCH     signals/tgkill01 docker(1, 0, 0, 0) carrick(1, 0, 0, 0)
[853/896] DIFF      signals/tgkill02 docker(1, 0, 0, 0) carrick(0, 1, 0, 0)
[854/896] DIFF      signals/tgkill03 docker(6, 0, 0, 0) carrick(5, 1, 0, 0)
[855/896] MATCH     signals/tkill01 docker(2, 0, 0, 0) carrick(2, 0, 0, 0)
[856/896] MATCH     signals/tkill02 docker(2, 0, 0, 0) carrick(2, 0, 0, 0)
[857/896] TBROK     timers/adjtimex03 docker(1, 0, 0, 0) carrick(0, 0, 1, 0)
[858/896] MATCH     timers/alarm02 docker(6, 0, 0, 0) carrick(6, 0, 0, 0)
[859/896] MATCH     timers/alarm03 docker(2, 0, 0, 0) carrick(2, 0, 0, 0)
[860/896] MATCH     timers/alarm05 docker(3, 0, 0, 0) carrick(3, 0, 0, 0)
[861/896] MATCH     timers/alarm06 docker(2, 0, 0, 0) carrick(2, 0, 0, 0)
[862/896] DIFF      timers/alarm07 docker(2, 0, 0, 0) carrick(1, 1, 0, 0)
[863/896] MATCH     timers/clock_getres01 docker(44, 0, 0, 0) carrick(44, 0, 0, 0)
[864/896] TIMEOUT   timers/clock_gettime01 docker(16, 0, 0, 0) carrick(0, 0, 0, 0)
[865/896] MATCH     timers/clock_gettime02 docker(10, 0, 0, 0) carrick(10, 0, 0, 0)
[866/896] DIFF      timers/clock_gettime04 docker(6, 0, 0, 0) carrick(4, 2, 0, 0)
[867/896] TIMEOUT   timers/clock_nanosleep01 docker(12, 0, 0, 0) carrick(0, 0, 0, 0)
[868/896] MATCH     timers/clock_nanosleep04 docker(4, 0, 0, 0) carrick(4, 0, 0, 0)
[869/896] MATCH     timers/getitimer01 docker(30, 0, 0, 0) carrick(30, 0, 0, 0)
[870/896] MATCH     timers/getitimer02 docker(3, 0, 0, 0) carrick(3, 0, 0, 0)
[871/896] MATCH     timers/gettimeofday01 docker(3, 0, 0, 0) carrick(3, 0, 0, 0)
[872/896] MATCH     timers/nanosleep02 docker(2, 0, 0, 0) carrick(2, 0, 0, 0)
[873/896] MATCH     timers/nanosleep04 docker(3, 0, 0, 0) carrick(3, 0, 0, 0)
[874/896] TIMEOUT   timers/setitimer01 docker(18, 0, 0, 0) carrick(0, 0, 0, 0)
[875/896] MATCH     timers/setitimer02 docker(3, 0, 0, 0) carrick(3, 0, 0, 0)
[876/896] MATCH     timers/stime02 docker(1, 0, 0, 0) carrick(1, 0, 0, 0)
[877/896] MATCH     timers/time01 docker(2, 0, 0, 0) carrick(2, 0, 0, 0)
[878/896] MATCH     timers/timer_create02 docker(5, 0, 0, 0) carrick(5, 0, 0, 0)
[879/896] MATCH     timers/timer_create03 docker(1, 0, 0, 0) carrick(1, 0, 0, 0)
[880/896] MATCH     timers/timer_delete02 docker(1, 0, 0, 0) carrick(1, 0, 0, 0)
[881/896] MATCH     timers/timer_getoverrun01 docker(2, 0, 0, 0) carrick(2, 0, 0, 0)
[882/896] MATCH     timers/timer_gettime01 docker(3, 0, 0, 0) carrick(3, 0, 0, 0)
[883/896] TIMEOUT   timers/timer_settime03 docker(1, 0, 0, 0) carrick(0, 0, 0, 0)
[884/896] MATCH     timers/timerfd01 docker(12, 0, 0, 0) carrick(12, 0, 0, 0)
[885/896] MATCH     timers/timerfd02 docker(6, 0, 0, 0) carrick(6, 0, 0, 0)
[886/896] MATCH     timers/timerfd_create01 docker(2, 0, 0, 0) carrick(2, 0, 0, 0)
[887/896] MATCH     timers/timerfd_gettime01 docker(3, 0, 0, 0) carrick(3, 0, 0, 0)
[888/896] MATCH     timers/timerfd_settime01 docker(4, 0, 0, 0) carrick(4, 0, 0, 0)
[889/896] TBROK     timers/timerfd_settime02 docker(1, 0, 0, 0) carrick(0, 0, 1, 0)
[890/896] MATCH     timers/times01 docker(1, 0, 0, 0) carrick(1, 0, 0, 0)
[891/896] TIMEOUT   timers/times03 docker(12, 0, 0, 0) carrick(0, 0, 0, 0)
[892/896] DIFF      xattr/fgetxattr03 docker(1, 0, 0, 0) carrick(0, 0, 0, 0)
[893/896] MATCH     xattr/getxattr01 docker(4, 0, 0, 0) carrick(4, 0, 0, 0)
[894/896] MATCH     xattr/removexattr01 docker(1, 0, 0, 0) carrick(1, 0, 0, 0)
[895/896] MATCH     xattr/removexattr02 docker(3, 0, 0, 0) carrick(3, 0, 0, 0)
[896/896] TBROK     xattr/setxattr02 docker(7, 0, 0, 0) carrick(0, 0, 1, 0)
