baseline: 473 to run (963 already recorded) in areas ['epoll_poll', 'fs', 'ipc', 'mm', 'net', 'other', 'process', 'sched', 'signals', 'timers', 'xattr']
[1/473] DIFF      epoll_poll/epoll_ctl05 docker(1, 0, 0, 0) carrick(0, 1, 0, 0)
[2/473] MATCH_PARTIAL epoll_poll/epoll_pwait01 docker(4, 0, 0, 0) carrick(2, 0, 0, 0)
[3/473] MATCH_PARTIAL epoll_poll/epoll_pwait02 docker(2, 0, 0, 0) carrick(1, 0, 0, 0)
[4/473] MATCH_PARTIAL epoll_poll/epoll_pwait04 docker(2, 0, 0, 0) carrick(1, 0, 0, 0)
[5/473] DIFF      epoll_poll/epoll_pwait05 docker(3, 0, 0, 0) carrick(0, 0, 0, 0)
[6/473] DIFF      epoll_poll/epoll_wait03 docker(5, 0, 0, 0) carrick(4, 1, 0, 0)
[7/473] TBROK     epoll_poll/epoll_wait06 docker(9, 0, 0, 0) carrick(0, 0, 1, 0)
[8/473] DIFF      epoll_poll/eventfd04 docker(3, 0, 0, 0) carrick(2, 1, 0, 0)
[9/473] TBROK     epoll_poll/eventfd05 docker(2, 0, 0, 0) carrick(1, 0, 1, 0)
[10/473] TBROK     epoll_poll/eventfd2_03 docker(2, 0, 0, 0) carrick(0, 0, 1, 0)
[11/473] TBROK     epoll_poll/pipe02 docker(1, 0, 0, 0) carrick(0, 1, 1, 0)
[12/473] NO_ORACLE epoll_poll/pipe07 docker(0, 2, 0, 0) carrick(0, 0, 1, 0)
[13/473] DIFF      epoll_poll/pipe08 docker(1, 0, 0, 0) carrick(0, 1, 0, 0)
[14/473] DIFF      epoll_poll/pipe12 docker(6, 0, 0, 0) carrick(4, 2, 0, 0)
[15/473] DIFF      epoll_poll/pipe13 docker(4, 0, 0, 0) carrick(2, 2, 0, 0)
[16/473] TBROK     epoll_poll/pipe15 docker(1, 0, 0, 0) carrick(0, 0, 1, 0)
[17/473] TBROK     epoll_poll/pipe2_02 docker(1, 0, 0, 0) carrick(0, 0, 1, 0)
[18/473] TBROK     epoll_poll/pipe2_04 docker(2, 0, 0, 0) carrick(0, 0, 1, 0)
[19/473] TBROK     epoll_poll/ppoll01 docker(20, 0, 0, 0) carrick(9, 3, 1, 0)
[20/473] TBROK     epoll_poll/pselect02 docker(3, 0, 0, 0) carrick(1, 0, 1, 0)
[21/473] TBROK     epoll_poll/pselect02_64 docker(3, 0, 0, 0) carrick(1, 0, 1, 0)
[22/473] TBROK     epoll_poll/select01 docker(16, 0, 0, 0) carrick(0, 0, 1, 0)
[23/473] TBROK     epoll_poll/select03 docker(16, 0, 0, 0) carrick(8, 0, 1, 0)
[24/473] TBROK     fs/access02 docker(16, 0, 0, 0) carrick(6, 0, 1, 0)
[25/473] MATCH     fs/chdir04 docker(3, 0, 0, 0) carrick(3, 0, 0, 0)
[26/473] DIFF      fs/chmod05 docker(1, 0, 0, 0) carrick(0, 1, 0, 0)
[27/473] DIFF      fs/chroot01 docker(1, 0, 0, 0) carrick(0, 1, 0, 0)
[28/473] DIFF      fs/chroot02 docker(2, 0, 0, 0) carrick(0, 1, 0, 0)
[29/473] DIFF      fs/chroot03 docker(5, 0, 0, 0) carrick(0, 5, 0, 0)
[30/473] DIFF      fs/chroot04 docker(1, 0, 0, 0) carrick(0, 1, 0, 0)
[31/473] DIFF      fs/creat01 docker(6, 0, 0, 0) carrick(4, 2, 0, 0)
[32/473] TBROK     fs/creat08 docker(9, 0, 0, 0) carrick(6, 3, 1, 0)
[33/473] TBROK     fs/dup05 docker(1, 0, 0, 0) carrick(0, 0, 1, 0)
[34/473] DIFF      fs/fallocate02 docker(8, 0, 0, 0) carrick(5, 3, 0, 0)
[35/473] DIFF      fs/fchmod04 docker(1, 0, 0, 0) carrick(0, 1, 0, 0)
[36/473] DIFF      fs/fchmod05 docker(1, 0, 0, 0) carrick(0, 1, 0, 0)
[37/473] DIFF      fs/fchmodat02 docker(6, 0, 0, 0) carrick(5, 1, 0, 0)
[38/473] DIFF      fs/fchmodat2_02 docker(3, 0, 0, 0) carrick(2, 1, 0, 0)
[39/473] DIFF      fs/fchownat02 docker(1, 0, 0, 0) carrick(0, 1, 0, 0)
[40/473] DIFF      fs/fcntl05 docker(6, 0, 0, 0) carrick(5, 1, 0, 0)
[41/473] DIFF      fs/fcntl05_64 docker(6, 0, 0, 0) carrick(5, 1, 0, 0)
[42/473] TBROK     fs/fcntl07 docker(4, 0, 0, 0) carrick(0, 0, 2, 0)
[43/473] TBROK     fs/fcntl07_64 docker(4, 0, 0, 0) carrick(0, 0, 2, 0)
[44/473] DIFF      fs/fcntl13 docker(4, 0, 0, 0) carrick(2, 2, 0, 0)
[45/473] DIFF      fs/fcntl13_64 docker(4, 0, 0, 0) carrick(2, 2, 0, 0)
[46/473] TBROK     fs/fcntl14 docker(2, 0, 0, 0) carrick(0, 2, 1, 0)
[47/473] TBROK     fs/fcntl14_64 docker(2, 0, 0, 0) carrick(0, 1, 1, 0)
[48/473] TBROK     fs/fcntl15 docker(12, 0, 0, 0) carrick(4, 2, 1, 0)
[49/473] TBROK     fs/fcntl15_64 docker(12, 0, 0, 0) carrick(10, 2, 3, 0)
[50/473] DIFF      fs/fcntl17 docker(1, 0, 0, 0) carrick(0, 2, 0, 0)
[51/473] DIFF      fs/fcntl17_64 docker(1, 0, 0, 0) carrick(0, 2, 0, 0)
[52/473] DIFF      fs/fcntl23 docker(1, 0, 0, 0) carrick(0, 1, 0, 0)
[53/473] DIFF      fs/fcntl23_64 docker(1, 0, 0, 0) carrick(0, 1, 0, 0)
[54/473] DIFF      fs/fcntl24 docker(1, 0, 0, 0) carrick(0, 1, 0, 0)
[55/473] DIFF      fs/fcntl24_64 docker(1, 0, 0, 0) carrick(0, 1, 0, 0)
[56/473] DIFF      fs/fcntl25 docker(1, 0, 0, 0) carrick(0, 1, 0, 0)
[57/473] DIFF      fs/fcntl25_64 docker(1, 0, 0, 0) carrick(0, 1, 0, 0)
[58/473] DIFF      fs/fcntl26 docker(1, 0, 0, 0) carrick(0, 1, 0, 0)
[59/473] DIFF      fs/fcntl26_64 docker(1, 0, 0, 0) carrick(0, 1, 0, 0)
[60/473] DIFF      fs/fcntl27 docker(2, 0, 0, 0) carrick(0, 2, 0, 0)
[61/473] DIFF      fs/fcntl27_64 docker(2, 0, 0, 0) carrick(0, 2, 0, 0)
[62/473] TBROK     fs/fcntl30 docker(4, 0, 0, 0) carrick(0, 0, 1, 0)
[63/473] TBROK     fs/fcntl30_64 docker(4, 0, 0, 0) carrick(0, 0, 1, 0)
[64/473] DIFF      fs/fcntl31 docker(5, 0, 0, 0) carrick(0, 1, 0, 0)
[65/473] DIFF      fs/fcntl31_64 docker(5, 0, 0, 0) carrick(0, 1, 0, 0)
[66/473] DIFF      fs/fcntl32 docker(9, 0, 0, 0) carrick(0, 9, 0, 0)
[67/473] DIFF      fs/fcntl32_64 docker(9, 0, 0, 0) carrick(0, 9, 0, 0)
[68/473] TBROK     fs/fcntl34 docker(1, 0, 0, 0) carrick(0, 0, 1, 0)
[69/473] TBROK     fs/fcntl34_64 docker(1, 0, 0, 0) carrick(0, 0, 1, 0)
[70/473] TBROK     fs/fcntl37 docker(3, 0, 0, 0) carrick(0, 0, 1, 0)
[71/473] TBROK     fs/fcntl37_64 docker(3, 0, 0, 0) carrick(0, 0, 1, 0)
[72/473] DIFF      fs/fcntl38 docker(2, 0, 0, 0) carrick(0, 0, 0, 1)
[73/473] DIFF      fs/fcntl38_64 docker(2, 0, 0, 0) carrick(0, 0, 0, 1)
[74/473] DIFF      fs/fcntl39 docker(4, 0, 0, 0) carrick(0, 0, 0, 1)
[75/473] DIFF      fs/fcntl39_64 docker(4, 0, 0, 0) carrick(0, 0, 0, 1)
[76/473] DIFF      fs/fdatasync02 docker(2, 0, 0, 0) carrick(1, 1, 0, 0)
[77/473] TBROK     fs/flock03 docker(3, 0, 0, 0) carrick(1, 0, 1, 0)
[78/473] DIFF      fs/flock04 docker(6, 0, 0, 0) carrick(3, 3, 0, 0)
[79/473] DIFF      fs/flock06 docker(4, 0, 0, 0) carrick(3, 1, 0, 0)
[80/473] DIFF      fs/fstatat01 docker(6, 0, 0, 0) carrick(5, 1, 0, 0)
[81/473] TBROK     fs/fsync03 docker(5, 0, 0, 0) carrick(0, 0, 1, 0)
[82/473] TBROK     fs/getcwd04 docker(1, 0, 0, 0) carrick(0, 0, 1, 0)
[83/473] DIFF      fs/link04 docker(14, 0, 0, 0) carrick(10, 4, 0, 0)
[84/473] TBROK     fs/linkat01 docker(22, 0, 0, 0) carrick(0, 0, 2, 0)
[85/473] TBROK     fs/lseek02 docker(15, 0, 0, 0) carrick(0, 0, 1, 0)
[86/473] DIFF      fs/lseek11 docker(15, 0, 0, 0) carrick(0, 0, 0, 0)
[87/473] DIFF      fs/lstat02 docker(6, 0, 0, 0) carrick(3, 3, 0, 0)
[88/473] DIFF      fs/lstat02_64 docker(6, 0, 0, 0) carrick(3, 3, 0, 0)
[89/473] DIFF      fs/mkdir02 docker(1, 0, 0, 0) carrick(0, 2, 0, 0)
[90/473] DIFF      fs/mkdir04 docker(1, 0, 0, 0) carrick(0, 1, 0, 0)
[91/473] TBROK     fs/mknod01 docker(7, 0, 0, 0) carrick(1, 1, 1, 0)
[92/473] TBROK     fs/mknod02 docker(2, 0, 0, 0) carrick(0, 1, 1, 0)
[93/473] DIFF      fs/mknod03 docker(1, 0, 0, 0) carrick(0, 1, 0, 0)
[94/473] DIFF      fs/mknod04 docker(1, 0, 0, 0) carrick(0, 1, 0, 0)
[95/473] DIFF      fs/mknod05 docker(1, 0, 0, 0) carrick(0, 1, 0, 0)
[96/473] TBROK     fs/mknod06 docker(6, 0, 0, 0) carrick(0, 0, 2, 0)
[97/473] DIFF      fs/mknod08 docker(1, 0, 0, 0) carrick(0, 1, 0, 0)
[98/473] DIFF      fs/mknod09 docker(1, 0, 0, 0) carrick(0, 1, 0, 0)
[99/473] DIFF      fs/open02 docker(2, 0, 0, 0) carrick(1, 1, 0, 0)
[100/473] TBROK     fs/open06 docker(1, 0, 0, 0) carrick(0, 0, 1, 0)
[101/473] TBROK     fs/open07 docker(5, 0, 0, 0) carrick(0, 0, 1, 0)
[102/473] DIFF      fs/open08 docker(6, 0, 0, 0) carrick(5, 1, 0, 0)
[103/473] DIFF      fs/open09 docker(2, 0, 0, 0) carrick(1, 1, 0, 0)
[104/473] TBROK     fs/open10 docker(9, 0, 0, 0) carrick(6, 3, 1, 0)
[105/473] TBROK     fs/open11 docker(28, 0, 0, 0) carrick(0, 0, 1, 0)
[106/473] DIFF      fs/open13 docker(5, 0, 0, 0) carrick(0, 5, 0, 0)
[107/473] TBROK     fs/open14 docker(3, 0, 0, 0) carrick(0, 0, 2, 0)
[108/473] DIFF      fs/openat02 docker(5, 0, 0, 1) carrick(4, 1, 0, 1)
[109/473] TBROK     fs/openat03 docker(3, 0, 0, 0) carrick(0, 0, 2, 0)
[110/473] DIFF      fs/openat201 docker(16, 0, 0, 0) carrick(0, 16, 0, 0)
[111/473] DIFF      fs/openat202 docker(9, 0, 0, 0) carrick(0, 9, 0, 0)
[112/473] DIFF      fs/openat203 docker(9, 0, 0, 0) carrick(5, 4, 0, 0)
[113/473] DIFF      fs/pread02 docker(3, 0, 0, 0) carrick(1, 2, 0, 0)
[114/473] DIFF      fs/pread02_64 docker(3, 0, 0, 0) carrick(1, 2, 0, 0)
[115/473] DIFF      fs/preadv02 docker(8, 0, 0, 0) carrick(5, 3, 0, 0)
[116/473] DIFF      fs/preadv02_64 docker(8, 0, 0, 0) carrick(5, 3, 0, 0)
[117/473] DIFF      fs/preadv202 docker(8, 0, 0, 0) carrick(5, 3, 0, 0)
[118/473] DIFF      fs/preadv202_64 docker(8, 0, 0, 0) carrick(5, 3, 0, 0)
[119/473] DIFF      fs/pwrite03 docker(1, 0, 0, 0) carrick(0, 1, 0, 0)
[120/473] DIFF      fs/pwrite03_64 docker(1, 0, 0, 0) carrick(0, 1, 0, 0)
[121/473] DIFF      fs/pwrite04 docker(1, 0, 0, 0) carrick(1, 1, 0, 0)
[122/473] DIFF      fs/pwrite04_64 docker(1, 0, 0, 0) carrick(1, 1, 0, 0)
[123/473] DIFF      fs/pwritev01 docker(3, 0, 0, 0) carrick(2, 1, 0, 0)
[124/473] DIFF      fs/pwritev01_64 docker(3, 0, 0, 0) carrick(2, 1, 0, 0)
[125/473] MATCH     fs/pwritev02 docker(7, 0, 0, 0) carrick(7, 0, 0, 0)
[126/473] MATCH     fs/pwritev02_64 docker(7, 0, 0, 0) carrick(7, 0, 0, 0)
[127/473] DIFF      fs/pwritev201 docker(6, 0, 0, 0) carrick(5, 1, 0, 0)
[128/473] DIFF      fs/pwritev201_64 docker(6, 0, 0, 0) carrick(5, 1, 0, 0)
[129/473] DIFF      fs/pwritev202 docker(7, 0, 0, 0) carrick(6, 1, 0, 0)
[130/473] DIFF      fs/pwritev202_64 docker(7, 0, 0, 0) carrick(6, 1, 0, 0)
[131/473] TBROK     fs/read03 docker(1, 0, 0, 0) carrick(0, 0, 1, 0)
[132/473] DIFF      fs/readahead01 docker(14, 0, 0, 0) carrick(0, 0, 0, 0)
[133/473] DIFF      fs/readlink03 docker(8, 0, 0, 0) carrick(5, 3, 0, 0)
[134/473] DIFF      fs/readlinkat01 docker(12, 0, 0, 0) carrick(10, 2, 0, 0)
[135/473] MATCH     fs/readlinkat02 docker(6, 0, 0, 0) carrick(6, 0, 0, 0)
[136/473] DIFF      fs/readv02 docker(5, 0, 0, 0) carrick(4, 1, 0, 0)
[137/473] TBROK     fs/rename09 docker(1, 0, 0, 0) carrick(0, 1, 1, 0)
[138/473] DIFF      fs/renameat201 docker(6, 0, 0, 0) carrick(4, 2, 0, 0)
[139/473] DIFF      fs/renameat202 docker(1, 0, 0, 0) carrick(0, 1, 0, 0)
[140/473] DIFF      fs/rmdir03 docker(2, 0, 0, 0) carrick(0, 2, 0, 0)
[141/473] DIFF      fs/sendfile03 docker(4, 0, 0, 0) carrick(2, 2, 0, 0)
[142/473] DIFF      fs/sendfile03_64 docker(4, 0, 0, 0) carrick(2, 2, 0, 0)
[143/473] DIFF      fs/sendfile04 docker(5, 0, 0, 0) carrick(1, 4, 0, 0)
[144/473] DIFF      fs/sendfile04_64 docker(5, 0, 0, 0) carrick(1, 4, 0, 0)
[145/473] DIFF      fs/sendfile06 docker(1, 0, 0, 0) carrick(0, 1, 0, 0)
[146/473] DIFF      fs/sendfile06_64 docker(1, 0, 0, 0) carrick(0, 1, 0, 0)
[147/473] TBROK     fs/sendfile07 docker(1, 0, 0, 0) carrick(0, 0, 1, 0)
[148/473] TBROK     fs/sendfile07_64 docker(1, 0, 0, 0) carrick(0, 0, 1, 0)
[149/473] DIFF      fs/sendfile09 docker(2, 0, 0, 0) carrick(0, 0, 0, 0)
[150/473] DIFF      fs/sendfile09_64 docker(2, 0, 0, 0) carrick(0, 0, 0, 0)
[151/473] DIFF      fs/splice03 docker(7, 0, 0, 0) carrick(3, 4, 0, 0)
[152/473] TBROK     fs/splice05 docker(1, 0, 0, 0) carrick(0, 0, 1, 0)
[153/473] DIFF      fs/splice07 docker(279, 0, 0, 0) carrick(205, 12, 0, 0)
[154/473] DIFF      fs/splice08 docker(36, 0, 0, 0) carrick(28, 8, 0, 0)
[155/473] DIFF      fs/stat03 docker(6, 0, 0, 0) carrick(4, 2, 0, 0)
[156/473] DIFF      fs/stat03_64 docker(6, 0, 0, 0) carrick(4, 2, 0, 0)
[157/473] DIFF      fs/statfs02 docker(6, 0, 0, 0) carrick(5, 1, 0, 0)
[158/473] DIFF      fs/statfs02_64 docker(6, 0, 0, 0) carrick(5, 1, 0, 0)
[159/473] DIFF      fs/statfs03 docker(1, 0, 0, 0) carrick(0, 1, 0, 0)
[160/473] DIFF      fs/statfs03_64 docker(1, 0, 0, 0) carrick(0, 1, 0, 0)
[161/473] DIFF      fs/statvfs02 docker(5, 0, 0, 0) carrick(4, 1, 0, 0)
[162/473] TBROK     fs/statx01 docker(12, 0, 0, 0) carrick(0, 0, 1, 0)
[163/473] DIFF      fs/statx03 docker(7, 0, 0, 0) carrick(6, 1, 0, 0)
[164/473] DIFF      fs/symlink03 docker(6, 0, 0, 0) carrick(5, 1, 0, 0)
[165/473] DIFF      fs/symlinkat01 docker(10, 0, 0, 0) carrick(8, 2, 0, 0)
[166/473] DIFF      fs/sync_file_range01 docker(5, 0, 0, 0) carrick(0, 0, 0, 0)
[167/473] TBROK     fs/tee01 docker(1, 0, 0, 0) carrick(0, 0, 1, 0)
[168/473] DIFF      fs/tee02 docker(3, 0, 0, 0) carrick(0, 3, 0, 0)
[169/473] DIFF      fs/truncate03 docker(8, 0, 0, 0) carrick(5, 3, 0, 0)
[170/473] DIFF      fs/truncate03_64 docker(8, 0, 0, 0) carrick(5, 3, 0, 0)
[171/473] TBROK     fs/unlink05 docker(2, 0, 0, 0) carrick(1, 0, 1, 0)
[172/473] MATCH     fs/unlink07 docker(6, 0, 0, 0) carrick(6, 0, 0, 0)
[173/473] DIFF      fs/unlink08 docker(4, 0, 0, 0) carrick(2, 2, 0, 0)
[174/473] DIFF      fs/utime07 docker(5, 0, 0, 0) carrick(1, 4, 0, 0)
[175/473] TBROK     fs/vmsplice01 docker(1, 0, 0, 0) carrick(0, 0, 1, 0)
[176/473] DIFF      fs/vmsplice02 docker(3, 0, 0, 0) carrick(0, 3, 0, 0)
[177/473] TBROK     fs/vmsplice03 docker(1, 0, 0, 0) carrick(0, 0, 1, 0)
[178/473] TBROK     fs/vmsplice04 docker(2, 0, 0, 0) carrick(0, 0, 1, 0)
[179/473] DIFF      fs/write02 docker(2, 0, 0, 0) carrick(0, 2, 0, 0)
[180/473] TBROK     fs/write04 docker(1, 0, 0, 0) carrick(0, 0, 1, 0)
[181/473] DIFF      fs/write05 docker(3, 0, 0, 0) carrick(3, 1, 0, 0)
[182/473] DIFF      fs/writev07 docker(8, 0, 0, 0) carrick(2, 6, 0, 0)
[183/473] TBROK     ipc/mq_notify01 docker(7, 0, 0, 0) carrick(0, 0, 1, 0)
[184/473] DIFF      ipc/mq_notify02 docker(2, 0, 0, 0) carrick(0, 2, 0, 0)
[185/473] TBROK     ipc/mq_notify03 docker(7, 0, 0, 0) carrick(0, 0, 1, 0)
[186/473] TBROK     ipc/mq_timedreceive01 docker(30, 0, 0, 0) carrick(0, 0, 1, 0)
[187/473] TBROK     ipc/mq_timedsend01 docker(34, 0, 0, 0) carrick(0, 0, 1, 0)
[188/473] TBROK     ipc/mq_unlink01 docker(4, 0, 0, 0) carrick(0, 0, 1, 0)
[189/473] DIFF      ipc/msgctl01 docker(14, 0, 0, 0) carrick(12, 2, 0, 0)
[190/473] DIFF      ipc/msgctl02 docker(2, 0, 0, 0) carrick(1, 1, 0, 0)
[191/473] DIFF      ipc/msgctl04 docker(12, 0, 0, 0) carrick(7, 5, 0, 0)
[192/473] DIFF      ipc/msgctl06 docker(10, 0, 0, 0) carrick(0, 0, 0, 0)
[193/473] TBROK     ipc/msgctl12 docker(3, 0, 0, 0) carrick(0, 0, 1, 0)
[194/473] TBROK     ipc/msgrcv02 docker(8, 0, 0, 0) carrick(3, 1, 1, 0)
[195/473] DIFF      ipc/msgrcv03 docker(3, 0, 0, 0) carrick(0, 0, 0, 1)
[196/473] DIFF      ipc/msgrcv07 docker(15, 0, 0, 0) carrick(11, 2, 0, 0)
[197/473] DIFF      ipc/msgsnd02 docker(6, 0, 0, 0) carrick(5, 1, 0, 0)
[198/473] TBROK     ipc/semctl01 docker(13, 0, 0, 0) carrick(2, 2, 1, 0)
[199/473] DIFF      ipc/semctl03 docker(6, 0, 0, 0) carrick(5, 1, 0, 0)
[200/473] DIFF      ipc/semctl04 docker(2, 0, 0, 0) carrick(0, 2, 0, 0)
[201/473] DIFF      ipc/semctl05 docker(3, 0, 0, 0) carrick(2, 1, 0, 0)
[202/473] TBROK     ipc/semctl07 docker(16, 0, 0, 0) carrick(16, 0, 1, 0)
[203/473] DIFF      ipc/semctl09 docker(16, 0, 0, 0) carrick(0, 0, 0, 0)
[204/473] TBROK     ipc/semget01 docker(3, 0, 0, 0) carrick(3, 0, 1, 0)
[205/473] DIFF      ipc/semget02 docker(6, 0, 0, 0) carrick(4, 2, 0, 0)
[206/473] DIFF      ipc/semget05 docker(1, 0, 0, 0) carrick(0, 0, 0, 0)
[207/473] TBROK     ipc/semop02 docker(23, 0, 0, 0) carrick(0, 0, 1, 0)
[208/473] TBROK     ipc/semop03 docker(8, 0, 0, 0) carrick(4, 0, 1, 0)
[209/473] TBROK     mm/madvise02 docker(10, 0, 0, 0) carrick(0, 0, 1, 0)
[210/473] TBROK     mm/madvise05 docker(1, 0, 0, 0) carrick(0, 0, 1, 0)
[211/473] MATCH_PARTIAL mm/madvise10 docker(12, 0, 0, 0) carrick(3, 0, 0, 0)
[212/473] DIFF      mm/memfd_create01 docker(157, 0, 0, 0) carrick(0, 0, 0, 0)
[213/473] DIFF      mm/memfd_create02 docker(14, 0, 0, 0) carrick(0, 0, 0, 0)
[214/473] DIFF      mm/memfd_create04 docker(9, 0, 0, 0) carrick(0, 0, 0, 0)
[215/473] TBROK     mm/mincore01 docker(4, 0, 0, 0) carrick(1, 1, 2, 0)
[216/473] TBROK     mm/mincore02 docker(2, 0, 0, 0) carrick(0, 0, 1, 0)
[217/473] DIFF      mm/mincore03 docker(2, 0, 0, 0) carrick(1, 1, 0, 0)
[218/473] TBROK     mm/mlock04 docker(1, 0, 0, 0) carrick(1, 0, 1, 0)
[219/473] TBROK     mm/mlock05 docker(2, 0, 0, 0) carrick(0, 0, 1, 0)
[220/473] DIFF      mm/mlock201 docker(8, 0, 0, 0) carrick(0, 0, 0, 0)
[221/473] DIFF      mm/mlock203 docker(1, 0, 0, 0) carrick(0, 0, 0, 0)
[222/473] DIFF      mm/mmap01 docker(1, 0, 0, 0) carrick(1, 1, 0, 0)
[223/473] TBROK     mm/mmap02 docker(1, 0, 0, 0) carrick(1, 0, 1, 0)
[224/473] TBROK     mm/mmap04 docker(14, 0, 0, 0) carrick(0, 0, 1, 0)
[225/473] TBROK     mm/mmap05 docker(1, 0, 0, 0) carrick(0, 1, 1, 0)
[226/473] TBROK     mm/mmap06 docker(8, 0, 0, 0) carrick(0, 2, 1, 0)
[227/473] DIFF      mm/mmap08 docker(1, 0, 0, 0) carrick(0, 1, 0, 0)
[228/473] DIFF      mm/mmap12 docker(1, 0, 0, 0) carrick(0, 1, 0, 0)
[229/473] TBROK     mm/mmap13 docker(1, 0, 0, 0) carrick(0, 1, 1, 0)
[230/473] DIFF      mm/mmap14 docker(1, 0, 0, 0) carrick(0, 1, 0, 0)
[231/473] DIFF      mm/mmap17 docker(1, 0, 0, 0) carrick(0, 1, 0, 0)
[232/473] TBROK     mm/mmap18 docker(4, 0, 0, 0) carrick(0, 0, 1, 0)
[233/473] DIFF      mm/mmap20 docker(1, 0, 0, 0) carrick(0, 1, 0, 0)
[234/473] TBROK     mm/mprotect01 docker(3, 0, 0, 0) carrick(1, 1, 2, 0)
[235/473] DIFF      mm/mprotect02 docker(2, 0, 0, 0) carrick(0, 0, 0, 0)
[236/473] TBROK     mm/mprotect03 docker(1, 0, 0, 0) carrick(0, 1, 2, 0)
[237/473] DIFF      mm/mprotect04 docker(2, 0, 0, 0) carrick(0, 0, 0, 0)
[238/473] TBROK     mm/mprotect05 docker(1, 0, 0, 0) carrick(0, 0, 1, 0)
[239/473] TIMEOUT   mm/mremap01 docker(1, 0, 0, 0) carrick(0, 0, 0, 0)
[240/473] DIFF      mm/mremap04 docker(1, 0, 0, 0) carrick(0, 1, 0, 0)
[241/473] DIFF      mm/mremap05 docker(7, 0, 0, 0) carrick(2, 4, 0, 0)
[242/473] TBROK     mm/mremap06 docker(3, 0, 0, 0) carrick(0, 0, 1, 0)
[243/473] TBROK     mm/msync01 docker(1, 0, 0, 0) carrick(1, 0, 1, 0)
[244/473] TBROK     mm/msync02 docker(1, 0, 0, 0) carrick(1, 0, 1, 0)
[245/473] DIFF      mm/msync03 docker(6, 0, 0, 0) carrick(2, 4, 0, 0)
[246/473] DIFF      mm/munlock02 docker(1, 0, 0, 0) carrick(0, 1, 0, 0)
[247/473] TBROK     mm/munlockall01 docker(2, 0, 0, 0) carrick(0, 0, 1, 0)
[248/473] DIFF      mm/munmap01 docker(1, 0, 0, 0) carrick(0, 1, 0, 0)
[249/473] DIFF      mm/munmap02 docker(1, 0, 0, 0) carrick(0, 1, 0, 0)
[250/473] DIFF      mm/munmap03 docker(3, 0, 0, 0) carrick(2, 1, 0, 0)
[251/473] TBROK     mm/remap_file_pages01 docker(2, 0, 0, 0) carrick(1, 58, 2, 0)
[252/473] DIFF      mm/remap_file_pages02 docker(4, 0, 0, 0) carrick(0, 0, 0, 0)
[253/473] DIFF      mm/shmat01 docker(4, 0, 0, 0) carrick(1, 3, 0, 0)
[254/473] DIFF      mm/shmat02 docker(3, 0, 0, 0) carrick(1, 2, 0, 0)
[255/473] DIFF      mm/shmctl01 docker(12, 0, 0, 0) carrick(10, 2, 0, 0)
[256/473] DIFF      mm/shmctl02 docker(20, 0, 0, 0) carrick(7, 13, 0, 0)
[257/473] TBROK     mm/shmctl03 docker(4, 0, 0, 0) carrick(0, 1, 1, 0)
[258/473] DIFF      mm/shmctl04 docker(12, 0, 0, 0) carrick(0, 0, 0, 0)
[259/473] DIFF      mm/shmctl05 docker(1, 0, 0, 0) carrick(0, 0, 0, 0)
[260/473] DIFF      mm/shmctl07 docker(4, 0, 0, 0) carrick(1, 3, 0, 0)
[261/473] DIFF      mm/shmctl08 docker(6, 0, 0, 0) carrick(2, 4, 0, 0)
[262/473] DIFF      mm/shmdt01 docker(2, 0, 0, 0) carrick(1, 1, 0, 0)
[263/473] TBROK     mm/shmget03 docker(1, 0, 0, 0) carrick(0, 0, 1, 0)
[264/473] DIFF      mm/shmget04 docker(3, 0, 0, 0) carrick(0, 3, 0, 0)
[265/473] TBROK     net/accept02 docker(1, 0, 0, 0) carrick(0, 0, 1, 0)
[266/473] DIFF      net/accept03 docker(15, 0, 0, 0) carrick(12, 1, 0, 0)
[267/473] DIFF      net/bind01 docker(7, 0, 0, 0) carrick(6, 1, 0, 0)
[268/473] DIFF      net/bind03 docker(3, 0, 0, 0) carrick(2, 1, 0, 0)
[269/473] TBROK     net/bind04 docker(16, 0, 0, 0) carrick(1, 0, 1, 0)
[270/473] TBROK     net/bind05 docker(14, 0, 0, 0) carrick(1, 0, 1, 0)
[271/473] DIFF      net/connect01 docker(7, 0, 0, 0) carrick(6, 1, 0, 0)
[272/473] TBROK     net/connect02 docker(1, 0, 0, 0) carrick(0, 0, 1, 0)
[273/473] DIFF      net/getpeername01 docker(7, 0, 0, 0) carrick(6, 1, 0, 0)
[274/473] DIFF      net/getsockname01 docker(6, 0, 0, 0) carrick(4, 2, 0, 0)
[275/473] DIFF      net/getsockopt01 docker(9, 0, 0, 0) carrick(5, 4, 0, 0)
[276/473] DIFF      net/recv01 docker(5, 0, 0, 0) carrick(4, 1, 0, 0)
[277/473] DIFF      net/recvfrom01 docker(7, 0, 0, 0) carrick(5, 2, 0, 0)
[278/473] TBROK     net/recvmmsg01 docker(10, 0, 0, 0) carrick(2, 1, 1, 0)
[279/473] TBROK     net/recvmsg01 docker(10, 0, 0, 0) carrick(1, 0, 1, 0)
[280/473] DIFF      net/send02 docker(4, 0, 0, 0) carrick(0, 4, 0, 0)
[281/473] MATCH     net/sendmsg02 docker(1, 0, 0, 0) carrick(1, 0, 0, 0)
[282/473] DIFF      net/sendto01 docker(10, 0, 0, 0) carrick(7, 3, 0, 0)
[283/473] DIFF      net/sendto02 docker(1, 0, 0, 0) carrick(0, 0, 0, 0)
[284/473] DIFF      net/setsockopt01 docker(8, 0, 0, 0) carrick(6, 2, 0, 0)
[285/473] TBROK     net/setsockopt02 docker(2, 0, 0, 0) carrick(0, 0, 1, 0)
[286/473] TBROK     net/shutdown01 docker(6, 0, 0, 0) carrick(4, 0, 3, 0)
[287/473] DIFF      net/socket01 docker(9, 0, 0, 0) carrick(4, 5, 0, 0)
[288/473] DIFF      net/socketpair01 docker(10, 0, 0, 0) carrick(6, 4, 0, 0)
[289/473] TBROK     net/sockioctl01 docker(8, 0, 0, 0) carrick(1, 0, 2, 0)
[290/473] DIFF      other/cachestat02 docker(20, 0, 0, 0) carrick(0, 0, 0, 0)
[291/473] DIFF      other/fchdir03 docker(1, 0, 0, 0) carrick(0, 1, 0, 0)
[292/473] DIFF      other/fmtmsg01 docker(5, 0, 0, 0) carrick(3, 2, 0, 0)
[293/473] DIFF      other/ftruncate03 docker(4, 0, 0, 0) carrick(3, 1, 0, 0)
[294/473] DIFF      other/ftruncate03_64 docker(4, 0, 0, 0) carrick(3, 1, 0, 0)
[295/473] DIFF      other/get_robust_list01 docker(5, 0, 0, 0) carrick(0, 0, 0, 2)
[296/473] MATCH     other/ioprio_get01 docker(1, 0, 0, 0) carrick(1, 0, 0, 0)
[297/473] MATCH_PARTIAL other/ioprio_set01 docker(1, 0, 0, 0) carrick(2, 0, 0, 0)
[298/473] MATCH     other/ioprio_set02 docker(3, 0, 0, 0) carrick(3, 0, 0, 0)
[299/473] MATCH     other/ioprio_set03 docker(3, 0, 0, 0) carrick(3, 0, 0, 0)
[300/473] DIFF      other/lchown01 docker(6, 0, 0, 0) carrick(0, 6, 0, 0)
[301/473] DIFF      other/lchown02 docker(6, 0, 0, 0) carrick(4, 2, 0, 0)
[302/473] DIFF      other/llseek01 docker(5, 0, 0, 0) carrick(1, 1, 0, 0)
[303/473] TBROK     other/msgstress01 docker(1, 0, 0, 0) carrick(0, 0, 1, 0)
[304/473] DIFF      other/nftw01 docker(31, 0, 0, 0) carrick(14, 1, 0, 0)
[305/473] DIFF      other/nftw6401 docker(31, 0, 0, 0) carrick(14, 1, 0, 0)
[306/473] DIFF      other/pathconf02 docker(6, 0, 0, 0) carrick(3, 3, 0, 0)
[307/473] DIFF      other/posix_fadvise03 docker(32, 0, 0, 0) carrick(6, 26, 0, 0)
[308/473] DIFF      other/posix_fadvise03_64 docker(32, 0, 0, 0) carrick(6, 26, 0, 0)
[309/473] DIFF      other/posix_fadvise04 docker(6, 0, 0, 0) carrick(0, 6, 0, 0)
[310/473] DIFF      other/posix_fadvise04_64 docker(6, 0, 0, 0) carrick(0, 6, 0, 0)
[311/473] TBROK     other/realpath01 docker(1, 0, 0, 0) carrick(0, 0, 1, 0)
[312/473] DIFF      other/rt_tgsigqueueinfo01 docker(3, 0, 0, 0) carrick(0, 0, 0, 0)
[313/473] DIFF      other/set_robust_list01 docker(2, 0, 0, 0) carrick(1, 1, 0, 0)
[314/473] MATCH     other/setegid02 docker(1, 0, 0, 0) carrick(1, 0, 0, 0)
[315/473] DIFF      other/setfsgid01 docker(2, 0, 0, 0) carrick(1, 2, 0, 0)
[316/473] DIFF      other/setfsgid02 docker(4, 0, 0, 0) carrick(3, 1, 0, 0)
[317/473] DIFF      other/setfsuid01 docker(2, 0, 0, 0) carrick(1, 1, 0, 0)
[318/473] DIFF      other/setfsuid03 docker(1, 0, 0, 0) carrick(0, 1, 0, 0)
[319/473] DIFF      other/setfsuid04 docker(1, 0, 0, 0) carrick(0, 1, 0, 0)
[320/473] MATCH_PARTIAL other/sysconf01 docker(45, 0, 0, 11) carrick(46, 0, 0, 10)
[321/473] MATCH     other/vhangup01 docker(1, 0, 0, 0) carrick(1, 0, 0, 0)
[322/473] MATCH     process/capget02 docker(5, 0, 0, 0) carrick(5, 0, 0, 0)
[323/473] TBROK     process/capset02 docker(6, 0, 0, 0) carrick(0, 0, 1, 0)
[324/473] TBROK     process/capset03 docker(1, 0, 0, 0) carrick(0, 0, 1, 0)
[325/473] TBROK     process/capset04 docker(1, 0, 0, 0) carrick(0, 1, 1, 0)
[326/473] TBROK     process/execl01 docker(1, 0, 0, 0) carrick(0, 0, 1, 0)
[327/473] TBROK     process/execle01 docker(1, 0, 0, 0) carrick(0, 0, 1, 0)
[328/473] TBROK     process/execlp01 docker(1, 0, 0, 0) carrick(0, 0, 1, 0)
[329/473] TBROK     process/execv01 docker(1, 0, 0, 0) carrick(0, 0, 1, 0)
[330/473] TBROK     process/execve01 docker(1, 0, 0, 0) carrick(0, 0, 1, 0)
[331/473] TBROK     process/execve02 docker(1, 0, 0, 0) carrick(0, 0, 1, 0)
[332/473] DIFF      process/execve03 docker(6, 0, 0, 0) carrick(2, 4, 0, 0)
[333/473] TBROK     process/execve05 docker(8, 0, 0, 0) carrick(0, 0, 1, 0)
[334/473] TBROK     process/execve06 docker(1, 0, 0, 0) carrick(0, 0, 1, 0)
[335/473] TBROK     process/execveat01 docker(4, 0, 0, 0) carrick(0, 0, 1, 0)
[336/473] TBROK     process/execveat02 docker(4, 0, 0, 0) carrick(0, 0, 1, 0)
[337/473] TBROK     process/execvp01 docker(1, 0, 0, 0) carrick(0, 0, 1, 0)
[338/473] TBROK     process/fork14 docker(1, 0, 0, 0) carrick(0, 0, 1, 0)
[339/473] MATCH_PARTIAL process/getgroups01 docker(4, 0, 0, 0) carrick(3, 0, 0, 1)
[340/473] TBROK     process/getpgid01 docker(8, 0, 0, 0) carrick(7, 0, 1, 0)
[341/473] MATCH     process/getrandom05 docker(2, 0, 0, 0) carrick(2, 0, 0, 0)
[342/473] MATCH     process/getresgid02 docker(1, 0, 0, 0) carrick(1, 0, 0, 0)
[343/473] MATCH     process/getresgid03 docker(1, 0, 0, 0) carrick(1, 0, 0, 0)
[344/473] MATCH     process/getresuid02 docker(1, 0, 0, 0) carrick(1, 0, 0, 0)
[345/473] MATCH     process/getresuid03 docker(1, 0, 0, 0) carrick(1, 0, 0, 0)
[346/473] DIFF      process/getrlimit02 docker(2, 0, 0, 0) carrick(1, 1, 0, 0)
[347/473] DIFF      process/getrlimit03 docker(16, 0, 0, 0) carrick(0, 16, 0, 0)
[348/473] DIFF      process/inotify01 docker(7, 0, 0, 0) carrick(0, 7, 0, 0)
[349/473] TBROK     process/inotify02 docker(9, 0, 0, 0) carrick(0, 0, 1, 0)
[350/473] TBROK     process/inotify04 docker(5, 0, 0, 0) carrick(0, 0, 1, 0)
[351/473] TBROK     process/inotify05 docker(1, 0, 0, 0) carrick(0, 0, 1, 0)
[352/473] TBROK     process/inotify06 docker(1, 0, 0, 0) carrick(0, 0, 1, 0)
[353/473] TIMEOUT   process/inotify09 docker(1, 0, 0, 0) carrick(0, 0, 0, 0)
[354/473] TBROK     process/inotify10 docker(10, 0, 0, 0) carrick(0, 0, 1, 0)
[355/473] TBROK     process/inotify11 docker(1, 0, 0, 0) carrick(0, 0, 1, 0)
[356/473] TBROK     process/inotify12 docker(9, 0, 0, 0) carrick(0, 0, 1, 0)
[357/473] DIFF      process/io_cancel01 docker(1, 0, 0, 0) carrick(0, 0, 0, 0)
[358/473] DIFF      process/io_destroy02 docker(1, 0, 0, 0) carrick(0, 0, 0, 0)
[359/473] DIFF      process/io_getevents01 docker(1, 0, 0, 0) carrick(0, 0, 0, 0)
[360/473] DIFF      process/io_setup02 docker(5, 0, 0, 0) carrick(0, 0, 0, 0)
[361/473] DIFF      process/io_submit02 docker(2, 0, 0, 0) carrick(0, 0, 0, 0)
[362/473] DIFF      process/io_submit03 docker(7, 0, 0, 0) carrick(0, 0, 0, 0)
[363/473] DIFF      process/ioctl01 docker(9, 0, 0, 0) carrick(7, 2, 0, 0)
[364/473] TBROK     process/ioctl07 docker(1, 0, 0, 0) carrick(0, 0, 1, 0)
[365/473] TBROK     process/ioctl_ns02 docker(1, 0, 0, 0) carrick(0, 0, 1, 0)
[366/473] TBROK     process/ioctl_ns03 docker(1, 0, 0, 0) carrick(0, 0, 1, 0)
[367/473] TBROK     process/ioctl_ns04 docker(1, 0, 0, 0) carrick(0, 0, 1, 0)
[368/473] DIFF      process/keyctl08 docker(1, 0, 0, 0) carrick(0, 0, 0, 0)
[369/473] DIFF      process/membarrier01 docker(12, 0, 0, 0) carrick(10, 2, 0, 0)
[370/473] DIFF      process/pidfd_open01 docker(1, 0, 0, 0) carrick(0, 1, 0, 0)
[371/473] MATCH     process/pidfd_open03 docker(1, 0, 0, 0) carrick(1, 0, 0, 0)
[372/473] TBROK     process/pidfd_open04 docker(3, 0, 0, 0) carrick(1, 1, 2, 0)
[373/473] TBROK     process/pidfd_send_signal01 docker(2, 0, 0, 0) carrick(0, 0, 1, 0)
[374/473] TBROK     process/pidfd_send_signal02 docker(4, 0, 0, 0) carrick(0, 0, 1, 0)
[375/473] DIFF      process/prctl02 docker(18, 0, 0, 0) carrick(5, 2, 0, 0)
[376/473] DIFF      process/prctl03 docker(6, 0, 0, 0) carrick(0, 0, 0, 0)
[377/473] TBROK     process/prctl05 docker(8, 0, 0, 0) carrick(2, 0, 1, 0)
[378/473] DIFF      process/prctl08 docker(14, 0, 0, 0) carrick(0, 5, 0, 0)
[379/473] DIFF      process/process_vm_readv02 docker(1, 0, 0, 0) carrick(0, 0, 0, 0)
[380/473] DIFF      process/process_vm_readv03 docker(32, 0, 0, 0) carrick(0, 0, 0, 0)
[381/473] DIFF      process/process_vm_writev02 docker(2, 0, 0, 0) carrick(0, 0, 0, 0)
[382/473] TBROK     process/ptrace01 docker(4, 0, 0, 0) carrick(0, 1, 1, 0)
[383/473] DIFF      process/ptrace02 docker(1, 0, 0, 0) carrick(0, 1, 0, 0)
[384/473] TBROK     process/ptrace03 docker(2, 0, 0, 0) carrick(0, 1, 1, 0)
[385/473] DIFF      process/ptrace05 docker(63, 0, 0, 0) carrick(33, 1086, 0, 0)
[386/473] TBROK     process/ptrace06 docker(48, 0, 0, 0) carrick(0, 1, 2, 0)
[387/473] TBROK     process/ptrace11 docker(1, 0, 0, 0) carrick(0, 1, 1, 0)
[388/473] DIFF      process/request_key05 docker(1, 0, 0, 0) carrick(0, 0, 0, 0)
[389/473] MATCH     process/setgid02 docker(1, 0, 0, 0) carrick(1, 0, 0, 0)
[390/473] DIFF      process/setgroups02 docker(3, 0, 0, 0) carrick(2, 1, 0, 0)
[391/473] DIFF      process/setgroups03 docker(3, 0, 0, 0) carrick(0, 3, 0, 0)
[392/473] TBROK     process/setpgid03 docker(3, 0, 0, 0) carrick(2, 0, 2, 0)
[393/473] MATCH     process/setregid02 docker(12, 0, 0, 0) carrick(12, 0, 0, 0)
[394/473] MATCH     process/setregid03 docker(22, 0, 0, 0) carrick(22, 0, 0, 0)
[395/473] MATCH     process/setregid04 docker(9, 0, 0, 0) carrick(9, 0, 0, 0)
[396/473] MATCH     process/setresgid01 docker(5, 0, 0, 0) carrick(5, 0, 0, 0)
[397/473] MATCH     process/setresgid02 docker(6, 0, 0, 0) carrick(6, 0, 0, 0)
[398/473] MATCH     process/setresgid03 docker(4, 0, 0, 0) carrick(4, 0, 0, 0)
[399/473] MATCH     process/setresuid01 docker(9, 0, 0, 0) carrick(9, 0, 0, 0)
[400/473] MATCH     process/setresuid02 docker(4, 0, 0, 0) carrick(4, 0, 0, 0)
[401/473] MATCH     process/setresuid03 docker(3, 0, 0, 0) carrick(3, 0, 0, 0)
[402/473] MATCH     process/setreuid02 docker(7, 0, 0, 0) carrick(7, 0, 0, 0)
[403/473] MATCH     process/setreuid03 docker(14, 0, 0, 0) carrick(14, 0, 0, 0)
[404/473] MATCH     process/setreuid05 docker(14, 0, 0, 0) carrick(14, 0, 0, 0)
[405/473] MATCH     process/setreuid06 docker(3, 0, 0, 0) carrick(3, 0, 0, 0)
[406/473] DIFF      process/setrlimit02 docker(2, 0, 0, 0) carrick(0, 2, 0, 0)
[407/473] DIFF      process/setrlimit03 docker(2, 0, 0, 0) carrick(1, 1, 0, 0)
[408/473] DIFF      process/setrlimit06 docker(1, 0, 0, 0) carrick(0, 1, 0, 0)
[409/473] MATCH     process/setuid03 docker(1, 0, 0, 0) carrick(1, 0, 0, 0)
[410/473] TBROK     process/wait403 docker(1, 0, 0, 0) carrick(0, 0, 1, 0)
[411/473] TBROK     process/waitid07 docker(5, 0, 0, 0) carrick(0, 0, 1, 0)
[412/473] TBROK     process/waitid08 docker(10, 0, 0, 0) carrick(0, 0, 1, 0)
[413/473] TBROK     process/waitid10 docker(5, 0, 0, 0) carrick(0, 0, 1, 0)
[414/473] TBROK     process/waitpid01 docker(146, 0, 0, 0) carrick(71, 1, 1, 0)
[415/473] DIFF      process/waitpid04 docker(4, 0, 0, 0) carrick(3, 1, 0, 0)
[416/473] DIFF      process/waitpid08 docker(1, 0, 0, 0) carrick(0, 1, 0, 0)
[417/473] MATCH     process/waitpid09 docker(4, 0, 0, 0) carrick(4, 0, 0, 0)
[418/473] MATCH     process/waitpid10 docker(1, 0, 0, 0) carrick(1, 0, 0, 0)
[419/473] TIMEOUT   process/waitpid12 docker(1, 0, 0, 0) carrick(0, 0, 0, 0)
[420/473] DIFF      process/waitpid13 docker(1, 0, 0, 0) carrick(0, 1, 0, 0)
[421/473] DIFF      sched/clone05 docker(1, 0, 0, 0) carrick(0, 1, 0, 0)
[422/473] TBROK     sched/clone08 docker(5, 0, 0, 0) carrick(0, 1, 1, 0)
[423/473] DIFF      sched/clone302 docker(1, 0, 0, 0) carrick(6, 6, 0, 0)
[424/473] TBROK     sched/futex_cmp_requeue01 docker(7, 0, 0, 0) carrick(0, 5, 1, 0)
[425/473] DIFF      sched/futex_wait_bitset01 docker(2, 0, 0, 0) carrick(1, 1, 0, 0)
[426/473] DIFF      sched/futex_waitv01 docker(9, 0, 0, 0) carrick(0, 0, 0, 0)
[427/473] DIFF      sched/futex_waitv02 docker(1, 0, 0, 0) carrick(0, 0, 0, 0)
[428/473] DIFF      sched/futex_waitv03 docker(1, 0, 0, 0) carrick(0, 0, 0, 0)
[429/473] DIFF      sched/getpriority02 docker(4, 0, 0, 0) carrick(2, 2, 0, 0)
[430/473] DIFF      sched/gettid01 docker(2, 0, 0, 0) carrick(1, 1, 0, 0)
[431/473] DIFF      sched/nice02 docker(1, 0, 0, 0) carrick(0, 1, 0, 0)
[432/473] DIFF      sched/nice03 docker(1, 0, 0, 0) carrick(0, 1, 0, 0)
[433/473] DIFF      sched/nice04 docker(1, 0, 0, 0) carrick(0, 1, 0, 0)
[434/473] DIFF      sched/sched_getattr02 docker(4, 0, 0, 0) carrick(0, 4, 0, 0)
[435/473] TBROK     sched/sched_getparam01 docker(4, 0, 0, 0) carrick(3, 0, 1, 0)
[436/473] DIFF      sched/sched_getparam03 docker(6, 0, 0, 0) carrick(4, 2, 0, 0)
[437/473] DIFF      sched/sched_setparam04 docker(8, 0, 0, 0) carrick(6, 2, 0, 0)
[438/473] TBROK     sched/sched_setparam05 docker(2, 0, 0, 0) carrick(0, 1, 1, 0)
[439/473] DIFF      sched/sched_setscheduler01 docker(8, 0, 0, 0) carrick(6, 2, 0, 0)
[440/473] TBROK     sched/sched_setscheduler02 docker(2, 0, 0, 0) carrick(1, 0, 1, 0)
[441/473] DIFF      sched/setpriority02 docker(7, 0, 0, 0) carrick(2, 5, 0, 0)
[442/473] DIFF      signals/kill02 docker(2, 0, 0, 0) carrick(1, 1, 0, 0)
[443/473] TIMEOUT   signals/kill08 docker(1, 0, 0, 0) carrick(0, 0, 0, 0)
[444/473] TIMEOUT   signals/kill10 docker(1, 0, 0, 0) carrick(0, 0, 0, 0)
[445/473] TBROK     signals/kill11 docker(24, 0, 0, 0) carrick(1, 0, 1, 0)
[446/473] TIMEOUT   signals/kill12 docker(1, 0, 0, 0) carrick(0, 0, 0, 0)
[447/473] MATCH     signals/rt_sigqueueinfo01 docker(2, 0, 0, 0) carrick(2, 0, 0, 0)
[448/473] TBROK     signals/rt_sigtimedwait01 docker(19, 0, 0, 0) carrick(0, 0, 1, 0)
[449/473] TBROK     signals/sighold02 docker(1, 0, 0, 0) carrick(0, 0, 1, 0)
[450/473] DIFF      signals/signalfd01 docker(7, 0, 0, 0) carrick(0, 1, 0, 0)
[451/473] DIFF      signals/signalfd02 docker(3, 0, 0, 0) carrick(0, 3, 0, 0)
[452/473] DIFF      signals/signalfd4_01 docker(1, 0, 0, 0) carrick(0, 0, 0, 2)
[453/473] DIFF      signals/signalfd4_02 docker(1, 0, 0, 0) carrick(0, 0, 0, 2)
[454/473] TBROK     signals/sigrelse01 docker(1, 0, 0, 0) carrick(0, 0, 2, 0)
[455/473] TBROK     signals/sigtimedwait01 docker(11, 0, 0, 0) carrick(0, 0, 1, 0)
[456/473] TBROK     signals/sigwaitinfo01 docker(9, 0, 0, 0) carrick(0, 0, 1, 0)
[457/473] DIFF      signals/tgkill02 docker(1, 0, 0, 0) carrick(0, 1, 0, 0)
[458/473] DIFF      signals/tgkill03 docker(6, 0, 0, 0) carrick(5, 1, 0, 0)
[459/473] TBROK     timers/adjtimex03 docker(1, 0, 0, 0) carrick(0, 0, 1, 0)
[460/473] DIFF      timers/alarm07 docker(2, 0, 0, 0) carrick(1, 1, 0, 0)
[461/473] TBROK     timers/clock_gettime01 docker(16, 0, 0, 0) carrick(0, 0, 1, 0)
[462/473] DIFF      timers/clock_gettime04 docker(6, 0, 0, 0) carrick(4, 2, 0, 0)
[463/473] TBROK     timers/clock_nanosleep01 docker(12, 0, 0, 0) carrick(7, 1, 1, 0)
[464/473] NO_ORACLE timers/gettimeofday02 docker(0, 1, 0, 0) carrick(0, 0, 1, 0)
[465/473] TBROK     timers/setitimer01 docker(18, 0, 0, 0) carrick(5, 0, 1, 0)
[466/473] TBROK     timers/timer_settime03 docker(1, 0, 0, 0) carrick(0, 0, 1, 0)
[467/473] TBROK     timers/timerfd_settime02 docker(1, 0, 0, 0) carrick(0, 0, 1, 0)
[468/473] TBROK     timers/times03 docker(12, 0, 0, 0) carrick(2, 0, 1, 0)
[469/473] DIFF      xattr/fgetxattr03 docker(1, 0, 0, 0) carrick(0, 0, 0, 0)
[470/473] MATCH     xattr/getxattr01 docker(4, 0, 0, 0) carrick(4, 0, 0, 0)
[471/473] DIFF      xattr/removexattr01 docker(1, 0, 0, 0) carrick(0, 1, 0, 0)
[472/473] DIFF      xattr/removexattr02 docker(3, 0, 0, 0) carrick(0, 0, 0, 2)
[473/473] TBROK     xattr/setxattr02 docker(7, 0, 0, 0) carrick(0, 0, 1, 0)
