######## AREA: SIGNALS ########
MATCH rt_sigaction01         docker[P155 F0 B0 C0] carrick[P155 F0 B0 C0]
MATCH rt_sigaction02         docker[P155 F0 B0 C0] carrick[P155 F0 B0 C0]
MATCH rt_sigaction03         docker[P155 F0 B0 C0] carrick[P155 F0 B0 C0]
MATCH rt_sigprocmask01       docker[P1 F0 B0 C0] carrick[P1 F0 B0 C0]
MATCH rt_sigprocmask02       docker[P2 F0 B0 C0] carrick[P2 F0 B0 C0]
MATCH rt_sigsuspend01        docker[passed 2 failed 0 broken 0 ] carrick[passed 2 failed 0 broken 0 ]
DIFF  rt_sigtimedwait01      docker[passed 19 failed 0 broken 0 ] carrick[passed 0 failed 0 broken 1 ]
DIFF  rt_sigqueueinfo01      docker[passed 2 failed 0 broken 0 ] carrick[passed 0 failed 1 broken 0 ]
MATCH sigaltstack01          docker[P1 F0 B0 C0] carrick[P1 F0 B0 C0]
MATCH sigaltstack02          docker[passed 2 failed 0 broken 0 ] carrick[passed 2 failed 0 broken 0 ]
MATCH tgkill01               docker[passed 1 failed 0 broken 0 ] carrick[passed 1 failed 0 broken 0 ]
DIFF  tgkill02               docker[passed 1 failed 0 broken 0 ] carrick[passed 0 failed 1 broken 0 ]
DIFF  tgkill03               docker[passed 6 failed 0 broken 0 ] carrick[passed 5 failed 1 broken 0 ]
MATCH tkill01                docker[passed 2 failed 0 broken 0 ] carrick[passed 2 failed 0 broken 0 ]
MATCH tkill02                docker[passed 2 failed 0 broken 0 ] carrick[passed 2 failed 0 broken 0 ]
DIFF  kill02                 docker[P2 F0 B0 C0] carrick[P1 F1 B0 C0]
MATCH kill03                 docker[passed 3 failed 0 broken 0 ] carrick[passed 3 failed 0 broken 0 ]
DIFF  kill05                 docker[passed 1 failed 0 broken 0 ] carrick[passed 0 failed 0 broken 1 ]
MATCH kill06                 docker[passed 1 failed 0 broken 0 ] carrick[passed 1 failed 0 broken 0 ]
DIFF  kill07                 docker[P1 F0 B0 C0] carrick[P0 F0 B2 C0]
MATCH kill08                 docker[P1 F0 B0 C0] carrick[P1 F0 B0 C0]
MATCH kill09                 docker[P1 F0 B0 C0] carrick[P1 F0 B0 C0]
DIFF  kill10                 docker[P1 F0 B0 C0] carrick[TIMEOUT/]
DIFF  kill11                 docker[passed 24 failed 0 broken 0 ] carrick[passed 1 failed 0 broken 1 ]
DIFF  kill12                 docker[P1 F0 B0 C0] carrick[TIMEOUT/]
MATCH kill13                 docker[P0 F0 B0 C1] carrick[P0 F0 B0 C1]
MATCH sigaction01            docker[P4 F0 B0 C0] carrick[P4 F0 B0 C0]
MATCH sigaction02            docker[P3 F0 B0 C0] carrick[P3 F0 B0 C0]
MATCH signal01               docker[passed 6 failed 0 broken 0 ] carrick[passed 6 failed 0 broken 0 ]
MATCH signal02               docker[passed 3 failed 0 broken 0 ] carrick[passed 3 failed 0 broken 0 ]
MATCH signal03               docker[passed 30 failed 0 broken 0 ] carrick[passed 30 failed 0 broken 0 ]
MATCH signal04               docker[passed 28 failed 0 broken 0 ] carrick[passed 28 failed 0 broken 0 ]
MATCH signal05               docker[passed 30 failed 0 broken 0 ] carrick[passed 30 failed 0 broken 0 ]
MATCH signal06               docker[P0 F0 B0 C2] carrick[P0 F0 B0 C2]
MATCH sigpending02           docker[passed 4 failed 0 broken 0 ] carrick[passed 4 failed 0 broken 0 ]
MATCH sigsuspend01           docker[passed 1 failed 0 broken 0 ] carrick[passed 1 failed 0 broken 0 ]
MATCH sigsuspend02           docker[passed 1 failed 0 broken 0 ] carrick[passed 1 failed 0 broken 0 ]
MATCH sigprocmask01          docker[P1 F0 B0 C0] carrick[P1 F0 B0 C0]
DIFF  sighold02              docker[passed 1 failed 0 broken 0 ] carrick[passed 0 failed 0 broken 1 ]
DIFF  sigrelse01             docker[P1 F0 B0 C0] carrick[P0 F0 B2 C0]
MATCH sigwait01              docker[passed 3 failed 0 broken 0 ] carrick[passed 3 failed 0 broken 0 ]
DIFF  sigwaitinfo01          docker[passed 9 failed 0 broken 0 ] carrick[passed 0 failed 0 broken 1 ]
DIFF  sigtimedwait01         docker[passed 11 failed 0 broken 0 ] carrick[passed 0 failed 0 broken 1 ]
MATCH pause01                docker[passed 1 failed 0 broken 0 ] carrick[passed 1 failed 0 broken 0 ]
DIFF  pause02                docker[P1 F0 B0 C0] carrick[P0 F1 B0 C0]
MATCH pause03                docker[P1 F0 B0 C0] carrick[P1 F0 B0 C0]
MATCH abort01                docker[passed 2 failed 0 broken 0 ] carrick[passed 2 failed 0 broken 0 ]

######## AREA: EPOLL ########
MATCH epoll_create01         docker[passed 2 failed 0 broken 0 ] carrick[passed 2 failed 0 broken 0 ]
MATCH epoll_create02         docker[passed 2 failed 0 broken 0 ] carrick[passed 2 failed 0 broken 0 ]
MATCH epoll_create1_01       docker[passed 2 failed 0 broken 0 ] carrick[passed 2 failed 0 broken 0 ]
MATCH epoll_create1_02       docker[passed 2 failed 0 broken 0 ] carrick[passed 2 failed 0 broken 0 ]
MATCH epoll_ctl01            docker[passed 3 failed 0 broken 0 ] carrick[passed 3 failed 0 broken 0 ]
MATCH epoll_ctl02            docker[passed 9 failed 0 broken 0 ] carrick[passed 9 failed 0 broken 0 ]
MATCH epoll_ctl03            docker[passed 256 failed 0 broken 0 ] carrick[passed 256 failed 0 broken 0 ]
MATCH epoll_ctl04            docker[passed 0 failed 1 broken 0 ] carrick[passed 0 failed 1 broken 0 ]
DIFF  epoll_ctl05            docker[passed 1 failed 0 broken 0 ] carrick[passed 0 failed 1 broken 0 ]
DIFF  epoll_pwait01          docker[passed 4 failed 0 broken 0 ] carrick[passed 2 failed 0 broken 0 ]
DIFF  epoll_pwait02          docker[passed 2 failed 0 broken 0 ] carrick[passed 1 failed 0 broken 0 ]
DIFF  epoll_pwait03          docker[passed 6 failed 8 broken 0 ] carrick[passed 7 failed 0 broken 0 ]
DIFF  epoll_pwait04          docker[passed 2 failed 0 broken 0 ] carrick[passed 1 failed 0 broken 0 ]
DIFF  epoll_pwait05          docker[passed 3 failed 0 broken 0 ] carrick[passed 0 failed 0 broken 0 ]
MATCH epoll_wait01           docker[passed 3 failed 0 broken 0 ] carrick[passed 3 failed 0 broken 0 ]
DIFF  epoll_wait02           docker[passed 3 failed 4 broken 0 ] carrick[passed 7 failed 0 broken 0 ]
DIFF  epoll_wait03           docker[passed 5 failed 0 broken 0 ] carrick[passed 4 failed 1 broken 0 ]
MATCH epoll_wait04           docker[passed 1 failed 0 broken 0 ] carrick[passed 1 failed 0 broken 0 ]
DIFF  epoll_wait05           docker[passed 1 failed 0 broken 0 ] carrick[passed 1 failed 0 broken 1 ]
DIFF  epoll_wait06           docker[passed 9 failed 0 broken 0 ] carrick[passed 0 failed 0 broken 1 ]
MATCH epoll_wait07           docker[passed 5 failed 0 broken 0 ] carrick[passed 5 failed 0 broken 0 ]
MATCH eventfd01              docker[passed 4 failed 0 broken 0 ] carrick[passed 4 failed 0 broken 0 ]
MATCH eventfd02              docker[passed 5 failed 0 broken 0 ] carrick[passed 5 failed 0 broken 0 ]
MATCH eventfd03              docker[passed 3 failed 0 broken 0 ] carrick[passed 3 failed 0 broken 0 ]
DIFF  eventfd04              docker[passed 3 failed 0 broken 0 ] carrick[passed 2 failed 1 broken 0 ]
DIFF  eventfd05              docker[passed 2 failed 0 broken 0 ] carrick[passed 1 failed 0 broken 1 ]
MATCH eventfd06              docker[P0 F0 B0 C1] carrick[P0 F0 B0 C1]
MATCH eventfd2_01            docker[passed 2 failed 0 broken 0 ] carrick[passed 2 failed 0 broken 0 ]
MATCH eventfd2_02            docker[passed 2 failed 0 broken 0 ] carrick[passed 2 failed 0 broken 0 ]
DIFF  eventfd2_03            docker[passed 2 failed 0 broken 0 ] carrick[passed 0 failed 0 broken 1 ]
MATCH pipe01                 docker[passed 1 failed 0 broken 0 ] carrick[passed 1 failed 0 broken 0 ]
DIFF  pipe02                 docker[passed 1 failed 0 broken 0 ] carrick[passed 0 failed 1 broken 1 ]
MATCH pipe03                 docker[passed 2 failed 0 broken 0 ] carrick[passed 2 failed 0 broken 0 ]
DIFF  pipe04                 docker[P2 F0 B0 C0] carrick[P1 F0 B0 C0]
MATCH pipe05                 docker[P1 F0 B0 C0] carrick[P1 F0 B0 C0]
MATCH pipe06                 docker[passed 1 failed 0 broken 0 ] carrick[passed 1 failed 0 broken 0 ]
DIFF  pipe07                 docker[passed 2 failed 0 broken 0 ] carrick[passed 0 failed 0 broken 1 ]
DIFF  pipe08                 docker[passed 1 failed 0 broken 0 ] carrick[passed 0 failed 1 broken 0 ]
MATCH pipe09                 docker[P1 F0 B0 C0] carrick[P1 F0 B0 C0]
MATCH pipe10                 docker[passed 1 failed 0 broken 0 ] carrick[passed 1 failed 0 broken 0 ]
MATCH pipe11                 docker[passed 70 failed 0 broken 0 ] carrick[passed 70 failed 0 broken 0 ]
DIFF  pipe12                 docker[passed 6 failed 0 broken 0 ] carrick[passed 4 failed 2 broken 0 ]
DIFF  pipe13                 docker[passed 4 failed 0 broken 0 ] carrick[passed 3 failed 1 broken 0 ]
MATCH pipe14                 docker[passed 1 failed 0 broken 0 ] carrick[passed 1 failed 0 broken 0 ]
MATCH pipe2_01               docker[passed 7 failed 0 broken 0 ] carrick[passed 7 failed 0 broken 0 ]
DIFF  pipe2_02               docker[passed 1 failed 0 broken 0 ] carrick[passed 0 failed 0 broken 1 ]
DIFF  pipe2_04               docker[passed 2 failed 0 broken 0 ] carrick[passed 0 failed 0 broken 1 ]
MATCH poll01                 docker[passed 2 failed 0 broken 0 ] carrick[passed 2 failed 0 broken 0 ]
DIFF  poll02                 docker[passed 3 failed 4 broken 0 ] carrick[passed 7 failed 0 broken 0 ]
DIFF  ppoll01                docker[passed 20 failed 0 broken 0 ] carrick[passed 9 failed 3 broken 1 ]
DIFF  pselect01              docker[passed 2 failed 5 broken 0 ] carrick[passed 7 failed 0 broken 0 ]
DIFF  pselect02              docker[passed 3 failed 0 broken 0 ] carrick[passed 1 failed 0 broken 1 ]
MATCH pselect03              docker[passed 1 failed 0 broken 0 ] carrick[passed 1 failed 0 broken 0 ]
DIFF  select01               docker[passed 16 failed 0 broken 0 ] carrick[passed 0 failed 0 broken 1 ]
DIFF  select02               docker[passed 4 failed 10 broken 0 ] carrick[P7 F0 B0 C0]
DIFF  select03               docker[passed 16 failed 0 broken 0 ] carrick[P4 F1 B0 C0]
MATCH select04               docker[passed 4 failed 0 broken 0 ] carrick[passed 4 failed 0 broken 0 ]
MATCH fcntl02                docker[passed 6 failed 0 broken 0 ] carrick[passed 6 failed 0 broken 0 ]
MATCH fcntl04                docker[passed 1 failed 0 broken 0 ] carrick[passed 1 failed 0 broken 0 ]
DIFF  fcntl05                docker[passed 6 failed 0 broken 0 ] carrick[passed 5 failed 1 broken 0 ]
MATCH fcntl08                docker[passed 1 failed 0 broken 0 ] carrick[passed 1 failed 0 broken 0 ]

######## AREA: TIMERS ########
DIFF  nanosleep01            docker[passed 7 failed 0 broken 0 ] carrick[]
DIFF  nanosleep02            docker[passed 2 failed 0 broken 0 ] carrick[]
MATCH nanosleep04            docker[passed 3 failed 0 broken 0 ] carrick[passed 3 failed 0 broken 0 ]
DIFF  clock_nanosleep01      docker[passed 12 failed 0 broken 0 ] carrick[passed 5 failed 0 broken 1 ]
DIFF  clock_nanosleep02      docker[passed 6 failed 1 broken 0 ] carrick[]
DIFF  clock_nanosleep03      docker[passed 0 failed 0 broken 1 ] carrick[P0 F0 B0 C1]
DIFF  clock_nanosleep04      docker[passed 4 failed 0 broken 0 ] carrick[P3 F1 B0 C0]
DIFF  clock_gettime01        docker[passed 16 failed 0 broken 0 ] carrick[]
MATCH clock_gettime02        docker[passed 10 failed 0 broken 0 ] carrick[passed 10 failed 0 broken 0 ]
DIFF  clock_gettime03        docker[passed 0 failed 0 broken 1 ] carrick[P0 F0 B0 C1]
DIFF  clock_gettime04        docker[passed 6 failed 0 broken 0 ] carrick[]
MATCH clock_getres01         docker[passed 44 failed 0 broken 0 ] carrick[passed 44 failed 0 broken 0 ]
DIFF  clock_settime01        docker[passed 0 failed 2 broken 0 passed 0 failed 2 broken 1 ] carrick[]
DIFF  clock_settime02        docker[passed 0 failed 12 broken 0 passed 0 failed 12 broken 1 ] carrick[passed 11 failed 1 broken 0 passed 11 failed 1 broken 1 ]
DIFF  clock_settime03        docker[passed 0 failed 0 broken 1 passed 0 failed 0 broken 2 ] carrick[]
DIFF  clock_adjtime01        docker[passed 1 failed 9 broken 0 passed 1 failed 9 broken 1 ] carrick[passed 0 failed 10 broken 0 passed 0 failed 10 broken 1 ]
DIFF  clock_adjtime02        docker[passed 4 failed 3 broken 0 passed 4 failed 3 broken 1 ] carrick[passed 0 failed 7 broken 0 passed 0 failed 7 broken 1 ]
DIFF  timer_create01         docker[passed 30 failed 10 broken 0 ] carrick[]
DIFF  timer_create02         docker[passed 5 failed 0 broken 0 ] carrick[passed 4 failed 1 broken 0 ]
DIFF  timer_create03         docker[passed 1 failed 0 broken 0 ] carrick[passed 0 failed 1 broken 0 ]
DIFF  timer_delete01         docker[passed 6 failed 2 broken 0 ] carrick[passed 8 failed 0 broken 1 ]
MATCH timer_delete02         docker[passed 1 failed 0 broken 0 ] carrick[passed 1 failed 0 broken 0 ]
MATCH timer_gettime01        docker[passed 3 failed 0 broken 0 ] carrick[passed 3 failed 0 broken 0 ]
DIFF  timer_settime01        docker[passed 24 failed 8 broken 0 ] carrick[]
DIFF  timer_settime02        docker[passed 36 failed 12 broken 0 ] carrick[passed 24 failed 24 broken 0 ]
DIFF  timer_settime03        docker[passed 1 failed 0 broken 0 ] carrick[]
MATCH timer_getoverrun01     docker[passed 2 failed 0 broken 0 ] carrick[passed 2 failed 0 broken 0 ]
MATCH timerfd_create01       docker[passed 2 failed 0 broken 0 ] carrick[passed 2 failed 0 broken 0 ]
MATCH timerfd_gettime01      docker[passed 3 failed 0 broken 0 ] carrick[passed 3 failed 0 broken 0 ]
DIFF  timerfd_settime01      docker[passed 4 failed 0 broken 0 ] carrick[]
DIFF  timerfd_settime02      docker[passed 1 failed 0 broken 0 ] carrick[]
DIFF  timerfd01              docker[passed 12 failed 0 broken 0 ] carrick[]
MATCH timerfd02              docker[passed 6 failed 0 broken 0 ] carrick[passed 6 failed 0 broken 0 ]
DIFF  timerfd04              docker[passed 0 failed 0 broken 1 ] carrick[P0 F0 B0 C1]
DIFF  setitimer01            docker[passed 18 failed 0 broken 0 ] carrick[]
MATCH setitimer02            docker[passed 3 failed 0 broken 0 ] carrick[passed 3 failed 0 broken 0 ]
MATCH getitimer01            docker[passed 30 failed 0 broken 0 ] carrick[passed 30 failed 0 broken 0 ]
MATCH getitimer02            docker[passed 3 failed 0 broken 0 ] carrick[passed 3 failed 0 broken 0 ]
MATCH alarm02                docker[passed 6 failed 0 broken 0 ] carrick[passed 6 failed 0 broken 0 ]
MATCH alarm03                docker[passed 2 failed 0 broken 0 ] carrick[passed 2 failed 0 broken 0 ]
MATCH alarm05                docker[passed 3 failed 0 broken 0 ] carrick[passed 3 failed 0 broken 0 ]
DIFF  alarm06                docker[passed 2 failed 0 broken 0 ] carrick[]
DIFF  alarm07                docker[passed 2 failed 0 broken 0 ] carrick[]
MATCH gettimeofday01         docker[passed 3 failed 0 broken 0 ] carrick[passed 3 failed 0 broken 0 ]
DIFF  gettimeofday02         docker[passed 1 failed 0 broken 0 ] carrick[]
MATCH time01                 docker[passed 2 failed 0 broken 0 ] carrick[passed 2 failed 0 broken 0 ]
MATCH times01                docker[passed 1 failed 0 broken 0 ] carrick[passed 1 failed 0 broken 0 ]
DIFF  times03                docker[passed 12 failed 0 broken 0 ] carrick[]

######## AREA: SCHED ########
DIFF  sched_getaffinity01    docker[passed 4 failed 0 broken 0 ] carrick[]
MATCH sched_setaffinity01    docker[passed 4 failed 0 broken 0 ] carrick[passed 4 failed 0 broken 0 ]
MATCH sched_yield01          docker[P1 F0 B0 C0] carrick[P1 F0 B0 C0]
DIFF  gettid01               docker[passed 2 failed 0 broken 0 ] carrick[]
MATCH gettid02               docker[passed 11 failed 0 broken 0 ] carrick[passed 11 failed 0 broken 0 ]
MATCH getcpu01               docker[passed 1 failed 0 broken 0 ] carrick[passed 1 failed 0 broken 0 ]
MATCH getcpu02               docker[passed 2 failed 0 broken 0 ] carrick[passed 2 failed 0 broken 0 ]
MATCH futex_wait01           docker[passed 4 failed 0 broken 0 ] carrick[passed 4 failed 0 broken 0 ]
MATCH futex_wait02           docker[passed 1 failed 0 broken 0 ] carrick[passed 1 failed 0 broken 0 ]
MATCH futex_wait03           docker[passed 1 failed 0 broken 0 ] carrick[passed 1 failed 0 broken 0 ]
MATCH futex_wait04           docker[passed 1 failed 0 broken 0 ] carrick[passed 1 failed 0 broken 0 ]
DIFF  futex_wait05           docker[passed 4 failed 3 broken 0 ] carrick[]
MATCH futex_wake01           docker[passed 6 failed 0 broken 0 ] carrick[passed 6 failed 0 broken 0 ]
MATCH futex_wake02           docker[passed 11 failed 0 broken 0 ] carrick[passed 11 failed 0 broken 0 ]
MATCH futex_wake03           docker[passed 11 failed 0 broken 0 ] carrick[passed 11 failed 0 broken 0 ]
DIFF  futex_wake04           docker[P0 F0 B1 C0] carrick[P0 F0 B0 C1]
DIFF  futex_cmp_requeue01    docker[passed 7 failed 0 broken 0 ] carrick[passed 0 failed 0 broken 0 ]
DIFF  futex_wait_bitset01    docker[passed 2 failed 0 broken 0 ] carrick[passed 1 failed 1 broken 0 ]
MATCH clone01                docker[passed 2 failed 0 broken 0 ] carrick[passed 2 failed 0 broken 0 ]
MATCH clone02                docker[P2 F0 B0 C0] carrick[P2 F0 B0 C0]
MATCH clone03                docker[passed 1 failed 0 broken 0 ] carrick[passed 1 failed 0 broken 0 ]
MATCH clone04                docker[passed 1 failed 0 broken 0 ] carrick[passed 1 failed 0 broken 0 ]
DIFF  clone05                docker[passed 1 failed 0 broken 0 ] carrick[passed 0 failed 1 broken 0 ]
MATCH clone06                docker[passed 1 failed 0 broken 0 ] carrick[passed 1 failed 0 broken 0 ]
MATCH clone07                docker[passed 1 failed 0 broken 0 ] carrick[passed 1 failed 0 broken 0 ]
DIFF  clone08                docker[passed 5 failed 0 broken 0 ] carrick[passed 0 failed 1 broken 1 ]
MATCH clone09                docker[passed 0 failed 0 broken 1 ] carrick[passed 0 failed 0 broken 1 ]
DIFF  clone301               docker[passed 0 failed 0 broken 0 ] carrick[passed 5 failed 2 broken 0 ]
DIFF  clone302               docker[passed 1 failed 0 broken 0 ] carrick[passed 6 failed 6 broken 0 ]
DIFF  clone303               docker[passed 0 failed 0 broken 0 ] carrick[passed 0 failed 0 broken 1 ]
MATCH set_tid_address01      docker[P1 F0 B0 C0] carrick[P1 F0 B0 C0]
MATCH sched_get_priority_max01 docker[passed 6 failed 0 broken 0 ] carrick[passed 6 failed 0 broken 0 ]
MATCH sched_get_priority_min01 docker[passed 6 failed 0 broken 0 ] carrick[passed 6 failed 0 broken 0 ]
DIFF  sched_getparam01       docker[passed 4 failed 0 broken 0 ] carrick[P1 F1 B0 C0]
MATCH sched_getscheduler01   docker[passed 2 failed 4 broken 0 ] carrick[passed 2 failed 4 broken 0 ]
DIFF  sched_rr_get_interval01 docker[passed 4 failed 4 broken 0 ] carrick[passed 2 failed 4 broken 0 ]
DIFF  sched_setparam01       docker[passed 2 failed 0 broken 0 ] carrick[]
DIFF  sched_setscheduler01   docker[passed 8 failed 0 broken 0 ] carrick[passed 6 failed 2 broken 0 ]

ALL DONE
